
TestRun "[ts-tacitus] run tests: orta.vscode-jest:TestProvider:ts-tacitus:166 (0)" started
yarn run v1.22.21
$ jest --runInBand --testLocationInResults --json --useStderr --outputFile /var/folders/z3/5d423z657d7fm572qd818jd00000gn/T/jest_runner_ts_tacitus_501_2.json --no-coverage --reporters default --reporters /Users/johnhardy/.cursor/extensions/orta.vscode-jest-6.4.4/out/reporter.js --colors --watchAll=false --testPathPattern /Users/johnhardy/Documents/projects/ts-tacitus/src/test
 FAIL  src/test/lang/immediate-words.test.ts
  ● Test suite failed to run

    src/test/lang/immediate-words.test.ts:10:24 - error TS2459: Module '"../../lang/runtime"' declares 'vm' locally, but it is not exported.

    10 import { setupRuntime, vm as runtimeVM } from '../../lang/runtime';
                              ~~

      src/lang/runtime.ts:15:5
        15 let vm: VM;
               ~~
        'vm' is declared here.
    src/test/lang/immediate-words.test.ts:28:5 - error TS2554: Expected 2 arguments, but got 1.

    28     parse(new Tokenizer('immdup'));
           ~~~~~

      src/lang/parser.ts:42:31
        42 export function parse(vm: VM, tokenizer: Tokenizer): void {
                                         ~~~~~~~~~~~~~~~~~~~~
        An argument for 'tokenizer' was not provided.
    src/test/lang/immediate-words.test.ts:40:5 - error TS2554: Expected 2 arguments, but got 1.

    40     parse(new Tokenizer(': inc1 1 add ;'));
           ~~~~~

      src/lang/parser.ts:42:31
        42 export function parse(vm: VM, tokenizer: Tokenizer): void {
                                         ~~~~~~~~~~~~~~~~~~~~
        An argument for 'tokenizer' was not provided.
    src/test/lang/immediate-words.test.ts:51:5 - error TS2554: Expected 2 arguments, but got 1.

    51     parse(new Tokenizer('inc1!'));
           ~~~~~

      src/lang/parser.ts:42:31
        42 export function parse(vm: VM, tokenizer: Tokenizer): void {
                                         ~~~~~~~~~~~~~~~~~~~~
        An argument for 'tokenizer' was not provided.
    src/test/lang/immediate-words.test.ts:84:18 - error TS2554: Expected 2 arguments, but got 1.

    84     expect(() => parse(new Tokenizer(': stray else ;'))).toThrow('ELSE without IF');
                        ~~~~~

      src/lang/parser.ts:42:31
        42 export function parse(vm: VM, tokenizer: Tokenizer): void {
                                         ~~~~~~~~~~~~~~~~~~~~
        An argument for 'tokenizer' was not provided.

 FAIL  src/test/lang/interpreter.test.ts
  ● Test suite failed to run

    src/test/lang/interpreter.test.ts:75:9 - error TS2554: Expected 2 arguments, but got 1.

    75         execute(vm.compiler.BCP);
               ~~~~~~~

      src/lang/interpreter.ts:43:33
        43 export function execute(vm: VM, start: number): void {
                                           ~~~~~~~~~~~~~
        An argument for 'start' was not provided.

 FAIL  src/test/ops/lists/query/length-size.test.ts
  ● Test suite failed to run

    src/lang/meta/definitions.ts:3:10 - error TS2459: Module '"../runtime"' declares 'vm' locally, but it is not exported.

    3 import { vm } from '../runtime';
               ~~

      src/lang/runtime.ts:15:5
        15 let vm: VM;
               ~~
        'vm' is declared here.

 FAIL  src/test/integration/advanced-operations.test.ts
  ● Test suite failed to run

    src/lang/meta/definitions.ts:3:10 - error TS2459: Module '"../runtime"' declares 'vm' locally, but it is not exported.

    3 import { vm } from '../runtime';
               ~~

      src/lang/runtime.ts:15:5
        15 let vm: VM;
               ~~
        'vm' is declared here.

 FAIL  src/test/ops/access/select-op.test.ts
  ● Test suite failed to run

    src/lang/meta/definitions.ts:3:10 - error TS2459: Module '"../runtime"' declares 'vm' locally, but it is not exported.

    3 import { vm } from '../runtime';
               ~~

      src/lang/runtime.ts:15:5
        15 let vm: VM;
               ~~
        'vm' is declared here.

 FAIL  src/test/lang/parser-symbol.test.ts
  ● Test suite failed to run

    src/lang/meta/definitions.ts:3:10 - error TS2459: Module '"../runtime"' declares 'vm' locally, but it is not exported.

    3 import { vm } from '../runtime';
               ~~

      src/lang/runtime.ts:15:5
        15 let vm: VM;
               ~~
        'vm' is declared here.

 FAIL  src/test/ops/stack/stack-utils.test.ts
  ● Test suite failed to run

    src/lang/meta/definitions.ts:3:10 - error TS2459: Module '"../runtime"' declares 'vm' locally, but it is not exported.

    3 import { vm } from '../runtime';
               ~~

      src/lang/runtime.ts:15:5
        15 let vm: VM;
               ~~
        'vm' is declared here.

 FAIL  src/test/ops/lists/integration/stack-interactions.test.ts
  ● Test suite failed to run

    src/lang/meta/definitions.ts:3:10 - error TS2459: Module '"../runtime"' declares 'vm' locally, but it is not exported.

    3 import { vm } from '../runtime';
               ~~

      src/lang/runtime.ts:15:5
        15 let vm: VM;
               ~~
        'vm' is declared here.

 FAIL  src/test/lang/end-to-end-local-vars.test.ts
  ● Test suite failed to run

    src/lang/meta/definitions.ts:3:10 - error TS2459: Module '"../runtime"' declares 'vm' locally, but it is not exported.

    3 import { vm } from '../runtime';
               ~~

      src/lang/runtime.ts:15:5
        15 let vm: VM;
               ~~
        'vm' is declared here.

 FAIL  src/test/lang/local-vars-error-handling.test.ts
  ● Test suite failed to run

    src/lang/meta/definitions.ts:3:10 - error TS2459: Module '"../runtime"' declares 'vm' locally, but it is not exported.

    3 import { vm } from '../runtime';
               ~~

      src/lang/runtime.ts:15:5
        15 let vm: VM;
               ~~
        'vm' is declared here.

 FAIL  src/test/core/code-ref.test.ts
  ● Test suite failed to run

    src/lang/meta/definitions.ts:3:10 - error TS2459: Module '"../runtime"' declares 'vm' locally, but it is not exported.

    3 import { vm } from '../runtime';
               ~~

      src/lang/runtime.ts:15:5
        15 let vm: VM;
               ~~
        'vm' is declared here.

 FAIL  src/test/ops/print/print-operations.test.ts
  ● Test suite failed to run

    src/lang/meta/definitions.ts:3:10 - error TS2459: Module '"../runtime"' declares 'vm' locally, but it is not exported.

    3 import { vm } from '../runtime';
               ~~

      src/lang/runtime.ts:15:5
        15 let vm: VM;
               ~~
        'vm' is declared here.

 FAIL  src/test/ops/lists/integration/language-integration.test.ts
  ● Test suite failed to run

    src/lang/meta/definitions.ts:3:10 - error TS2459: Module '"../runtime"' declares 'vm' locally, but it is not exported.

    3 import { vm } from '../runtime';
               ~~

      src/lang/runtime.ts:15:5
        15 let vm: VM;
               ~~
        'vm' is declared here.

 FAIL  src/test/tacit-test-utils.test.ts
  ● Test suite failed to run

    src/lang/meta/definitions.ts:3:10 - error TS2459: Module '"../runtime"' declares 'vm' locally, but it is not exported.

    3 import { vm } from '../runtime';
               ~~

      src/lang/runtime.ts:15:5
        15 let vm: VM;
               ~~
        'vm' is declared here.

 FAIL  src/test/integration/basic-operations.test.ts
  ● Test suite failed to run

    src/lang/meta/definitions.ts:3:10 - error TS2459: Module '"../runtime"' declares 'vm' locally, but it is not exported.

    3 import { vm } from '../runtime';
               ~~

      src/lang/runtime.ts:15:5
        15 let vm: VM;
               ~~
        'vm' is declared here.

 FAIL  src/test/ops/lists/structure/concat-basic.test.ts
  ● Test suite failed to run

    src/lang/meta/definitions.ts:3:10 - error TS2459: Module '"../runtime"' declares 'vm' locally, but it is not exported.

    3 import { vm } from '../runtime';
               ~~

      src/lang/runtime.ts:15:5
        15 let vm: VM;
               ~~
        'vm' is declared here.

 FAIL  src/test/lang/local-vars-integration.test.ts
  ● Test suite failed to run

    src/lang/meta/definitions.ts:3:10 - error TS2459: Module '"../runtime"' declares 'vm' locally, but it is not exported.

    3 import { vm } from '../runtime';
               ~~

      src/lang/runtime.ts:15:5
        15 let vm: VM;
               ~~
        'vm' is declared here.

 FAIL  src/test/ops/broadcast/broadcast-helpers.test.ts
  ● Test suite failed to run

    src/lang/meta/definitions.ts:3:10 - error TS2459: Module '"../runtime"' declares 'vm' locally, but it is not exported.

    3 import { vm } from '../runtime';
               ~~

      src/lang/runtime.ts:15:5
        15 let vm: VM;
               ~~
        'vm' is declared here.

 FAIL  src/test/lang/parser-variables.test.ts
  ● Test suite failed to run

    src/lang/meta/definitions.ts:3:10 - error TS2459: Module '"../runtime"' declares 'vm' locally, but it is not exported.

    3 import { vm } from '../runtime';
               ~~

      src/lang/runtime.ts:15:5
        15 let vm: VM;
               ~~
        'vm' is declared here.

 PASS  src/test/ops/strings/digest.test.ts
  Digest
    ✓ should add a string, retrieve it, and report its length (6 ms)
    ✓ should correctly handle an empty string
    ✓ should correctly handle strings with special characters
    ✓ should correctly handle a string with maximum length
    ✓ should throw an error if the string is too long (2 ms)
    ✓ should throw an error if there is not enough space in memory (1 ms)
    ✓ should find an existing string and return -1 for a non-existent string
    ✓ intern should return the same address for duplicates and a different address for new strings
    ✓ should correctly handle adding and retrieving multiple strings
    ✓ should throw an error when reading from an invalid address
    ✓ should correctly report remaining space

 FAIL  src/test/core/vm-pointer-validation.test.ts
  ● Test suite failed to run

    src/lang/meta/definitions.ts:3:10 - error TS2459: Module '"../runtime"' declares 'vm' locally, but it is not exported.

    3 import { vm } from '../runtime';
               ~~

      src/lang/runtime.ts:15:5
        15 let vm: VM;
               ~~
        'vm' is declared here.

 FAIL  src/test/core/list.test.ts
  ● Test suite failed to run

    src/lang/meta/definitions.ts:3:10 - error TS2459: Module '"../runtime"' declares 'vm' locally, but it is not exported.

    3 import { vm } from '../runtime';
               ~~

      src/lang/runtime.ts:15:5
        15 let vm: VM;
               ~~
        'vm' is declared here.

 FAIL  src/test/lang/case-control-flow.test.ts
  ● Test suite failed to run

    src/test/lang/case-control-flow.test.ts:97:18 - error TS2554: Expected 2 arguments, but got 1.

    97     expect(() => parse(new Tokenizer('1 of 2 ;'))).toThrow("'of' without open case");
                        ~~~~~

      src/lang/parser.ts:42:31
        42 export function parse(vm: VM, tokenizer: Tokenizer): void {
                                         ~~~~~~~~~~~~~~~~~~~~
        An argument for 'tokenizer' was not provided.
    src/test/lang/case-control-flow.test.ts:102:7 - error TS2554: Expected 2 arguments, but got 1.

    102       parse(new Tokenizer('1 case 1 of 2 ;'));
              ~~~~~

      src/lang/parser.ts:42:31
        42 export function parse(vm: VM, tokenizer: Tokenizer): void {
                                         ~~~~~~~~~~~~~~~~~~~~
        An argument for 'tokenizer' was not provided.

 FAIL  src/test/ops/comparison/comparison.test.ts
  ● Test suite failed to run

    src/lang/meta/definitions.ts:3:10 - error TS2459: Module '"../runtime"' declares 'vm' locally, but it is not exported.

    3 import { vm } from '../runtime';
               ~~

      src/lang/runtime.ts:15:5
        15 let vm: VM;
               ~~
        'vm' is declared here.

 FAIL  src/test/lang/ref-sigil.test.ts
  ● Test suite failed to run

    src/lang/meta/definitions.ts:3:10 - error TS2459: Module '"../runtime"' declares 'vm' locally, but it is not exported.

    3 import { vm } from '../runtime';
               ~~

      src/lang/runtime.ts:15:5
        15 let vm: VM;
               ~~
        'vm' is declared here.

 FAIL  src/test/ops/lists/build/pack-unpack.unified.test.ts
  ● Test suite failed to run

    src/lang/meta/definitions.ts:3:10 - error TS2459: Module '"../runtime"' declares 'vm' locally, but it is not exported.

    3 import { vm } from '../runtime';
               ~~

      src/lang/runtime.ts:15:5
        15 let vm: VM;
               ~~
        'vm' is declared here.

 FAIL  src/test/ops/lists/build/list-creation.test.ts
  ● Test suite failed to run

    src/lang/meta/definitions.ts:3:10 - error TS2459: Module '"../runtime"' declares 'vm' locally, but it is not exported.

    3 import { vm } from '../runtime';
               ~~

      src/lang/runtime.ts:15:5
        15 let vm: VM;
               ~~
        'vm' is declared here.

 FAIL  src/test/ops/broadcast/negate-broadcast.test.ts
  ● Test suite failed to run

    src/lang/meta/definitions.ts:3:10 - error TS2459: Module '"../runtime"' declares 'vm' locally, but it is not exported.

    3 import { vm } from '../runtime';
               ~~

      src/lang/runtime.ts:15:5
        15 let vm: VM;
               ~~
        'vm' is declared here.

 FAIL  src/test/lang/when-do-control-flow.test.ts
  ● Test suite failed to run

    src/test/lang/when-do-control-flow.test.ts:79:18 - error TS2554: Expected 2 arguments, but got 1.

    79     expect(() => parse(new Tokenizer('do ;'))).toThrow('do without when');
                        ~~~~~

      src/lang/parser.ts:42:31
        42 export function parse(vm: VM, tokenizer: Tokenizer): void {
                                         ~~~~~~~~~~~~~~~~~~~~
        An argument for 'tokenizer' was not provided.
    src/test/lang/when-do-control-flow.test.ts:84:7 - error TS2554: Expected 2 arguments, but got 1.

    84       parse(new Tokenizer('when dup 0 eq do drop 1 ;'));
             ~~~~~

      src/lang/parser.ts:42:31
        42 export function parse(vm: VM, tokenizer: Tokenizer): void {
                                         ~~~~~~~~~~~~~~~~~~~~
        An argument for 'tokenizer' was not provided.

 FAIL  src/test/core/vm.test.ts
  ● Test suite failed to run

    src/lang/meta/definitions.ts:3:10 - error TS2459: Module '"../runtime"' declares 'vm' locally, but it is not exported.

    3 import { vm } from '../runtime';
               ~~

      src/lang/runtime.ts:15:5
        15 let vm: VM;
               ~~
        'vm' is declared here.

 FAIL  src/test/cli/cli.test.ts
  ● Test suite failed to run

    src/lang/meta/definitions.ts:3:10 - error TS2459: Module '"../runtime"' declares 'vm' locally, but it is not exported.

    3 import { vm } from '../runtime';
               ~~

      src/lang/runtime.ts:15:5
        15 let vm: VM;
               ~~
        'vm' is declared here.

 FAIL  src/test/stack/find.test.ts
  ● Test suite failed to run

    src/lang/meta/definitions.ts:3:10 - error TS2459: Module '"../runtime"' declares 'vm' locally, but it is not exported.

    3 import { vm } from '../runtime';
               ~~

      src/lang/runtime.ts:15:5
        15 let vm: VM;
               ~~
        'vm' is declared here.

 FAIL  src/test/ops/lists/query/find-maplist-basic.test.ts
  ● Test suite failed to run

    src/lang/meta/definitions.ts:3:10 - error TS2459: Module '"../runtime"' declares 'vm' locally, but it is not exported.

    3 import { vm } from '../runtime';
               ~~

      src/lang/runtime.ts:15:5
        15 let vm: VM;
               ~~
        'vm' is declared here.

 FAIL  src/test/lang/tokenizer.test.ts
  ● Test suite failed to run

    src/lang/meta/definitions.ts:3:10 - error TS2459: Module '"../runtime"' declares 'vm' locally, but it is not exported.

    3 import { vm } from '../runtime';
               ~~

      src/lang/runtime.ts:15:5
        15 let vm: VM;
               ~~
        'vm' is declared here.

 FAIL  src/test/lang/state.test.ts
  parser state helpers
    ✕ setParserState controls getParserState (7 ms)
    ✕ requireParserState returns active state (3 ms)
    ✕ requireParserState throws when state missing (1 ms)

  ● parser state helpers › setParserState controls getParserState





  ● parser state helpers › requireParserState returns active state





  ● parser state helpers › requireParserState throws when state missing





 FAIL  src/test/ops/access/select-helper-functions.test.ts
  ● Test suite failed to run

    src/lang/meta/definitions.ts:3:10 - error TS2459: Module '"../runtime"' declares 'vm' locally, but it is not exported.

    3 import { vm } from '../runtime';
               ~~

      src/lang/runtime.ts:15:5
        15 let vm: VM;
               ~~
        'vm' is declared here.

 FAIL  src/test/lang/compiler-functions.test.ts
  ● Test suite failed to run

    src/lang/meta/definitions.ts:3:10 - error TS2459: Module '"../runtime"' declares 'vm' locally, but it is not exported.

    3 import { vm } from '../runtime';
               ~~

      src/lang/runtime.ts:15:5
        15 let vm: VM;
               ~~
        'vm' is declared here.

 FAIL  src/test/ops/lists/query/fetch-store.test.ts
  ● Test suite failed to run

    src/lang/meta/definitions.ts:3:10 - error TS2459: Module '"../runtime"' declares 'vm' locally, but it is not exported.

    3 import { vm } from '../runtime';
               ~~

      src/lang/runtime.ts:15:5
        15 let vm: VM;
               ~~
        'vm' is declared here.

 FAIL  src/test/ops/lists/query/addressing-slot-elem.test.ts
  ● Test suite failed to run

    src/lang/meta/definitions.ts:3:10 - error TS2459: Module '"../runtime"' declares 'vm' locally, but it is not exported.

    3 import { vm } from '../runtime';
               ~~

      src/lang/runtime.ts:15:5
        15 let vm: VM;
               ~~
        'vm' is declared here.

 FAIL  src/test/ops/broadcast/binary-recursive.test.ts
  ● Test suite failed to run

    src/lang/meta/definitions.ts:3:10 - error TS2459: Module '"../runtime"' declares 'vm' locally, but it is not exported.

    3 import { vm } from '../runtime';
               ~~

      src/lang/runtime.ts:15:5
        15 let vm: VM;
               ~~
        'vm' is declared here.

 FAIL  src/test/stack/slots.test.ts
  ● Test suite failed to run

    src/lang/meta/definitions.ts:3:10 - error TS2459: Module '"../runtime"' declares 'vm' locally, but it is not exported.

    3 import { vm } from '../runtime';
               ~~

      src/lang/runtime.ts:15:5
        15 let vm: VM;
               ~~
        'vm' is declared here.

 FAIL  src/test/ops/lists/query/walk.test.ts
  ● Test suite failed to run

    src/lang/meta/definitions.ts:3:10 - error TS2459: Module '"../runtime"' declares 'vm' locally, but it is not exported.

    3 import { vm } from '../runtime';
               ~~

      src/lang/runtime.ts:15:5
        15 let vm: VM;
               ~~
        'vm' is declared here.

 FAIL  src/test/ops/lists/build/pack-unpack.test.ts
  ● Test suite failed to run

    src/lang/meta/definitions.ts:3:10 - error TS2459: Module '"../runtime"' declares 'vm' locally, but it is not exported.

    3 import { vm } from '../runtime';
               ~~

      src/lang/runtime.ts:15:5
        15 let vm: VM;
               ~~
        'vm' is declared here.

 FAIL  src/test/ops/broadcast/add-broadcast-flat.test.ts
  ● Test suite failed to run

    src/lang/meta/definitions.ts:3:10 - error TS2459: Module '"../runtime"' declares 'vm' locally, but it is not exported.

    3 import { vm } from '../runtime';
               ~~

      src/lang/runtime.ts:15:5
        15 let vm: VM;
               ~~
        'vm' is declared here.

 FAIL  src/test/core/vm-constructor.test.ts
  ● Test suite failed to run

    src/lang/meta/definitions.ts:3:10 - error TS2459: Module '"../runtime"' declares 'vm' locally, but it is not exported.

    3 import { vm } from '../runtime';
               ~~

      src/lang/runtime.ts:15:5
        15 let vm: VM;
               ~~
        'vm' is declared here.

 FAIL  src/test/repl/list-repl.test.ts
  ● Test suite failed to run

    src/lang/meta/definitions.ts:3:10 - error TS2459: Module '"../runtime"' declares 'vm' locally, but it is not exported.

    3 import { vm } from '../runtime';
               ~~

      src/lang/runtime.ts:15:5
        15 let vm: VM;
               ~~
        'vm' is declared here.

 FAIL  src/test/core/printer.test.ts
  ● Test suite failed to run

    src/lang/meta/definitions.ts:3:10 - error TS2459: Module '"../runtime"' declares 'vm' locally, but it is not exported.

    3 import { vm } from '../runtime';
               ~~

      src/lang/runtime.ts:15:5
        15 let vm: VM;
               ~~
        'vm' is declared here.

 FAIL  src/test/core/memory.test.ts
  ● Test suite failed to run

    src/lang/meta/definitions.ts:3:10 - error TS2459: Module '"../runtime"' declares 'vm' locally, but it is not exported.

    3 import { vm } from '../runtime';
               ~~

      src/lang/runtime.ts:15:5
        15 let vm: VM;
               ~~
        'vm' is declared here.

 FAIL  src/test/lang/clean-exit-test.test.ts
  ● Test suite failed to run

    src/lang/meta/definitions.ts:3:10 - error TS2459: Module '"../runtime"' declares 'vm' locally, but it is not exported.

    3 import { vm } from '../runtime';
               ~~

      src/lang/runtime.ts:15:5
        15 let vm: VM;
               ~~
        'vm' is declared here.

 FAIL  src/test/ops/lists/build/open-close-parser-integration.test.ts
  ● Test suite failed to run

    src/lang/meta/definitions.ts:3:10 - error TS2459: Module '"../runtime"' declares 'vm' locally, but it is not exported.

    3 import { vm } from '../runtime';
               ~~

      src/lang/runtime.ts:15:5
        15 let vm: VM;
               ~~
        'vm' is declared here.

 FAIL  src/test/core/tagged-local.test.ts
  ● Test suite failed to run

    src/lang/meta/definitions.ts:3:10 - error TS2459: Module '"../runtime"' declares 'vm' locally, but it is not exported.

    3 import { vm } from '../runtime';
               ~~

      src/lang/runtime.ts:15:5
        15 let vm: VM;
               ~~
        'vm' is declared here.

 PASS  src/test/ops/strings/string.test.ts
  stringCreate
    ✓ should create a tagged string with Tag.STRING (1 ms)
    ✓ should create distinct tagged strings for multiple calls (1 ms)
    ✓ should handle empty strings correctly
    ✓ should throw an error if the string exceeds maximum length (2 ms)
    ✓ should correctly store multiple strings in sequence (1 ms)
    ✓ should report the correct length for a non-empty string
    ✓ should report the correct length for an empty string

 FAIL  src/test/lang/executor.test.ts
  ● Test suite failed to run

    src/lang/parser.ts:94:7 - error TS2304: Cannot find name 'vm'.

    94   if (vm.listDepth !== 0) {
             ~~
    src/lang/parser.ts:95:65 - error TS2304: Cannot find name 'vm'.

    95     throw new SyntaxError('Unclosed list or LIST', getStackData(vm));
                                                                       ~~
    src/lang/parser.ts:176:23 - error TS2304: Cannot find name 'vm'.

    176   const tval = lookup(vm, value);
                              ~~
    src/lang/parser.ts:178:54 - error TS2304: Cannot find name 'vm'.

    178     throw new UndefinedWordError(value, getStackData(vm));
                                                             ~~
    src/lang/parser.ts:193:5 - error TS2304: Cannot find name 'vm'.

    193     vm.compiler.compileUserWordCall(tagValue);
            ~~
    src/lang/parser.ts:198:5 - error TS2304: Cannot find name 'vm'.

    198     vm.compiler.compileOpcode(tagValue);
            ~~
    src/lang/parser.ts:203:5 - error TS2304: Cannot find name 'vm'.

    203     vm.compiler.compileOpcode(Op.VarRef);
            ~~
    src/lang/parser.ts:204:5 - error TS2304: Cannot find name 'vm'.

    204     vm.compiler.compile16(tagValue);
            ~~
    src/lang/parser.ts:205:5 - error TS2304: Cannot find name 'vm'.

    205     vm.compiler.compileOpcode(Op.Load);
            ~~
    src/lang/parser.ts:210:7 - error TS2304: Cannot find name 'vm'.

    210       vm.compiler.compileOpcode(Op.Select);
              ~~
    src/lang/parser.ts:211:7 - error TS2304: Cannot find name 'vm'.

    211       vm.compiler.compileOpcode(Op.Load);
              ~~
    src/lang/parser.ts:212:7 - error TS2304: Cannot find name 'vm'.

    212       vm.compiler.compileOpcode(Op.Nip);
              ~~
    src/lang/parser.ts:221:56 - error TS2304: Cannot find name 'vm'.

    221       throw new UndefinedWordError(value, getStackData(vm));
                                                               ~~
    src/lang/parser.ts:224:5 - error TS2304: Cannot find name 'vm'.

    224     vm.compiler.compileOpcode(Op.LiteralNumber);
            ~~
    src/lang/parser.ts:225:5 - error TS2304: Cannot find name 'vm'.

    225     vm.compiler.compileFloat32(entryValue);
            ~~
    src/lang/parser.ts:230:7 - error TS2304: Cannot find name 'vm'.

    230       vm.compiler.compileOpcode(Op.Select);
              ~~
    src/lang/parser.ts:231:7 - error TS2304: Cannot find name 'vm'.

    231       vm.compiler.compileOpcode(Op.Load);
              ~~
    src/lang/parser.ts:232:7 - error TS2304: Cannot find name 'vm'.

    232       vm.compiler.compileOpcode(Op.Nip);
              ~~
    src/lang/parser.ts:235:7 - error TS2304: Cannot find name 'vm'.

    235       vm.compiler.compileOpcode(Op.Load);
              ~~
    src/lang/parser.ts:237:7 - error TS2304: Cannot find name 'vm'.

    237       vm.compiler.compileOpcode(Op.Load);
              ~~
    src/lang/parser.ts:242:52 - error TS2304: Cannot find name 'vm'.

    242   throw new UndefinedWordError(value, getStackData(vm));
                                                           ~~
    src/lang/parser.ts:260:3 - error TS2304: Cannot find name 'vm'.

    260   vm.compiler.compileOpcode(Op.LiteralString);
          ~~
    src/lang/parser.ts:261:25 - error TS2304: Cannot find name 'vm'.

    261   const stringAddress = vm.digest.add(symbolName);
                                ~~
    src/lang/parser.ts:262:3 - error TS2304: Cannot find name 'vm'.

    262   vm.compiler.compile16(stringAddress);
          ~~
    src/lang/parser.ts:264:3 - error TS2304: Cannot find name 'vm'.

    264   vm.compiler.compileOpcode(Op.PushSymbolRef);
          ~~
    src/lang/parser.ts:278:23 - error TS2304: Cannot find name 'vm'.

    278   const tval = lookup(vm, varName);
                              ~~
    src/lang/parser.ts:280:56 - error TS2304: Cannot find name 'vm'.

    280     throw new UndefinedWordError(varName, getStackData(vm));
                                                               ~~
    src/lang/parser.ts:288:7 - error TS2304: Cannot find name 'vm'.

    288       vm.compiler.compileOpcode(Op.VarRef);
              ~~
    src/lang/parser.ts:289:7 - error TS2304: Cannot find name 'vm'.

    289       vm.compiler.compile16(slotNumber);
              ~~
    src/lang/parser.ts:290:7 - error TS2304: Cannot find name 'vm'.

    290       vm.compiler.compileOpcode(Op.Fetch);
              ~~
    src/lang/parser.ts:297:7 - error TS2304: Cannot find name 'vm'.

    297       vm.compiler.compileOpcode(Op.LiteralNumber);
              ~~
    src/lang/parser.ts:298:7 - error TS2304: Cannot find name 'vm'.

    298       vm.compiler.compileFloat32(tval);
              ~~
    src/lang/parser.ts:299:7 - error TS2304: Cannot find name 'vm'.

    299       vm.compiler.compileOpcode(Op.Fetch);
              ~~
    src/lang/parser.ts:307:5 - error TS2304: Cannot find name 'vm'.

    307     vm.compiler.compileOpcode(Op.LiteralNumber);
            ~~
    src/lang/parser.ts:308:5 - error TS2304: Cannot find name 'vm'.

    308     vm.compiler.compileFloat32(tval);
            ~~
    src/lang/parser.ts:327:20 - error TS2304: Cannot find name 'vm'.

    327       getStackData(vm),
                           ~~
    src/lang/parser.ts:333:76 - error TS2304: Cannot find name 'vm'.

    333     throw new SyntaxError('Expected variable name after var', getStackData(vm));
                                                                                   ~~
    src/lang/parser.ts:344:76 - error TS2304: Cannot find name 'vm'.

    344     throw new SyntaxError('Expected variable name after var', getStackData(vm));
                                                                                   ~~
    src/lang/parser.ts:347:3 - error TS2304: Cannot find name 'vm'.

    347   vm.compiler.emitReserveIfNeeded();
          ~~
    src/lang/parser.ts:349:15 - error TS2304: Cannot find name 'vm'.

    349   defineLocal(vm, varName);
                      ~~
    src/lang/parser.ts:350:22 - error TS2304: Cannot find name 'vm'.

    350   const slotNumber = vm.localCount - 1;
                             ~~
    src/lang/parser.ts:352:3 - error TS2304: Cannot find name 'vm'.

    352   vm.compiler.compileOpcode(Op.InitVar);
          ~~
    src/lang/parser.ts:353:3 - error TS2304: Cannot find name 'vm'.

    353   vm.compiler.compile16(slotNumber);
          ~~
    src/lang/parser.ts:377:75 - error TS2304: Cannot find name 'vm'.

    377     throw new SyntaxError('Expected variable name after ->', getStackData(vm));
                                                                                  ~~
    src/lang/parser.ts:388:75 - error TS2304: Cannot find name 'vm'.

    388     throw new SyntaxError('Expected variable name after ->', getStackData(vm));
                                                                                  ~~
    src/lang/parser.ts:391:23 - error TS2304: Cannot find name 'vm'.

    391   const tval = lookup(vm, varName);
                              ~~
    src/lang/parser.ts:402:7 - error TS2304: Cannot find name 'vm'.

    402       vm.compiler.compileOpcode(Op.VarRef);
              ~~
    src/lang/parser.ts:403:7 - error TS2304: Cannot find name 'vm'.

    403       vm.compiler.compile16(slotNumber);
              ~~
    src/lang/parser.ts:404:7 - error TS2304: Cannot find name 'vm'.

    404       vm.compiler.compileOpcode(Op.Fetch);
              ~~
    src/lang/parser.ts:407:7 - error TS2304: Cannot find name 'vm'.

    407       vm.compiler.compileOpcode(Op.Select);
              ~~
    src/lang/parser.ts:408:7 - error TS2304: Cannot find name 'vm'.

    408       vm.compiler.compileOpcode(Op.Nip);
              ~~
    src/lang/parser.ts:409:7 - error TS2304: Cannot find name 'vm'.

    409       vm.compiler.compileOpcode(Op.Store);
              ~~
    src/lang/parser.ts:416:5 - error TS2304: Cannot find name 'vm'.

    416     vm.compiler.compileOpcode(Op.VarRef);
            ~~
    src/lang/parser.ts:417:5 - error TS2304: Cannot find name 'vm'.

    417     vm.compiler.compile16(slotNumber);
            ~~
    src/lang/parser.ts:418:5 - error TS2304: Cannot find name 'vm'.

    418     vm.compiler.compileOpcode(Op.Store);
            ~~
    src/lang/parser.ts:425:22 - error TS2304: Cannot find name 'vm'.

    425         getStackData(vm),
                             ~~
    src/lang/parser.ts:430:7 - error TS2304: Cannot find name 'vm'.

    430       vm.compiler.compileOpcode(Op.LiteralNumber);
              ~~
    src/lang/parser.ts:431:7 - error TS2304: Cannot find name 'vm'.

    431       vm.compiler.compileFloat32(tval);
              ~~
    src/lang/parser.ts:432:7 - error TS2304: Cannot find name 'vm'.

    432       vm.compiler.compileOpcode(Op.Fetch);
              ~~
    src/lang/parser.ts:434:7 - error TS2304: Cannot find name 'vm'.

    434       vm.compiler.compileOpcode(Op.Select);
              ~~
    src/lang/parser.ts:435:7 - error TS2304: Cannot find name 'vm'.

    435       vm.compiler.compileOpcode(Op.Nip);
              ~~
    src/lang/parser.ts:436:7 - error TS2304: Cannot find name 'vm'.

    436       vm.compiler.compileOpcode(Op.Store);
              ~~
    src/lang/parser.ts:441:5 - error TS2304: Cannot find name 'vm'.

    441     vm.compiler.compileOpcode(Op.LiteralNumber);
            ~~
    src/lang/parser.ts:442:5 - error TS2304: Cannot find name 'vm'.

    442     vm.compiler.compileFloat32(tval);
            ~~
    src/lang/parser.ts:443:5 - error TS2304: Cannot find name 'vm'.

    443     vm.compiler.compileOpcode(Op.Store);
            ~~
    src/lang/parser.ts:449:18 - error TS2304: Cannot find name 'vm'.

    449     getStackData(vm),
                         ~~
    src/lang/parser.ts:470:20 - error TS2304: Cannot find name 'vm'.

    470       getStackData(vm),
                           ~~
    src/lang/parser.ts:476:75 - error TS2304: Cannot find name 'vm'.

    476     throw new SyntaxError('Expected variable name after +>', getStackData(vm));
                                                                                  ~~
    src/lang/parser.ts:481:23 - error TS2304: Cannot find name 'vm'.

    481   const tval = lookup(vm, varName);
                              ~~
    src/lang/parser.ts:495:5 - error TS2304: Cannot find name 'vm'.

    495     vm.compiler.compileOpcode(Op.VarRef);
            ~~
    src/lang/parser.ts:496:5 - error TS2304: Cannot find name 'vm'.

    496     vm.compiler.compile16(slotNumber);
            ~~
    src/lang/parser.ts:497:5 - error TS2304: Cannot find name 'vm'.

    497     vm.compiler.compileOpcode(Op.Fetch);
            ~~
    src/lang/parser.ts:499:5 - error TS2304: Cannot find name 'vm'.

    499     vm.compiler.compileOpcode(Op.Select);
            ~~
    src/lang/parser.ts:500:5 - error TS2304: Cannot find name 'vm'.

    500     vm.compiler.compileOpcode(Op.Nip);
            ~~
    src/lang/parser.ts:503:5 - error TS2304: Cannot find name 'vm'.

    503     vm.compiler.compileOpcode(Op.Swap);
            ~~
    src/lang/parser.ts:504:5 - error TS2304: Cannot find name 'vm'.

    504     vm.compiler.compileOpcode(Op.Over);
            ~~
    src/lang/parser.ts:505:5 - error TS2304: Cannot find name 'vm'.

    505     vm.compiler.compileOpcode(Op.Fetch);
            ~~
    src/lang/parser.ts:506:5 - error TS2304: Cannot find name 'vm'.

    506     vm.compiler.compileOpcode(Op.Add);
            ~~
    src/lang/parser.ts:507:5 - error TS2304: Cannot find name 'vm'.

    507     vm.compiler.compileOpcode(Op.Swap);
            ~~
    src/lang/parser.ts:508:5 - error TS2304: Cannot find name 'vm'.

    508     vm.compiler.compileOpcode(Op.Store);
            ~~
    src/lang/parser.ts:517:3 - error TS2304: Cannot find name 'vm'.

    517   vm.compiler.compileOpcode(Op.VarRef);
          ~~
    src/lang/parser.ts:518:3 - error TS2304: Cannot find name 'vm'.

    518   vm.compiler.compile16(slotNumber); // [..., inc, addr]
          ~~
    src/lang/parser.ts:519:3 - error TS2304: Cannot find name 'vm'.

    519   vm.compiler.compileOpcode(Op.Swap); // [..., addr, inc]
          ~~
    src/lang/parser.ts:520:3 - error TS2304: Cannot find name 'vm'.

    520   vm.compiler.compileOpcode(Op.Over); // [..., addr, inc, addr]
          ~~
    src/lang/parser.ts:521:3 - error TS2304: Cannot find name 'vm'.

    521   vm.compiler.compileOpcode(Op.Fetch); // [..., addr, inc, value]
          ~~
    src/lang/parser.ts:522:3 - error TS2304: Cannot find name 'vm'.

    522   vm.compiler.compileOpcode(Op.Add); // [..., addr, sum]
          ~~
    src/lang/parser.ts:523:3 - error TS2304: Cannot find name 'vm'.

    523   vm.compiler.compileOpcode(Op.Swap); // [..., sum, addr]
          ~~
    src/lang/parser.ts:524:3 - error TS2304: Cannot find name 'vm'.

    524   vm.compiler.compileOpcode(Op.Store); // []
          ~~
    src/lang/parser.ts:533:3 - error TS2304: Cannot find name 'vm'.

    533   vm.compiler.compileOpcode(Op.OpenList);
          ~~
    src/lang/parser.ts:549:20 - error TS2304: Cannot find name 'vm'.

    549       getStackData(vm),
                           ~~
    src/lang/parser.ts:552:3 - error TS2304: Cannot find name 'vm'.

    552   vm.compiler.compileOpcode(Op.CloseList);
          ~~
    src/lang/parser.ts:579:5 - error TS2304: Cannot find name 'vm'.

    579     vm.compiler.compileOpcode(Op.Select);
            ~~
    src/lang/parser.ts:580:5 - error TS2304: Cannot find name 'vm'.

    580     vm.compiler.compileOpcode(Op.Load);
            ~~
    src/lang/parser.ts:581:5 - error TS2304: Cannot find name 'vm'.

    581     vm.compiler.compileOpcode(Op.Nip);
            ~~
    src/lang/parser.ts:618:3 - error TS2304: Cannot find name 'vm'.

    618   vm.listDepth++;
          ~~
    src/lang/parser.ts:619:3 - error TS2304: Cannot find name 'vm'.

    619   vm.compiler.compileOpcode(Op.OpenList);
          ~~
    src/lang/parser.ts:627:7 - error TS2304: Cannot find name 'vm'.

    627   if (vm.listDepth <= 0) {
              ~~
    src/lang/parser.ts:628:74 - error TS2304: Cannot find name 'vm'.

    628     throw new SyntaxError('Unexpected closing parenthesis', getStackData(vm));
                                                                                 ~~
    src/lang/parser.ts:631:3 - error TS2304: Cannot find name 'vm'.

    631   vm.compiler.compileOpcode(Op.CloseList);
          ~~
    src/lang/parser.ts:632:3 - error TS2304: Cannot find name 'vm'.

    632   vm.listDepth--;
          ~~

 FAIL  src/test/core/tagged-meta.test.ts
  ● Test suite failed to run

    src/lang/meta/definitions.ts:3:10 - error TS2459: Module '"../runtime"' declares 'vm' locally, but it is not exported.

    3 import { vm } from '../runtime';
               ~~

      src/lang/runtime.ts:15:5
        15 let vm: VM;
               ~~
        'vm' is declared here.

 FAIL  src/test/core/refs.absolute-helpers.test.ts
  ● Test suite failed to run

    src/lang/meta/definitions.ts:3:10 - error TS2459: Module '"../runtime"' declares 'vm' locally, but it is not exported.

    3 import { vm } from '../runtime';
               ~~

      src/lang/runtime.ts:15:5
        15 let vm: VM;
               ~~
        'vm' is declared here.

 FAIL  src/test/core/units.test.ts
  ● Test suite failed to run

    src/lang/meta/definitions.ts:3:10 - error TS2459: Module '"../runtime"' declares 'vm' locally, but it is not exported.

    3 import { vm } from '../runtime';
               ~~

      src/lang/runtime.ts:15:5
        15 let vm: VM;
               ~~
        'vm' is declared here.

 FAIL  src/test/core/utils.test.ts
  ● Test suite failed to run

    src/lang/meta/definitions.ts:3:10 - error TS2459: Module '"../runtime"' declares 'vm' locally, but it is not exported.

    3 import { vm } from '../runtime';
               ~~

      src/lang/runtime.ts:15:5
        15 let vm: VM;
               ~~
        'vm' is declared here.

 FAIL  src/test/core/tagged.test.ts
  ● Test suite failed to run

    src/lang/meta/definitions.ts:3:10 - error TS2459: Module '"../runtime"' declares 'vm' locally, but it is not exported.

    3 import { vm } from '../runtime';
               ~~

      src/lang/runtime.ts:15:5
        15 let vm: VM;
               ~~
        'vm' is declared here.

 FAIL  src/test/lang/tokenizer-symbol.test.ts
  ● Test suite failed to run

    src/lang/meta/definitions.ts:3:10 - error TS2459: Module '"../runtime"' declares 'vm' locally, but it is not exported.

    3 import { vm } from '../runtime';
               ~~

      src/lang/runtime.ts:15:5
        15 let vm: VM;
               ~~
        'vm' is declared here.

 FAIL  src/test/lang/repl.test.ts
  ● Test suite failed to run

    src/lang/meta/definitions.ts:3:10 - error TS2459: Module '"../runtime"' declares 'vm' locally, but it is not exported.

    3 import { vm } from '../runtime';
               ~~

      src/lang/runtime.ts:15:5
        15 let vm: VM;
               ~~
        'vm' is declared here.

 FAIL  src/test/lang/file-processor.test.ts
  ● Test suite failed to run

    src/lang/meta/definitions.ts:3:10 - error TS2459: Module '"../runtime"' declares 'vm' locally, but it is not exported.

    3 import { vm } from '../runtime';
               ~~

      src/lang/runtime.ts:15:5
        15 let vm: VM;
               ~~
        'vm' is declared here.

 FAIL  src/test/ops/lists/query/keys-values.coverage.test.ts
  ● Test suite failed to run

    src/lang/meta/definitions.ts:3:10 - error TS2459: Module '"../runtime"' declares 'vm' locally, but it is not exported.

    3 import { vm } from '../runtime';
               ~~

      src/lang/runtime.ts:15:5
        15 let vm: VM;
               ~~
        'vm' is declared here.

 FAIL  src/test/core/builtin-tag.test.ts
  ● Test suite failed to run

    src/lang/meta/definitions.ts:3:10 - error TS2459: Module '"../runtime"' declares 'vm' locally, but it is not exported.

    3 import { vm } from '../runtime';
               ~~

      src/lang/runtime.ts:15:5
        15 let vm: VM;
               ~~
        'vm' is declared here.

 FAIL  src/test/lang/literals.test.ts
  literal emission helpers
    ✕ emitNumber compiles numeric literal opcodes (4 ms)
    ✕ emitString interns the string and compiles address (1 ms)

  ● literal emission helpers › emitNumber compiles numeric literal opcodes





  ● literal emission helpers › emitString interns the string and compiles address





 FAIL  src/test/ops/lists/query/ref-op.coverage.test.ts
  ● Test suite failed to run

    src/lang/meta/definitions.ts:3:10 - error TS2459: Module '"../runtime"' declares 'vm' locally, but it is not exported.

    3 import { vm } from '../runtime';
               ~~

      src/lang/runtime.ts:15:5
        15 let vm: VM;
               ~~
        'vm' is declared here.

 FAIL  src/test/ops/lists/query/find-default.coverage.test.ts
  ● Test suite failed to run

    src/lang/meta/definitions.ts:3:10 - error TS2459: Module '"../runtime"' declares 'vm' locally, but it is not exported.

    3 import { vm } from '../runtime';
               ~~

      src/lang/runtime.ts:15:5
        15 let vm: VM;
               ~~
        'vm' is declared here.

 PASS  src/test/lang/compiler-hooks.test.ts
  compiler-hooks
    ✓ invokes the registered handler (3 ms)
    ✓ throws when no handler is registered (2 ms)

 FAIL  src/test/lang/repl.coverage.test.ts
  ● Test suite failed to run

    src/lang/meta/definitions.ts:3:10 - error TS2459: Module '"../runtime"' declares 'vm' locally, but it is not exported.

    3 import { vm } from '../runtime';
               ~~

      src/lang/runtime.ts:15:5
        15 let vm: VM;
               ~~
        'vm' is declared here.

 FAIL  src/test/ops/lists/structure/reverse.test.ts
  ● Test suite failed to run

    src/lang/meta/definitions.ts:3:10 - error TS2459: Module '"../runtime"' declares 'vm' locally, but it is not exported.

    3 import { vm } from '../runtime';
               ~~

      src/lang/runtime.ts:15:5
        15 let vm: VM;
               ~~
        'vm' is declared here.

 FAIL  src/test/ops/lists/structure/head-tail-uncons.test.ts
  ● Test suite failed to run

    src/lang/meta/definitions.ts:3:10 - error TS2459: Module '"../runtime"' declares 'vm' locally, but it is not exported.

    3 import { vm } from '../runtime';
               ~~

      src/lang/runtime.ts:15:5
        15 let vm: VM;
               ~~
        'vm' is declared here.

 FAIL  src/test/ops/lists/structure/concat-polymorphic.test.ts
  ● Test suite failed to run

    src/lang/meta/definitions.ts:3:10 - error TS2459: Module '"../runtime"' declares 'vm' locally, but it is not exported.

    3 import { vm } from '../runtime';
               ~~

      src/lang/runtime.ts:15:5
        15 let vm: VM;
               ~~
        'vm' is declared here.

 FAIL  src/test/lang/capsules/capsule-registration.test.ts
  ● Test suite failed to run

    src/test/lang/capsules/capsule-registration.test.ts:3:10 - error TS2305: Module '"../../utils/vm-test-utils"' has no exported member 'vm'.

    3 import { vm, initializeInterpreter } from '../../utils/vm-test-utils';
               ~~
    src/test/lang/capsules/capsule-registration.test.ts:3:14 - error TS2305: Module '"../../utils/vm-test-utils"' has no exported member 'initializeInterpreter'.

    3 import { vm, initializeInterpreter } from '../../utils/vm-test-utils';
                   ~~~~~~~~~~~~~~~~~~~~~
    src/test/lang/capsules/capsule-registration.test.ts:4:10 - error TS2305: Module '"../../utils/vm-test-utils"' has no exported member 'resetVM'.

    4 import { resetVM } from '../../utils/vm-test-utils';
               ~~~~~~~

 FAIL  src/test/lang/capsules/capsule-nested.dispatch.test.ts
  ● Test suite failed to run

    src/test/lang/capsules/capsule-nested.dispatch.test.ts:6:7 - error TS2451: Cannot redeclare block-scoped variable 'vm'.

    6   let vm: VM;
            ~~
    src/test/lang/capsules/capsule-nested.dispatch.test.ts:8:7 - error TS2451: Cannot redeclare block-scoped variable 'vm'.

    8   let vm: VM;
            ~~

 FAIL  src/test/lang/capsules/capsule-integration.counter.test.ts
  ● Test suite failed to run

    src/test/lang/capsules/capsule-integration.counter.test.ts:6:7 - error TS2451: Cannot redeclare block-scoped variable 'vm'.

    6   let vm: VM;
            ~~
    src/test/lang/capsules/capsule-integration.counter.test.ts:8:7 - error TS2451: Cannot redeclare block-scoped variable 'vm'.

    8   let vm: VM;
            ~~

 FAIL  src/test/lang/capsules/capsule-integration.frame-extend.test.ts
  ● Test suite failed to run

    src/test/lang/capsules/capsule-integration.frame-extend.test.ts:6:7 - error TS2451: Cannot redeclare block-scoped variable 'vm'.

    6   let vm: VM;
            ~~
    src/test/lang/capsules/capsule-integration.frame-extend.test.ts:8:7 - error TS2451: Cannot redeclare block-scoped variable 'vm'.

    8   let vm: VM;
            ~~

 FAIL  src/test/lang/capsules/capsule-dispatch.stack-ref.test.ts
  ● Test suite failed to run

    src/test/lang/capsules/capsule-dispatch.stack-ref.test.ts:6:7 - error TS2451: Cannot redeclare block-scoped variable 'vm'.

    6   let vm: VM;
            ~~
    src/test/lang/capsules/capsule-dispatch.stack-ref.test.ts:8:7 - error TS2451: Cannot redeclare block-scoped variable 'vm'.

    8   let vm: VM;
            ~~

 FAIL  src/test/lang/capsules/capsule-dispatch.global-ref.test.ts
  ● Test suite failed to run

    src/test/lang/capsules/capsule-dispatch.global-ref.test.ts:6:7 - error TS2451: Cannot redeclare block-scoped variable 'vm'.

    6   let vm: VM;
            ~~
    src/test/lang/capsules/capsule-dispatch.global-ref.test.ts:8:7 - error TS2451: Cannot redeclare block-scoped variable 'vm'.

    8   let vm: VM;
            ~~

 FAIL  src/test/lang/capsules/capsule-dispatch.degenerate.test.ts
  ● Test suite failed to run

    src/test/lang/capsules/capsule-dispatch.degenerate.test.ts:6:7 - error TS2451: Cannot redeclare block-scoped variable 'vm'.

    6   let vm: VM;
            ~~
    src/test/lang/capsules/capsule-dispatch.degenerate.test.ts:8:7 - error TS2451: Cannot redeclare block-scoped variable 'vm'.

    8   let vm: VM;
            ~~

 FAIL  src/test/lang/capsules/capsule-constructor.basic.test.ts
  ● Test suite failed to run

    src/test/lang/capsules/capsule-constructor.basic.test.ts:1:10 - error TS2305: Module '"../../utils/vm-test-utils"' has no exported member 'vm'.

    1 import { vm } from '../../utils/vm-test-utils';
               ~~
    src/test/lang/capsules/capsule-constructor.basic.test.ts:2:10 - error TS2305: Module '"../../utils/vm-test-utils"' has no exported member 'resetVM'.

    2 import { resetVM, executeTacitWithState } from '../../utils/vm-test-utils';
               ~~~~~~~
    src/test/lang/capsules/capsule-constructor.basic.test.ts:24:19 - error TS2554: Expected 2 arguments, but got 1.

    24     const state = executeTacitWithState(code);
                         ~~~~~~~~~~~~~~~~~~~~~

      src/test/utils/vm-test-utils.ts:62:47
        62 export function executeTacitWithState(vm: VM, code: string): VMStateSnapshot {
                                                         ~~~~~~~~~~~~
        An argument for 'code' was not provided.
    src/test/lang/capsules/capsule-constructor.basic.test.ts:48:19 - error TS2554: Expected 2 arguments, but got 1.

    48     const state = executeTacitWithState(code);
                         ~~~~~~~~~~~~~~~~~~~~~

      src/test/utils/vm-test-utils.ts:62:47
        62 export function executeTacitWithState(vm: VM, code: string): VMStateSnapshot {
                                                         ~~~~~~~~~~~~
        An argument for 'code' was not provided.

 FAIL  src/test/ops/stack/tuck.test.ts
  ● Test suite failed to run

    src/test/ops/stack/tuck.test.ts:9:10 - error TS2305: Module '"../../utils/vm-test-utils"' has no exported member 'vm'.

    9 import { vm } from '../../utils/vm-test-utils';
               ~~
    src/test/ops/stack/tuck.test.ts:13:28 - error TS2305: Module '"../../utils/vm-test-utils"' has no exported member 'resetVM'.

    13 import { executeTacitCode, resetVM } from '../../utils/vm-test-utils';
                                  ~~~~~~~

 FAIL  src/test/ops/stack/swap.test.ts
  ● Test suite failed to run

    src/lang/meta/definitions.ts:3:10 - error TS2459: Module '"../runtime"' declares 'vm' locally, but it is not exported.

    3 import { vm } from '../runtime';
               ~~

      src/lang/runtime.ts:15:5
        15 let vm: VM;
               ~~
        'vm' is declared here.

 FAIL  src/test/ops/stack/rot.test.ts
  ● Test suite failed to run

    src/test/ops/stack/rot.test.ts:2:10 - error TS2305: Module '"../../utils/vm-test-utils"' has no exported member 'vm'.

    2 import { vm } from '../../utils/vm-test-utils';
               ~~
    src/test/ops/stack/rot.test.ts:4:10 - error TS2305: Module '"../../utils/vm-test-utils"' has no exported member 'resetVM'.

    4 import { resetVM } from '../../utils/vm-test-utils';
               ~~~~~~~

 FAIL  src/test/ops/stack/revrot.test.ts
  ● Test suite failed to run

    src/test/ops/stack/revrot.test.ts:2:10 - error TS2305: Module '"../../utils/vm-test-utils"' has no exported member 'vm'.

    2 import { vm } from '../../utils/vm-test-utils';
               ~~
    src/test/ops/stack/revrot.test.ts:4:10 - error TS2305: Module '"../../utils/vm-test-utils"' has no exported member 'resetVM'.

    4 import { resetVM } from '../../utils/vm-test-utils';
               ~~~~~~~

 FAIL  src/test/ops/stack/pick.test.ts
  ● Test suite failed to run

    src/test/ops/stack/pick.test.ts:2:10 - error TS2305: Module '"../../utils/vm-test-utils"' has no exported member 'vm'.

    2 import { vm } from '../../utils/vm-test-utils';
               ~~
    src/test/ops/stack/pick.test.ts:4:10 - error TS2305: Module '"../../utils/vm-test-utils"' has no exported member 'resetVM'.

    4 import { resetVM } from '../../utils/vm-test-utils';
               ~~~~~~~

 FAIL  src/test/ops/stack/over.test.ts
  ● Test suite failed to run

    src/test/ops/stack/over.test.ts:2:10 - error TS2305: Module '"../../utils/vm-test-utils"' has no exported member 'vm'.

    2 import { vm } from '../../utils/vm-test-utils';
               ~~
    src/test/ops/stack/over.test.ts:4:10 - error TS2305: Module '"../../utils/vm-test-utils"' has no exported member 'resetVM'.

    4 import { resetVM } from '../../utils/vm-test-utils';
               ~~~~~~~

 FAIL  src/test/ops/stack/nip.test.ts
  ● Test suite failed to run

    src/test/ops/stack/nip.test.ts:10:28 - error TS2305: Module '"../../utils/vm-test-utils"' has no exported member 'resetVM'.

    10 import { executeTacitCode, resetVM, getVM } from '../../utils/vm-test-utils';
                                  ~~~~~~~
    src/test/ops/stack/nip.test.ts:10:37 - error TS2305: Module '"../../utils/vm-test-utils"' has no exported member 'getVM'.

    10 import { executeTacitCode, resetVM, getVM } from '../../utils/vm-test-utils';
                                           ~~~~~

 FAIL  src/test/ops/stack/dup.test.ts
  ● Test suite failed to run

    src/lang/meta/definitions.ts:3:10 - error TS2459: Module '"../runtime"' declares 'vm' locally, but it is not exported.

    3 import { vm } from '../runtime';
               ~~

      src/lang/runtime.ts:15:5
        15 let vm: VM;
               ~~
        'vm' is declared here.

 FAIL  src/test/ops/stack/drop.test.ts
  ● Test suite failed to run

    src/lang/meta/definitions.ts:3:10 - error TS2459: Module '"../runtime"' declares 'vm' locally, but it is not exported.

    3 import { vm } from '../runtime';
               ~~

      src/lang/runtime.ts:15:5
        15 let vm: VM;
               ~~
        'vm' is declared here.

 FAIL  src/test/ops/local-vars/tolerant-fetch.test.ts
  ● Test suite failed to run

    src/test/ops/local-vars/tolerant-fetch.test.ts:2:10 - error TS2305: Module '"../../utils/vm-test-utils"' has no exported member 'initializeInterpreter'.

    2 import { initializeInterpreter, vm } from '../../utils/vm-test-utils';
               ~~~~~~~~~~~~~~~~~~~~~
    src/test/ops/local-vars/tolerant-fetch.test.ts:2:33 - error TS2305: Module '"../../utils/vm-test-utils"' has no exported member 'vm'.

    2 import { initializeInterpreter, vm } from '../../utils/vm-test-utils';
                                      ~~
    src/test/ops/local-vars/tolerant-fetch.test.ts:18:5 - error TS2554: Expected 2 arguments, but got 1.

    18     executeProgram(': a 100 var x &x load ; a');
           ~~~~~~~~~~~~~~

      src/lang/interpreter.ts:94:40
        94 export function executeProgram(vm: VM, code: string): void {
                                                  ~~~~~~~~~~~~
        An argument for 'code' was not provided.
    src/test/ops/local-vars/tolerant-fetch.test.ts:22:5 - error TS2554: Expected 2 arguments, but got 1.

    22     executeProgram(': b 100 var x x ; b');
           ~~~~~~~~~~~~~~

      src/lang/interpreter.ts:94:40
        94 export function executeProgram(vm: VM, code: string): void {
                                                  ~~~~~~~~~~~~
        An argument for 'code' was not provided.
    src/test/ops/local-vars/tolerant-fetch.test.ts:31:5 - error TS2554: Expected 2 arguments, but got 1.

    31     executeProgram(': a ( 1 2 3 ) var xs &xs fetch load ; a');
           ~~~~~~~~~~~~~~

      src/lang/interpreter.ts:94:40
        94 export function executeProgram(vm: VM, code: string): void {
                                                  ~~~~~~~~~~~~
        An argument for 'code' was not provided.
    src/test/ops/local-vars/tolerant-fetch.test.ts:36:5 - error TS2554: Expected 2 arguments, but got 1.

    36     executeProgram(': b ( 1 2 3 ) var xs xs ; b');
           ~~~~~~~~~~~~~~

      src/lang/interpreter.ts:94:40
        94 export function executeProgram(vm: VM, code: string): void {
                                                  ~~~~~~~~~~~~
        An argument for 'code' was not provided.
    src/test/ops/local-vars/tolerant-fetch.test.ts:45:5 - error TS2554: Expected 2 arguments, but got 1.

    45     executeProgram(': a ( 10 20 ) var xs &xs 0 elem load ; a');
           ~~~~~~~~~~~~~~

      src/lang/interpreter.ts:94:40
        94 export function executeProgram(vm: VM, code: string): void {
                                                  ~~~~~~~~~~~~
        An argument for 'code' was not provided.
    src/test/ops/local-vars/tolerant-fetch.test.ts:52:5 - error TS2554: Expected 2 arguments, but got 1.

    52     executeProgram(': a ( 10 20 ) var xs &xs 0 slot load ; a');
           ~~~~~~~~~~~~~~

      src/lang/interpreter.ts:94:40
        94 export function executeProgram(vm: VM, code: string): void {
                                                  ~~~~~~~~~~~~
        An argument for 'code' was not provided.
    src/test/ops/local-vars/tolerant-fetch.test.ts:60:5 - error TS2554: Expected 2 arguments, but got 1.

    60     executeProgram(': a ( 1 10 2 20 ) var m &m 2 find load ; a');
           ~~~~~~~~~~~~~~

      src/lang/interpreter.ts:94:40
        94 export function executeProgram(vm: VM, code: string): void {
                                                  ~~~~~~~~~~~~
        An argument for 'code' was not provided.

 FAIL  src/test/ops/local-vars/reserve.test.ts
  ● Test suite failed to run

    src/test/ops/local-vars/reserve.test.ts:7:10 - error TS2305: Module '"../../utils/vm-test-utils"' has no exported member 'initializeInterpreter'.

    7 import { initializeInterpreter, vm } from '../../utils/vm-test-utils';
               ~~~~~~~~~~~~~~~~~~~~~
    src/test/ops/local-vars/reserve.test.ts:7:33 - error TS2305: Module '"../../utils/vm-test-utils"' has no exported member 'vm'.

    7 import { initializeInterpreter, vm } from '../../utils/vm-test-utils';
                                      ~~

 FAIL  src/test/ops/local-vars/ref-assign-fast-path.test.ts
  ● Test suite failed to run

    src/lang/meta/definitions.ts:3:10 - error TS2459: Module '"../runtime"' declares 'vm' locally, but it is not exported.

    3 import { vm } from '../runtime';
               ~~

      src/lang/runtime.ts:15:5
        15 let vm: VM;
               ~~
        'vm' is declared here.

 FAIL  src/test/ops/local-vars/ref-assign-cross-segment.test.ts
  ● Test suite failed to run

    src/test/ops/local-vars/ref-assign-cross-segment.test.ts:6:28 - error TS2305: Module '"../../utils/vm-test-utils"' has no exported member 'resetVM'.

    6 import { executeTacitCode, resetVM, extractListFromStack } from '../../utils/vm-test-utils';
                                 ~~~~~~~
    src/test/ops/local-vars/ref-assign-cross-segment.test.ts:40:36 - error TS2304: Cannot find name 'vm'.

    40     const stack = executeTacitCode(vm, code);
                                          ~~
    src/test/ops/local-vars/ref-assign-cross-segment.test.ts:55:36 - error TS2304: Cannot find name 'vm'.

    55     const stack = executeTacitCode(vm, code);
                                          ~~

 FAIL  src/test/ops/local-vars/local-variables.test.ts
  ● Test suite failed to run

    src/test/ops/local-vars/local-variables.test.ts:6:10 - error TS2305: Module '"../../utils/vm-test-utils"' has no exported member 'vm'.

    6 import { vm, initializeInterpreter } from '../../utils/vm-test-utils';
               ~~
    src/test/ops/local-vars/local-variables.test.ts:6:14 - error TS2305: Module '"../../utils/vm-test-utils"' has no exported member 'initializeInterpreter'.

    6 import { vm, initializeInterpreter } from '../../utils/vm-test-utils';
                   ~~~~~~~~~~~~~~~~~~~~~

 FAIL  src/test/ops/local-vars/initvar.test.ts
  ● Test suite failed to run

    src/test/ops/local-vars/initvar.test.ts:5:10 - error TS2305: Module '"../../utils/vm-test-utils"' has no exported member 'vm'.

    5 import { vm, initializeInterpreter } from '../../utils/vm-test-utils';
               ~~
    src/test/ops/local-vars/initvar.test.ts:5:14 - error TS2305: Module '"../../utils/vm-test-utils"' has no exported member 'initializeInterpreter'.

    5 import { vm, initializeInterpreter } from '../../utils/vm-test-utils';
                   ~~~~~~~~~~~~~~~~~~~~~

 FAIL  src/test/ops/local-vars/increment-operator.test.ts
  ● Test suite failed to run

    src/test/ops/local-vars/increment-operator.test.ts:8:9 - error TS2304: Cannot find name 'vm'.

    8         vm,
              ~~
    src/test/ops/local-vars/increment-operator.test.ts:23:9 - error TS2304: Cannot find name 'vm'.

    23         vm,
               ~~
    src/test/ops/local-vars/increment-operator.test.ts:39:9 - error TS2304: Cannot find name 'vm'.

    39         vm,
               ~~
    src/test/ops/local-vars/increment-operator.test.ts:54:9 - error TS2304: Cannot find name 'vm'.

    54         vm,
               ~~
    src/test/ops/local-vars/increment-operator.test.ts:72:11 - error TS2304: Cannot find name 'vm'.

    72           vm,
                 ~~
    src/test/ops/local-vars/increment-operator.test.ts:83:11 - error TS2304: Cannot find name 'vm'.

    83           vm,
                 ~~
    src/test/ops/local-vars/increment-operator.test.ts:100:9 - error TS2304: Cannot find name 'vm'.

    100         vm,
                ~~
    src/test/ops/local-vars/increment-operator.test.ts:112:9 - error TS2304: Cannot find name 'vm'.

    112         vm,
                ~~
    src/test/ops/local-vars/increment-operator.test.ts:130:9 - error TS2304: Cannot find name 'vm'.

    130         vm,
                ~~
    src/test/ops/local-vars/increment-operator.test.ts:142:9 - error TS2304: Cannot find name 'vm'.

    142         vm,
                ~~

 FAIL  src/test/ops/local-vars/in-place-mutation.test.ts
  ● Test suite failed to run

    src/test/ops/local-vars/in-place-mutation.test.ts:5:10 - error TS2305: Module '"../../utils/vm-test-utils"' has no exported member 'vm'.

    5 import { vm } from '../../utils/vm-test-utils';
               ~~
    src/test/ops/local-vars/in-place-mutation.test.ts:6:10 - error TS2305: Module '"../../utils/vm-test-utils"' has no exported member 'resetVM'.

    6 import { resetVM, executeTacitCode } from '../../utils/vm-test-utils';
               ~~~~~~~

 FAIL  src/test/ops/local-vars/compound-var.test.ts
  ● Test suite failed to run

    src/test/ops/local-vars/compound-var.test.ts:5:10 - error TS2305: Module '"../../utils/vm-test-utils"' has no exported member 'vm'.

    5 import { vm } from '../../utils/vm-test-utils';
               ~~
    src/test/ops/local-vars/compound-var.test.ts:6:28 - error TS2305: Module '"../../utils/vm-test-utils"' has no exported member 'resetVM'.

    6 import { executeTacitCode, resetVM } from '../../utils/vm-test-utils';
                                 ~~~~~~~

 FAIL  src/test/ops/local-vars/compound-mutation.test.ts
  ● Test suite failed to run

    src/test/ops/local-vars/compound-mutation.test.ts:6:10 - error TS2305: Module '"../../utils/vm-test-utils"' has no exported member 'vm'.

    6 import { vm } from '../../utils/vm-test-utils';
               ~~
    src/test/ops/local-vars/compound-mutation.test.ts:7:28 - error TS2305: Module '"../../utils/vm-test-utils"' has no exported member 'resetVM'.

    7 import { executeTacitCode, resetVM } from '../../utils/vm-test-utils';
                                 ~~~~~~~

 FAIL  src/test/ops/local-vars/compatibility.test.ts
  ● Test suite failed to run

    src/test/ops/local-vars/compatibility.test.ts:5:10 - error TS2305: Module '"../../utils/vm-test-utils"' has no exported member 'vm'.

    5 import { vm } from '../../utils/vm-test-utils';
               ~~
    src/test/ops/local-vars/compatibility.test.ts:6:10 - error TS2305: Module '"../../utils/vm-test-utils"' has no exported member 'resetVM'.

    6 import { resetVM, executeTacitCode } from '../../utils/vm-test-utils';
               ~~~~~~~

 FAIL  src/test/ops/lists/list-spec-compliance.test.ts
  ● Test suite failed to run

    src/test/ops/lists/list-spec-compliance.test.ts:37:7 - error TS2304: Cannot find name 'resetVM'.

    37       resetVM();
             ~~~~~~~

 FAIL  src/test/ops/lists/list-ops-coverage.test.ts
  ● Test suite failed to run

    src/test/ops/lists/list-ops-coverage.test.ts:7:10 - error TS2305: Module '"../../utils/vm-test-utils"' has no exported member 'vm'.

    7 import { vm, initializeInterpreter } from '../../utils/vm-test-utils';
               ~~
    src/test/ops/lists/list-ops-coverage.test.ts:7:14 - error TS2305: Module '"../../utils/vm-test-utils"' has no exported member 'initializeInterpreter'.

    7 import { vm, initializeInterpreter } from '../../utils/vm-test-utils';
                   ~~~~~~~~~~~~~~~~~~~~~

 FAIL  src/test/ops/dict/find-add-after-reset.test.ts
  ● Test suite failed to run

    src/test/ops/dict/find-add-after-reset.test.ts:2:10 - error TS2305: Module '"../../utils/vm-test-utils"' has no exported member 'resetVM'.

    2 import { resetVM } from '../../utils/vm-test-utils';
               ~~~~~~~
    src/test/ops/dict/find-add-after-reset.test.ts:3:10 - error TS2305: Module '"../../utils/vm-test-utils"' has no exported member 'vm'.

    3 import { vm } from '../../utils/vm-test-utils';
               ~~

 FAIL  src/test/ops/dict/define-and-lookup-builtin.test.ts
  ● Test suite failed to run

    src/test/ops/dict/define-and-lookup-builtin.test.ts:2:10 - error TS2305: Module '"../../utils/vm-test-utils"' has no exported member 'resetVM'.

    2 import { resetVM } from '../../utils/vm-test-utils';
               ~~~~~~~
    src/test/ops/dict/define-and-lookup-builtin.test.ts:3:10 - error TS2305: Module '"../../utils/vm-test-utils"' has no exported member 'vm'.

    3 import { vm } from '../../utils/vm-test-utils';
               ~~

 FAIL  src/test/ops/dict/dict-ops.test.ts
  ● Test suite failed to run

    src/lang/meta/definitions.ts:3:10 - error TS2459: Module '"../runtime"' declares 'vm' locally, but it is not exported.

    3 import { vm } from '../runtime';
               ~~

      src/lang/runtime.ts:15:5
        15 let vm: VM;
               ~~
        'vm' is declared here.

 FAIL  src/test/ops/error-handling/invalid-slot-access.test.ts
  ● Test suite failed to run

    src/test/ops/error-handling/invalid-slot-access.test.ts:2:10 - error TS2305: Module '"../../utils/vm-test-utils"' has no exported member 'vm'.

    2 import { vm, initializeInterpreter } from '../../utils/vm-test-utils';
               ~~
    src/test/ops/error-handling/invalid-slot-access.test.ts:2:14 - error TS2305: Module '"../../utils/vm-test-utils"' has no exported member 'initializeInterpreter'.

    2 import { vm, initializeInterpreter } from '../../utils/vm-test-utils';
                   ~~~~~~~~~~~~~~~~~~~~~

 FAIL  src/test/ops/heap/global-heap.test.ts
  ● Test suite failed to run

    src/test/ops/heap/global-heap.test.ts:2:10 - error TS2305: Module '"../../utils/vm-test-utils"' has no exported member 'initializeInterpreter'.

    2 import { initializeInterpreter, vm } from '../../utils/vm-test-utils';
               ~~~~~~~~~~~~~~~~~~~~~
    src/test/ops/heap/global-heap.test.ts:2:33 - error TS2305: Module '"../../utils/vm-test-utils"' has no exported member 'vm'.

    2 import { initializeInterpreter, vm } from '../../utils/vm-test-utils';
                                      ~~
    src/test/ops/heap/global-heap.test.ts:3:10 - error TS2305: Module '"../../utils/vm-test-utils"' has no exported member 'resetVM'.

    3 import { resetVM } from '../../utils/vm-test-utils';
               ~~~~~~~

 FAIL  src/test/ops/core/core-ops-coverage.test.ts
  ● Test suite failed to run

    src/lang/meta/definitions.ts:3:10 - error TS2459: Module '"../runtime"' declares 'vm' locally, but it is not exported.

    3 import { vm } from '../runtime';
               ~~

      src/lang/runtime.ts:15:5
        15 let vm: VM;
               ~~
        'vm' is declared here.

 FAIL  src/test/ops/interpreter/interpreter-operations.test.ts
  ● Test suite failed to run

    src/test/ops/interpreter/interpreter-operations.test.ts:3:10 - error TS2305: Module '"../../utils/vm-test-utils"' has no exported member 'initializeInterpreter'.

    3 import { initializeInterpreter, vm } from '../../utils/vm-test-utils';
               ~~~~~~~~~~~~~~~~~~~~~
    src/test/ops/interpreter/interpreter-operations.test.ts:3:33 - error TS2305: Module '"../../utils/vm-test-utils"' has no exported member 'vm'.

    3 import { initializeInterpreter, vm } from '../../utils/vm-test-utils';
                                      ~~

 FAIL  src/test/ops/core/branch-coverage-extra.test.ts
  ● Test suite failed to run

    src/test/ops/core/branch-coverage-extra.test.ts:1:10 - error TS2305: Module '"../../utils/vm-test-utils"' has no exported member 'vm'.

    1 import { vm } from '../../utils/vm-test-utils';
               ~~
    src/test/ops/core/branch-coverage-extra.test.ts:2:10 - error TS2305: Module '"../../utils/vm-test-utils"' has no exported member 'resetVM'.

    2 import { resetVM } from '../../utils/vm-test-utils';
               ~~~~~~~

 FAIL  src/test/ops/control/control-ops.test.ts
  ● Test suite failed to run

    src/test/ops/control/control-ops.test.ts:5:10 - error TS2305: Module '"../../utils/vm-test-utils"' has no exported member 'vm'.

    5 import { vm, initializeInterpreter } from '../../utils/vm-test-utils';
               ~~
    src/test/ops/control/control-ops.test.ts:5:14 - error TS2305: Module '"../../utils/vm-test-utils"' has no exported member 'initializeInterpreter'.

    5 import { vm, initializeInterpreter } from '../../utils/vm-test-utils';
                   ~~~~~~~~~~~~~~~~~~~~~

 FAIL  src/test/ops/capsules/stubs.test.ts
  ● Test suite failed to run

    src/test/ops/capsules/stubs.test.ts:1:10 - error TS2305: Module '"../../utils/vm-test-utils"' has no exported member 'vm'.

    1 import { vm } from '../../utils/vm-test-utils';
               ~~
    src/test/ops/capsules/stubs.test.ts:9:10 - error TS2305: Module '"../../utils/vm-test-utils"' has no exported member 'resetVM'.

    9 import { resetVM } from '../../utils/vm-test-utils';
               ~~~~~~~

 FAIL  src/test/ops/capsules/layout.test.ts
  ● Test suite failed to run

    src/test/ops/capsules/layout.test.ts:1:10 - error TS2305: Module '"../../utils/vm-test-utils"' has no exported member 'vm'.

    1 import { vm } from '../../utils/vm-test-utils';
               ~~
    src/test/ops/capsules/layout.test.ts:2:10 - error TS2305: Module '"../../utils/vm-test-utils"' has no exported member 'resetVM'.

    2 import { resetVM } from '../../utils/vm-test-utils';
               ~~~~~~~

 FAIL  src/test/ops/capsules/dispatch.test.ts
  ● Test suite failed to run

    src/test/ops/capsules/dispatch.test.ts:1:10 - error TS2305: Module '"../../utils/vm-test-utils"' has no exported member 'vm'.

    1 import { vm } from '../../utils/vm-test-utils';
               ~~
    src/test/ops/capsules/dispatch.test.ts:2:10 - error TS2305: Module '"../../utils/vm-test-utils"' has no exported member 'resetVM'.

    2 import { resetVM } from '../../utils/vm-test-utils';
               ~~~~~~~

 FAIL  src/test/ops/capsules/assertions.test.ts
  ● Test suite failed to run

    src/test/ops/capsules/assertions.test.ts:2:10 - error TS2305: Module '"../../utils/vm-test-utils"' has no exported member 'vm'.

    2 import { vm } from '../../utils/vm-test-utils';
               ~~
    src/test/ops/capsules/assertions.test.ts:4:10 - error TS2305: Module '"../../utils/vm-test-utils"' has no exported member 'resetVM'.

    4 import { resetVM, pushTestList } from '../../utils/vm-test-utils';
               ~~~~~~~

 FAIL  src/test/ops/conditional/conditionals.test.ts
  ● Test suite failed to run

    src/test/ops/conditional/conditionals.test.ts:6:10 - error TS2305: Module '"../../utils/vm-test-utils"' has no exported member 'vm'.

    6 import { vm, initializeInterpreter } from '../../utils/vm-test-utils';
               ~~
    src/test/ops/conditional/conditionals.test.ts:6:14 - error TS2305: Module '"../../utils/vm-test-utils"' has no exported member 'initializeInterpreter'.

    6 import { vm, initializeInterpreter } from '../../utils/vm-test-utils';
                   ~~~~~~~~~~~~~~~~~~~~~
    src/test/ops/conditional/conditionals.test.ts:18:7 - error TS2554: Expected 2 arguments, but got 1.

    18       executeProgram('1 if 2 3 add ;');
             ~~~~~~~~~~~~~~

      src/lang/interpreter.ts:94:40
        94 export function executeProgram(vm: VM, code: string): void {
                                                  ~~~~~~~~~~~~
        An argument for 'code' was not provided.
    src/test/ops/conditional/conditionals.test.ts:23:7 - error TS2554: Expected 2 arguments, but got 1.

    23       executeProgram('0 if 2 3 add ;');
             ~~~~~~~~~~~~~~

      src/lang/interpreter.ts:94:40
        94 export function executeProgram(vm: VM, code: string): void {
                                                  ~~~~~~~~~~~~
        An argument for 'code' was not provided.
    src/test/ops/conditional/conditionals.test.ts:28:7 - error TS2554: Expected 2 arguments, but got 1.

    28       executeProgram('1 if ;');
             ~~~~~~~~~~~~~~

      src/lang/interpreter.ts:94:40
        94 export function executeProgram(vm: VM, code: string): void {
                                                  ~~~~~~~~~~~~
        An argument for 'code' was not provided.
    src/test/ops/conditional/conditionals.test.ts:33:7 - error TS2554: Expected 2 arguments, but got 1.

    33       executeProgram('1 if 10 else 20 ;');
             ~~~~~~~~~~~~~~

      src/lang/interpreter.ts:94:40
        94 export function executeProgram(vm: VM, code: string): void {
                                                  ~~~~~~~~~~~~
        An argument for 'code' was not provided.
    src/test/ops/conditional/conditionals.test.ts:38:7 - error TS2554: Expected 2 arguments, but got 1.

    38       executeProgram('0 if 10 else 20 ;');
             ~~~~~~~~~~~~~~

      src/lang/interpreter.ts:94:40
        94 export function executeProgram(vm: VM, code: string): void {
                                                  ~~~~~~~~~~~~
        An argument for 'code' was not provided.
    src/test/ops/conditional/conditionals.test.ts:43:7 - error TS2554: Expected 2 arguments, but got 1.

    43       executeProgram('0 if 10 else ;');
             ~~~~~~~~~~~~~~

      src/lang/interpreter.ts:94:40
        94 export function executeProgram(vm: VM, code: string): void {
                                                  ~~~~~~~~~~~~
        An argument for 'code' was not provided.
    src/test/ops/conditional/conditionals.test.ts:48:7 - error TS2554: Expected 2 arguments, but got 1.

    48       executeProgram('5 10 lt if 100 else 200 ;');
             ~~~~~~~~~~~~~~

      src/lang/interpreter.ts:94:40
        94 export function executeProgram(vm: VM, code: string): void {
                                                  ~~~~~~~~~~~~
        An argument for 'code' was not provided.
    src/test/ops/conditional/conditionals.test.ts:59:7 - error TS2554: Expected 2 arguments, but got 1.

    59       executeProgram('1 if 2 0 if 3 ; ;');
             ~~~~~~~~~~~~~~

      src/lang/interpreter.ts:94:40
        94 export function executeProgram(vm: VM, code: string): void {
                                                  ~~~~~~~~~~~~
        An argument for 'code' was not provided.
    src/test/ops/conditional/conditionals.test.ts:64:7 - error TS2554: Expected 2 arguments, but got 1.

    64       executeProgram('5 3 gt if 2 3 mul else 2 3 add ;');
             ~~~~~~~~~~~~~~

      src/lang/interpreter.ts:94:40
        94 export function executeProgram(vm: VM, code: string): void {
                                                  ~~~~~~~~~~~~
        An argument for 'code' was not provided.
    src/test/ops/conditional/conditionals.test.ts:69:7 - error TS2554: Expected 2 arguments, but got 1.

    69       executeProgram(`
             ~~~~~~~~~~~~~~

      src/lang/interpreter.ts:94:40
        94 export function executeProgram(vm: VM, code: string): void {
                                                  ~~~~~~~~~~~~
        An argument for 'code' was not provided.
    src/test/ops/conditional/conditionals.test.ts:82:7 - error TS2554: Expected 2 arguments, but got 1.

    82       executeProgram('3 3 eq if 7 7 eq if 42 else 24 ; else 0 ;');
             ~~~~~~~~~~~~~~

      src/lang/interpreter.ts:94:40
        94 export function executeProgram(vm: VM, code: string): void {
                                                  ~~~~~~~~~~~~
        An argument for 'code' was not provided.

 FAIL  src/test/ops/arithmetic/unary-operations.test.ts
  ● Test suite failed to run

    src/test/ops/arithmetic/unary-operations.test.ts:6:10 - error TS2305: Module '"../../utils/vm-test-utils"' has no exported member 'vm'.

    6 import { vm, initializeInterpreter } from '../../utils/vm-test-utils';
               ~~
    src/test/ops/arithmetic/unary-operations.test.ts:6:14 - error TS2305: Module '"../../utils/vm-test-utils"' has no exported member 'initializeInterpreter'.

    6 import { vm, initializeInterpreter } from '../../utils/vm-test-utils';
                   ~~~~~~~~~~~~~~~~~~~~~

 FAIL  src/test/ops/arithmetic/arithmetic.test.ts
  ● Test suite failed to run

    src/lang/meta/definitions.ts:3:10 - error TS2459: Module '"../runtime"' declares 'vm' locally, but it is not exported.

    3 import { vm } from '../runtime';
               ~~

      src/lang/runtime.ts:15:5
        15 let vm: VM;
               ~~
        'vm' is declared here.

 FAIL  src/test/lang/parser.comprehensive.test.ts
  ● Test suite failed to run

    src/test/lang/parser.comprehensive.test.ts:2:10 - error TS2305: Module '"../utils/vm-test-utils"' has no exported member 'initializeInterpreter'.

    2 import { initializeInterpreter, vm } from '../utils/vm-test-utils';
               ~~~~~~~~~~~~~~~~~~~~~
    src/test/lang/parser.comprehensive.test.ts:2:33 - error TS2305: Module '"../utils/vm-test-utils"' has no exported member 'vm'.

    2 import { initializeInterpreter, vm } from '../utils/vm-test-utils';
                                      ~~
    src/test/lang/parser.comprehensive.test.ts:14:20 - error TS2554: Expected 2 arguments, but got 1.

    14       expect(() => parse(new Tokenizer(': test'))).toThrow('Unclosed definition for test');
                          ~~~~~

      src/lang/parser.ts:42:31
        42 export function parse(vm: VM, tokenizer: Tokenizer): void {
                                         ~~~~~~~~~~~~~~~~~~~~
        An argument for 'tokenizer' was not provided.
    src/test/lang/parser.comprehensive.test.ts:17:20 - error TS2554: Expected 2 arguments, but got 1.

    17       expect(() => parse(new Tokenizer(': test : nested ;'))).toThrow(
                          ~~~~~

      src/lang/parser.ts:42:31
        42 export function parse(vm: VM, tokenizer: Tokenizer): void {
                                         ~~~~~~~~~~~~~~~~~~~~
        An argument for 'tokenizer' was not provided.
    src/test/lang/parser.comprehensive.test.ts:22:20 - error TS2554: Expected 2 arguments, but got 1.

    22       expect(() => parse(new Tokenizer(': ;'))).toThrow('Expected word name after :');
                          ~~~~~

      src/lang/parser.ts:42:31
        42 export function parse(vm: VM, tokenizer: Tokenizer): void {
                                         ~~~~~~~~~~~~~~~~~~~~
        An argument for 'tokenizer' was not provided.
    src/test/lang/parser.comprehensive.test.ts:25:20 - error TS2554: Expected 2 arguments, but got 1.

    25       expect(() => parse(new Tokenizer(')'))).toThrow('Unexpected closing parenthesis');
                          ~~~~~

      src/lang/parser.ts:42:31
        42 export function parse(vm: VM, tokenizer: Tokenizer): void {
                                         ~~~~~~~~~~~~~~~~~~~~
        An argument for 'tokenizer' was not provided.
    src/test/lang/parser.comprehensive.test.ts:30:7 - error TS2554: Expected 2 arguments, but got 1.

    30       parse(new Tokenizer(': empty ;'));
             ~~~~~

      src/lang/parser.ts:42:31
        42 export function parse(vm: VM, tokenizer: Tokenizer): void {
                                         ~~~~~~~~~~~~~~~~~~~~
        An argument for 'tokenizer' was not provided.
    src/test/lang/parser.comprehensive.test.ts:39:7 - error TS2554: Expected 2 arguments, but got 1.

    39       parse(new Tokenizer(': test-word! add sub ;'));
             ~~~~~

      src/lang/parser.ts:42:31
        42 export function parse(vm: VM, tokenizer: Tokenizer): void {
                                         ~~~~~~~~~~~~~~~~~~~~
        An argument for 'tokenizer' was not provided.
    src/test/lang/parser.comprehensive.test.ts:44:7 - error TS2554: Expected 2 arguments, but got 1.

    44       executeProgram(': 2x 2 mul ; 5 2x');
             ~~~~~~~~~~~~~~

      src/lang/interpreter.ts:94:40
        94 export function executeProgram(vm: VM, code: string): void {
                                                  ~~~~~~~~~~~~
        An argument for 'code' was not provided.
    src/test/lang/parser.comprehensive.test.ts:50:7 - error TS2554: Expected 2 arguments, but got 1.

    50       parse(new Tokenizer('( )'));
             ~~~~~

      src/lang/parser.ts:42:31
        42 export function parse(vm: VM, tokenizer: Tokenizer): void {
                                         ~~~~~~~~~~~~~~~~~~~~
        An argument for 'tokenizer' was not provided.
    src/test/lang/parser.comprehensive.test.ts:56:7 - error TS2554: Expected 2 arguments, but got 1.

    56       parse(new Tokenizer('( 1 2 )'));
             ~~~~~

      src/lang/parser.ts:42:31
        42 export function parse(vm: VM, tokenizer: Tokenizer): void {
                                         ~~~~~~~~~~~~~~~~~~~~
        An argument for 'tokenizer' was not provided.
    src/test/lang/parser.comprehensive.test.ts:68:7 - error TS2554: Expected 2 arguments, but got 1.

    68       parse(new Tokenizer('1 if 2 else 3 ;'));
             ~~~~~

      src/lang/parser.ts:42:31
        42 export function parse(vm: VM, tokenizer: Tokenizer): void {
                                         ~~~~~~~~~~~~~~~~~~~~
        An argument for 'tokenizer' was not provided.
    src/test/lang/parser.comprehensive.test.ts:85:7 - error TS2554: Expected 2 arguments, but got 1.

    85       parse(new Tokenizer('""'));
             ~~~~~

      src/lang/parser.ts:42:31
        42 export function parse(vm: VM, tokenizer: Tokenizer): void {
                                         ~~~~~~~~~~~~~~~~~~~~
        An argument for 'tokenizer' was not provided.
    src/test/lang/parser.comprehensive.test.ts:94:7 - error TS2554: Expected 2 arguments, but got 1.

    94       parse(new Tokenizer('"hello world"'));
             ~~~~~

      src/lang/parser.ts:42:31
        42 export function parse(vm: VM, tokenizer: Tokenizer): void {
                                         ~~~~~~~~~~~~~~~~~~~~
        An argument for 'tokenizer' was not provided.
    src/test/lang/parser.comprehensive.test.ts:105:7 - error TS2554: Expected 2 arguments, but got 1.

    105       parse(new Tokenizer("'test-symbol"));
              ~~~~~

      src/lang/parser.ts:42:31
        42 export function parse(vm: VM, tokenizer: Tokenizer): void {
                                         ~~~~~~~~~~~~~~~~~~~~
        An argument for 'tokenizer' was not provided.

 FAIL  src/test/lang/path-brackets.comprehensive.test.ts
  ● Test suite failed to run

    src/test/lang/path-brackets.comprehensive.test.ts:2:10 - error TS2305: Module '"../utils/vm-test-utils"' has no exported member 'initializeInterpreter'.

    2 import { initializeInterpreter, vm } from '../utils/vm-test-utils';
               ~~~~~~~~~~~~~~~~~~~~~
    src/test/lang/path-brackets.comprehensive.test.ts:2:33 - error TS2305: Module '"../utils/vm-test-utils"' has no exported member 'vm'.

    2 import { initializeInterpreter, vm } from '../utils/vm-test-utils';
                                      ~~
    src/test/lang/path-brackets.comprehensive.test.ts:13:5 - error TS2554: Expected 2 arguments, but got 1.

    13     executeProgram(': f ((1 2)(3 4)) var x x[0 1] ; f');
           ~~~~~~~~~~~~~~

      src/lang/interpreter.ts:94:40
        94 export function executeProgram(vm: VM, code: string): void {
                                                  ~~~~~~~~~~~~
        An argument for 'code' was not provided.
    src/test/lang/path-brackets.comprehensive.test.ts:19:5 - error TS2554: Expected 2 arguments, but got 1.

    19     executeProgram(': f (( (9 8) ) 7) var x x[0 0] length ; f');
           ~~~~~~~~~~~~~~

      src/lang/interpreter.ts:94:40
        94 export function executeProgram(vm: VM, code: string): void {
                                                  ~~~~~~~~~~~~
        An argument for 'code' was not provided.
    src/test/lang/path-brackets.comprehensive.test.ts:25:5 - error TS2554: Expected 2 arguments, but got 1.

    25     executeProgram('(1 2 3) [0]');
           ~~~~~~~~~~~~~~

      src/lang/interpreter.ts:94:40
        94 export function executeProgram(vm: VM, code: string): void {
                                                  ~~~~~~~~~~~~
        An argument for 'code' was not provided.
    src/test/lang/path-brackets.comprehensive.test.ts:34:5 - error TS2554: Expected 2 arguments, but got 1.

    34     executeProgram(code);
           ~~~~~~~~~~~~~~

      src/lang/interpreter.ts:94:40
        94 export function executeProgram(vm: VM, code: string): void {
                                                  ~~~~~~~~~~~~
        An argument for 'code' was not provided.
    src/test/lang/path-brackets.comprehensive.test.ts:48:5 - error TS2554: Expected 2 arguments, but got 1.

    48     executeProgram(code);
           ~~~~~~~~~~~~~~

      src/lang/interpreter.ts:94:40
        94 export function executeProgram(vm: VM, code: string): void {
                                                  ~~~~~~~~~~~~
        An argument for 'code' was not provided.
    src/test/lang/path-brackets.comprehensive.test.ts:54:5 - error TS2554: Expected 2 arguments, but got 1.

    54     executeProgram(': f ((1 2)(3 4)) var x 5 -> x[1 1] x[1 1] ; f');
           ~~~~~~~~~~~~~~

      src/lang/interpreter.ts:94:40
        94 export function executeProgram(vm: VM, code: string): void {
                                                  ~~~~~~~~~~~~
        An argument for 'code' was not provided.
    src/test/lang/path-brackets.comprehensive.test.ts:60:5 - error TS2554: Expected 2 arguments, but got 1.

    60     executeProgram(': f ( ( (9 9 9) 8 ) ) var x (1 2 3) -> x[0 0] x[0 0] length ; f');
           ~~~~~~~~~~~~~~

      src/lang/interpreter.ts:94:40
        94 export function executeProgram(vm: VM, code: string): void {
                                                  ~~~~~~~~~~~~
        An argument for 'code' was not provided.
    src/test/lang/path-brackets.comprehensive.test.ts:67:18 - error TS2554: Expected 2 arguments, but got 1.

    67     expect(() => executeProgram(code)).toThrow(/Incompatible compound assignment/);
                        ~~~~~~~~~~~~~~

      src/lang/interpreter.ts:94:40
        94 export function executeProgram(vm: VM, code: string): void {
                                                  ~~~~~~~~~~~~
        An argument for 'code' was not provided.
    src/test/lang/path-brackets.comprehensive.test.ts:72:18 - error TS2554: Expected 2 arguments, but got 1.

    72     expect(() => executeProgram(code)).toThrow(/store expects DATA_REF address/);
                        ~~~~~~~~~~~~~~

      src/lang/interpreter.ts:94:40
        94 export function executeProgram(vm: VM, code: string): void {
                                                  ~~~~~~~~~~~~
        An argument for 'code' was not provided.
    src/test/lang/path-brackets.comprehensive.test.ts:86:5 - error TS2554: Expected 2 arguments, but got 1.

    86     executeProgram(code);
           ~~~~~~~~~~~~~~

      src/lang/interpreter.ts:94:40
        94 export function executeProgram(vm: VM, code: string): void {
                                                  ~~~~~~~~~~~~
        An argument for 'code' was not provided.
    src/test/lang/path-brackets.comprehensive.test.ts:92:5 - error TS2554: Expected 2 arguments, but got 1.

    92     executeProgram(': f (1 2) var x x[] ; f');
           ~~~~~~~~~~~~~~

      src/lang/interpreter.ts:94:40
        94 export function executeProgram(vm: VM, code: string): void {
                                                  ~~~~~~~~~~~~
        An argument for 'code' was not provided.
    src/test/lang/path-brackets.comprehensive.test.ts:99:18 - error TS2554: Expected 2 arguments, but got 1.

    99     expect(() => executeProgram(code)).toThrow(/store expects DATA_REF address/i);
                        ~~~~~~~~~~~~~~

      src/lang/interpreter.ts:94:40
        94 export function executeProgram(vm: VM, code: string): void {
                                                  ~~~~~~~~~~~~
        An argument for 'code' was not provided.
    src/test/lang/path-brackets.comprehensive.test.ts:103:5 - error TS2554: Expected 2 arguments, but got 1.

    103     executeProgram(': f ((1 2)(3 4)) var x x[ 0   1 ] ; f');
            ~~~~~~~~~~~~~~

      src/lang/interpreter.ts:94:40
        94 export function executeProgram(vm: VM, code: string): void {
                                                  ~~~~~~~~~~~~
        An argument for 'code' was not provided.
    src/test/lang/path-brackets.comprehensive.test.ts:109:18 - error TS2554: Expected 2 arguments, but got 1.

    109     expect(() => executeProgram(': f (1 2) var x x[foo] ; f')).toThrow(
                         ~~~~~~~~~~~~~~

      src/lang/interpreter.ts:94:40
        94 export function executeProgram(vm: VM, code: string): void {
                                                  ~~~~~~~~~~~~
        An argument for 'code' was not provided.
    src/test/lang/path-brackets.comprehensive.test.ts:115:5 - error TS2554: Expected 2 arguments, but got 1.

    115     executeProgram(': f (10 20) var x x[-1] ; f');
            ~~~~~~~~~~~~~~

      src/lang/interpreter.ts:94:40
        94 export function executeProgram(vm: VM, code: string): void {
                                                  ~~~~~~~~~~~~
        An argument for 'code' was not provided.
    src/test/lang/path-brackets.comprehensive.test.ts:122:18 - error TS2554: Expected 2 arguments, but got 1.

    122     expect(() => executeProgram(code)).toThrow(/store expects DATA_REF address/i);
                         ~~~~~~~~~~~~~~

      src/lang/interpreter.ts:94:40
        94 export function executeProgram(vm: VM, code: string): void {
                                                  ~~~~~~~~~~~~
        An argument for 'code' was not provided.
    src/test/lang/path-brackets.comprehensive.test.ts:135:5 - error TS2554: Expected 2 arguments, but got 1.

    135     executeProgram(code);
            ~~~~~~~~~~~~~~

      src/lang/interpreter.ts:94:40
        94 export function executeProgram(vm: VM, code: string): void {
                                                  ~~~~~~~~~~~~
        An argument for 'code' was not provided.

 FAIL  src/test/lang/parser.test.ts
  ● Test suite failed to run

    src/test/lang/parser.test.ts:3:10 - error TS2305: Module '"../utils/vm-test-utils"' has no exported member 'initializeInterpreter'.

    3 import { initializeInterpreter, vm } from '../utils/vm-test-utils';
               ~~~~~~~~~~~~~~~~~~~~~
    src/test/lang/parser.test.ts:3:33 - error TS2305: Module '"../utils/vm-test-utils"' has no exported member 'vm'.

    3 import { initializeInterpreter, vm } from '../utils/vm-test-utils';
                                      ~~
    src/test/lang/parser.test.ts:20:7 - error TS2554: Expected 2 arguments, but got 1.

    20       parse(new Tokenizer('42 -3.14 +5'));
             ~~~~~

      src/lang/parser.ts:42:31
        42 export function parse(vm: VM, tokenizer: Tokenizer): void {
                                         ~~~~~~~~~~~~~~~~~~~~
        An argument for 'tokenizer' was not provided.
    src/test/lang/parser.test.ts:31:7 - error TS2554: Expected 2 arguments, but got 1.

    31       parse(new Tokenizer('dup drop swap add sub'));
             ~~~~~

      src/lang/parser.ts:42:31
        42 export function parse(vm: VM, tokenizer: Tokenizer): void {
                                         ~~~~~~~~~~~~~~~~~~~~
        An argument for 'tokenizer' was not provided.
    src/test/lang/parser.test.ts:41:7 - error TS2554: Expected 2 arguments, but got 1.

    41       parse(new Tokenizer('10 dup mul 5 add'));
             ~~~~~

      src/lang/parser.ts:42:31
        42 export function parse(vm: VM, tokenizer: Tokenizer): void {
                                         ~~~~~~~~~~~~~~~~~~~~
        An argument for 'tokenizer' was not provided.
    src/test/lang/parser.test.ts:53:7 - error TS2554: Expected 2 arguments, but got 1.

    53       parse(new Tokenizer(''));
             ~~~~~

      src/lang/parser.ts:42:31
        42 export function parse(vm: VM, tokenizer: Tokenizer): void {
                                         ~~~~~~~~~~~~~~~~~~~~
        An argument for 'tokenizer' was not provided.
    src/test/lang/parser.test.ts:61:7 - error TS2554: Expected 2 arguments, but got 1.

    61       parse(new Tokenizer(': double dup add ;'));
             ~~~~~

      src/lang/parser.ts:42:31
        42 export function parse(vm: VM, tokenizer: Tokenizer): void {
                                         ~~~~~~~~~~~~~~~~~~~~
        An argument for 'tokenizer' was not provided.
    src/test/lang/parser.test.ts:73:7 - error TS2554: Expected 2 arguments, but got 1.

    73       parse(new Tokenizer(': plus2 2 add ;'));
             ~~~~~

      src/lang/parser.ts:42:31
        42 export function parse(vm: VM, tokenizer: Tokenizer): void {
                                         ~~~~~~~~~~~~~~~~~~~~
        An argument for 'tokenizer' was not provided.
    src/test/lang/parser.test.ts:77:7 - error TS2554: Expected 2 arguments, but got 1.

    77       parse(new Tokenizer(': 123 dup mul ;'));
             ~~~~~

      src/lang/parser.ts:42:31
        42 export function parse(vm: VM, tokenizer: Tokenizer): void {
                                         ~~~~~~~~~~~~~~~~~~~~
        An argument for 'tokenizer' was not provided.
    src/test/lang/parser.test.ts:81:7 - error TS2554: Expected 2 arguments, but got 1.

    81       parse(new Tokenizer(': empty ;'));
             ~~~~~

      src/lang/parser.ts:42:31
        42 export function parse(vm: VM, tokenizer: Tokenizer): void {
                                         ~~~~~~~~~~~~~~~~~~~~
        An argument for 'tokenizer' was not provided.
    src/test/lang/parser.test.ts:91:20 - error TS2554: Expected 2 arguments, but got 1.

    91       expect(() => parse(new Tokenizer(': square dup mul'))).toThrow(
                          ~~~~~

      src/lang/parser.ts:42:31
        42 export function parse(vm: VM, tokenizer: Tokenizer): void {
                                         ~~~~~~~~~~~~~~~~~~~~
        An argument for 'tokenizer' was not provided.
    src/test/lang/parser.test.ts:96:20 - error TS2554: Expected 2 arguments, but got 1.

    96       expect(() => parse(new Tokenizer('10 ;'))).toThrow('Unexpected semicolon');
                          ~~~~~

      src/lang/parser.ts:42:31
        42 export function parse(vm: VM, tokenizer: Tokenizer): void {
                                         ~~~~~~~~~~~~~~~~~~~~
        An argument for 'tokenizer' was not provided.
    src/test/lang/parser.test.ts:99:20 - error TS2554: Expected 2 arguments, but got 1.

    99       expect(() => parse(new Tokenizer(': outer : inner ; ;'))).toThrow(
                          ~~~~~

      src/lang/parser.ts:42:31
        42 export function parse(vm: VM, tokenizer: Tokenizer): void {
                                         ~~~~~~~~~~~~~~~~~~~~
        An argument for 'tokenizer' was not provided.
    src/test/lang/parser.test.ts:107:7 - error TS2554: Expected 2 arguments, but got 1.

    107       parse(new Tokenizer(': double dup add ; : triple dup dup add add ;'));
              ~~~~~

      src/lang/parser.ts:42:31
        42 export function parse(vm: VM, tokenizer: Tokenizer): void {
                                         ~~~~~~~~~~~~~~~~~~~~
        An argument for 'tokenizer' was not provided.
    src/test/lang/parser.test.ts:112:7 - error TS2554: Expected 2 arguments, but got 1.

    112       parse(new Tokenizer(': double dup add ; : quadruple double double ;'));
              ~~~~~

      src/lang/parser.ts:42:31
        42 export function parse(vm: VM, tokenizer: Tokenizer): void {
                                         ~~~~~~~~~~~~~~~~~~~~
        An argument for 'tokenizer' was not provided.
    src/test/lang/parser.test.ts:120:20 - error TS2554: Expected 2 arguments, but got 1.

    120       expect(() => parse(new Tokenizer(': test 1 add'))).toThrow('Unclosed definition for test');
                           ~~~~~

      src/lang/parser.ts:42:31
        42 export function parse(vm: VM, tokenizer: Tokenizer): void {
                                         ~~~~~~~~~~~~~~~~~~~~
        An argument for 'tokenizer' was not provided.
    src/test/lang/parser.test.ts:121:20 - error TS2554: Expected 2 arguments, but got 1.

    121       expect(() => parse(new Tokenizer(':'))).toThrow('Expected word name after :');
                           ~~~~~

      src/lang/parser.ts:42:31
        42 export function parse(vm: VM, tokenizer: Tokenizer): void {
                                         ~~~~~~~~~~~~~~~~~~~~
        An argument for 'tokenizer' was not provided.
    src/test/lang/parser.test.ts:124:20 - error TS2554: Expected 2 arguments, but got 1.

    124       expect(() => parse(new Tokenizer('"unterminated string'))).toThrow('Unterminated string');
                           ~~~~~

      src/lang/parser.ts:42:31
        42 export function parse(vm: VM, tokenizer: Tokenizer): void {
                                         ~~~~~~~~~~~~~~~~~~~~
        An argument for 'tokenizer' was not provided.
    src/test/lang/parser.test.ts:127:20 - error TS2554: Expected 2 arguments, but got 1.

    127       expect(() => parse(new Tokenizer('unknown_word'))).toThrow('Undefined word: unknown_word');
                           ~~~~~

      src/lang/parser.ts:42:31
        42 export function parse(vm: VM, tokenizer: Tokenizer): void {
                                         ~~~~~~~~~~~~~~~~~~~~
        An argument for 'tokenizer' was not provided.
    src/test/lang/parser.test.ts:136:7 - error TS2554: Expected 2 arguments, but got 1.

    136       parse(new Tokenizer(': double dup add ;'));
              ~~~~~

      src/lang/parser.ts:42:31
        42 export function parse(vm: VM, tokenizer: Tokenizer): void {
                                         ~~~~~~~~~~~~~~~~~~~~
        An argument for 'tokenizer' was not provided.
    src/test/lang/parser.test.ts:140:7 - error TS2554: Expected 2 arguments, but got 1.

    140       parse(new Tokenizer(': double dup add ; : square dup mul ;'));
              ~~~~~

      src/lang/parser.ts:42:31
        42 export function parse(vm: VM, tokenizer: Tokenizer): void {
                                         ~~~~~~~~~~~~~~~~~~~~
        An argument for 'tokenizer' was not provided.
    src/test/lang/parser.test.ts:145:7 - error TS2554: Expected 2 arguments, but got 1.

    145       parse(new Tokenizer(': x2 2 mul ;'));
              ~~~~~

      src/lang/parser.ts:42:31
        42 export function parse(vm: VM, tokenizer: Tokenizer): void {
                                         ~~~~~~~~~~~~~~~~~~~~
        An argument for 'tokenizer' was not provided.
    src/test/lang/parser.test.ts:148:9 - error TS2554: Expected 2 arguments, but got 1.

    148         parse(new Tokenizer(': 2times 2 mul ;'));
                ~~~~~

      src/lang/parser.ts:42:31
        42 export function parse(vm: VM, tokenizer: Tokenizer): void {
                                         ~~~~~~~~~~~~~~~~~~~~
        An argument for 'tokenizer' was not provided.
    src/test/lang/parser.test.ts:155:7 - error TS2554: Expected 2 arguments, but got 1.

    155       parse(new Tokenizer(': double? dup 0 gt ;'));
              ~~~~~

      src/lang/parser.ts:42:31
        42 export function parse(vm: VM, tokenizer: Tokenizer): void {
                                         ~~~~~~~~~~~~~~~~~~~~
        An argument for 'tokenizer' was not provided.
    src/test/lang/parser.test.ts:165:7 - error TS2554: Expected 2 arguments, but got 1.

    165       parse(new Tokenizer('123'));
              ~~~~~

      src/lang/parser.ts:42:31
        42 export function parse(vm: VM, tokenizer: Tokenizer): void {
                                         ~~~~~~~~~~~~~~~~~~~~
        An argument for 'tokenizer' was not provided.
    src/test/lang/parser.test.ts:170:7 - error TS2554: Expected 2 arguments, but got 1.

    170       parse(new Tokenizer('-42'));
              ~~~~~

      src/lang/parser.ts:42:31
        42 export function parse(vm: VM, tokenizer: Tokenizer): void {
                                         ~~~~~~~~~~~~~~~~~~~~
        An argument for 'tokenizer' was not provided.
    src/test/lang/parser.test.ts:175:7 - error TS2554: Expected 2 arguments, but got 1.

    175       parse(new Tokenizer('3.14159'));
              ~~~~~

      src/lang/parser.ts:42:31
        42 export function parse(vm: VM, tokenizer: Tokenizer): void {
                                         ~~~~~~~~~~~~~~~~~~~~
        An argument for 'tokenizer' was not provided.
    src/test/lang/parser.test.ts:180:7 - error TS2554: Expected 2 arguments, but got 1.

    180       parse(new Tokenizer('1 2 3'));
              ~~~~~

      src/lang/parser.ts:42:31
        42 export function parse(vm: VM, tokenizer: Tokenizer): void {
                                         ~~~~~~~~~~~~~~~~~~~~
        An argument for 'tokenizer' was not provided.
    src/test/lang/parser.test.ts:191:7 - error TS2554: Expected 2 arguments, but got 1.

    191       parse(new Tokenizer('1 2 \\ This is a comment\n3'));
              ~~~~~

      src/lang/parser.ts:42:31
        42 export function parse(vm: VM, tokenizer: Tokenizer): void {
                                         ~~~~~~~~~~~~~~~~~~~~
        An argument for 'tokenizer' was not provided.
    src/test/lang/parser.test.ts:195:7 - error TS2554: Expected 2 arguments, but got 1.

    195       parse(new Tokenizer('1 2 \\ comment\n3 4 \\ another comment'));
              ~~~~~

      src/lang/parser.ts:42:31
        42 export function parse(vm: VM, tokenizer: Tokenizer): void {
                                         ~~~~~~~~~~~~~~~~~~~~
        An argument for 'tokenizer' was not provided.
    src/test/lang/parser.test.ts:199:7 - error TS2554: Expected 2 arguments, but got 1.

    199       parse(new Tokenizer('1\n\n2\n\n3'));
              ~~~~~

      src/lang/parser.ts:42:31
        42 export function parse(vm: VM, tokenizer: Tokenizer): void {
                                         ~~~~~~~~~~~~~~~~~~~~
        An argument for 'tokenizer' was not provided.
    src/test/lang/parser.test.ts:203:7 - error TS2554: Expected 2 arguments, but got 1.

    203       parse(new Tokenizer('   1   2   3   '));
              ~~~~~

      src/lang/parser.ts:42:31
        42 export function parse(vm: VM, tokenizer: Tokenizer): void {
                                         ~~~~~~~~~~~~~~~~~~~~
        An argument for 'tokenizer' was not provided.
    src/test/lang/parser.test.ts:213:20 - error TS2554: Expected 2 arguments, but got 1.

    213       expect(() => parse(new Tokenizer('"hello"'))).not.toThrow();
                           ~~~~~

      src/lang/parser.ts:42:31
        42 export function parse(vm: VM, tokenizer: Tokenizer): void {
                                         ~~~~~~~~~~~~~~~~~~~~
        An argument for 'tokenizer' was not provided.
    src/test/lang/parser.test.ts:216:20 - error TS2554: Expected 2 arguments, but got 1.

    216       expect(() => parse(new Tokenizer('""'))).not.toThrow();
                           ~~~~~

      src/lang/parser.ts:42:31
        42 export function parse(vm: VM, tokenizer: Tokenizer): void {
                                         ~~~~~~~~~~~~~~~~~~~~
        An argument for 'tokenizer' was not provided.
    src/test/lang/parser.test.ts:219:20 - error TS2554: Expected 2 arguments, but got 1.

    219       expect(() => parse(new Tokenizer('"hello\\nworld"'))).not.toThrow();
                           ~~~~~

      src/lang/parser.ts:42:31
        42 export function parse(vm: VM, tokenizer: Tokenizer): void {
                                         ~~~~~~~~~~~~~~~~~~~~
        An argument for 'tokenizer' was not provided.
    src/test/lang/parser.test.ts:222:20 - error TS2554: Expected 2 arguments, but got 1.

    222       expect(() => parse(new Tokenizer('"special-chars"'))).not.toThrow();
                           ~~~~~

      src/lang/parser.ts:42:31
        42 export function parse(vm: VM, tokenizer: Tokenizer): void {
                                         ~~~~~~~~~~~~~~~~~~~~
        An argument for 'tokenizer' was not provided.

 FAIL  src/test/lang/parser-redefinition.test.ts
  ● Test suite failed to run

    src/test/lang/parser-redefinition.test.ts:2:10 - error TS2305: Module '"../utils/vm-test-utils"' has no exported member 'resetVM'.

    2 import { resetVM } from '../utils/vm-test-utils';
               ~~~~~~~
    src/test/lang/parser-redefinition.test.ts:24:37 - error TS2554: Expected 2 arguments, but got 1.

    24     const out = captureOutput(() => executeProgram(': x 123 . ; x : x x x ; x'));
                                           ~~~~~~~~~~~~~~

      src/lang/interpreter.ts:94:40
        94 export function executeProgram(vm: VM, code: string): void {
                                                  ~~~~~~~~~~~~
        An argument for 'code' was not provided.

 FAIL  src/test/lang/parser-list.test.ts
  ● Test suite failed to run

    src/test/lang/parser-list.test.ts:2:10 - error TS2305: Module '"../utils/vm-test-utils"' has no exported member 'initializeInterpreter'.

    2 import { initializeInterpreter, vm } from '../utils/vm-test-utils';
               ~~~~~~~~~~~~~~~~~~~~~
    src/test/lang/parser-list.test.ts:2:33 - error TS2305: Module '"../utils/vm-test-utils"' has no exported member 'vm'.

    2 import { initializeInterpreter, vm } from '../utils/vm-test-utils';
                                      ~~
    src/test/lang/parser-list.test.ts:19:5 - error TS2554: Expected 2 arguments, but got 1.

    19     executeProgram('( 1 2 3 )');
           ~~~~~~~~~~~~~~

      src/lang/interpreter.ts:94:40
        94 export function executeProgram(vm: VM, code: string): void {
                                                  ~~~~~~~~~~~~
        An argument for 'code' was not provided.
    src/test/lang/parser-list.test.ts:28:5 - error TS2554: Expected 2 arguments, but got 1.

    28     executeProgram('( 1 ( 2 3 ) 4 )');
           ~~~~~~~~~~~~~~

      src/lang/interpreter.ts:94:40
        94 export function executeProgram(vm: VM, code: string): void {
                                                  ~~~~~~~~~~~~
        An argument for 'code' was not provided.
    src/test/lang/parser-list.test.ts:36:18 - error TS2554: Expected 2 arguments, but got 1.

    36     expect(() => parse(new Tokenizer(')'))).toThrow();
                        ~~~~~

      src/lang/parser.ts:42:31
        42 export function parse(vm: VM, tokenizer: Tokenizer): void {
                                         ~~~~~~~~~~~~~~~~~~~~
        An argument for 'tokenizer' was not provided.
    src/test/lang/parser-list.test.ts:40:18 - error TS2554: Expected 2 arguments, but got 1.

    40     expect(() => parse(new Tokenizer('( 1 2 3'))).toThrow();
                        ~~~~~

      src/lang/parser.ts:42:31
        42 export function parse(vm: VM, tokenizer: Tokenizer): void {
                                         ~~~~~~~~~~~~~~~~~~~~
        An argument for 'tokenizer' was not provided.

 FAIL  src/test/lang/interpreter-coverage.test.ts
  ● Test suite failed to run

    src/test/lang/interpreter-coverage.test.ts:6:10 - error TS2305: Module '"../utils/vm-test-utils"' has no exported member 'vm'.

    6 import { vm, initializeInterpreter } from '../utils/vm-test-utils';
               ~~
    src/test/lang/interpreter-coverage.test.ts:6:14 - error TS2305: Module '"../utils/vm-test-utils"' has no exported member 'initializeInterpreter'.

    6 import { vm, initializeInterpreter } from '../utils/vm-test-utils';
                   ~~~~~~~~~~~~~~~~~~~~~
    src/test/lang/interpreter-coverage.test.ts:22:7 - error TS2554: Expected 2 arguments, but got 1.

    22       executeProgram('5 3 add');
             ~~~~~~~~~~~~~~

      src/lang/interpreter.ts:94:40
        94 export function executeProgram(vm: VM, code: string): void {
                                                  ~~~~~~~~~~~~
        An argument for 'code' was not provided.
    src/test/lang/interpreter-coverage.test.ts:35:9 - error TS2554: Expected 2 arguments, but got 1.

    35         executeProgram('drop');
               ~~~~~~~~~~~~~~

      src/lang/interpreter.ts:94:40
        94 export function executeProgram(vm: VM, code: string): void {
                                                  ~~~~~~~~~~~~
        An argument for 'code' was not provided.
    src/test/lang/interpreter-coverage.test.ts:53:9 - error TS2554: Expected 2 arguments, but got 1.

    53         execute(codeAddr);
               ~~~~~~~

      src/lang/interpreter.ts:43:33
        43 export function execute(vm: VM, start: number): void {
                                           ~~~~~~~~~~~~~
        An argument for 'start' was not provided.
    src/test/lang/interpreter-coverage.test.ts:64:9 - error TS2554: Expected 2 arguments, but got 1.

    64         executeProgram('drop');
               ~~~~~~~~~~~~~~

      src/lang/interpreter.ts:94:40
        94 export function executeProgram(vm: VM, code: string): void {
                                                  ~~~~~~~~~~~~
        An argument for 'code' was not provided.
    src/test/lang/interpreter-coverage.test.ts:79:20 - error TS2554: Expected 2 arguments, but got 1.

    79       expect(() => executeProgram('')).not.toThrow();
                          ~~~~~~~~~~~~~~

      src/lang/interpreter.ts:94:40
        94 export function executeProgram(vm: VM, code: string): void {
                                                  ~~~~~~~~~~~~
        An argument for 'code' was not provided.
    src/test/lang/interpreter-coverage.test.ts:83:20 - error TS2554: Expected 2 arguments, but got 1.

    83       expect(() => executeProgram('   \n\t  ')).not.toThrow();
                          ~~~~~~~~~~~~~~

      src/lang/interpreter.ts:94:40
        94 export function executeProgram(vm: VM, code: string): void {
                                                  ~~~~~~~~~~~~
        An argument for 'code' was not provided.

 FAIL  src/test/lang/list-compilation.test.ts
  ● Test suite failed to run

    src/test/lang/list-compilation.test.ts:3:10 - error TS2305: Module '"../utils/vm-test-utils"' has no exported member 'initializeInterpreter'.

    3 import { initializeInterpreter, vm } from '../utils/vm-test-utils';
               ~~~~~~~~~~~~~~~~~~~~~
    src/test/lang/list-compilation.test.ts:3:33 - error TS2305: Module '"../utils/vm-test-utils"' has no exported member 'vm'.

    3 import { initializeInterpreter, vm } from '../utils/vm-test-utils';
                                      ~~
    src/test/lang/list-compilation.test.ts:24:5 - error TS2554: Expected 2 arguments, but got 1.

    24     parse(new Tokenizer('( 1 2 3 )'));
           ~~~~~

      src/lang/parser.ts:42:31
        42 export function parse(vm: VM, tokenizer: Tokenizer): void {
                                         ~~~~~~~~~~~~~~~~~~~~
        An argument for 'tokenizer' was not provided.
    src/test/lang/list-compilation.test.ts:48:5 - error TS2554: Expected 2 arguments, but got 1.

    48     parse(new Tokenizer('( 1 ( 2 3 ) 4 )'));
           ~~~~~

      src/lang/parser.ts:42:31
        42 export function parse(vm: VM, tokenizer: Tokenizer): void {
                                         ~~~~~~~~~~~~~~~~~~~~
        An argument for 'tokenizer' was not provided.

 FAIL  src/test/lang/conditionals-immediate.test.ts
  ● Test suite failed to run

    src/test/lang/conditionals-immediate.test.ts:4:10 - error TS2305: Module '"../utils/vm-test-utils"' has no exported member 'vm'.

    4 import { vm } from '../utils/vm-test-utils';
               ~~
    src/test/lang/conditionals-immediate.test.ts:10:10 - error TS2305: Module '"../utils/vm-test-utils"' has no exported member 'resetVM'.

    10 import { resetVM, verifyTaggedValue } from '../utils/vm-test-utils';
                ~~~~~~~

 FAIL  src/test/lang/compiler.test.ts
  ● Test suite failed to run

    src/test/lang/compiler.test.ts:2:10 - error TS2305: Module '"../utils/vm-test-utils"' has no exported member 'initializeInterpreter'.

    2 import { initializeInterpreter, vm } from '../utils/vm-test-utils';
               ~~~~~~~~~~~~~~~~~~~~~
    src/test/lang/compiler.test.ts:2:33 - error TS2305: Module '"../utils/vm-test-utils"' has no exported member 'vm'.

    2 import { initializeInterpreter, vm } from '../utils/vm-test-utils';
                                      ~~

 FAIL  src/test/lang/compiler-coverage.test.ts
  ● Test suite failed to run

    src/test/lang/compiler-coverage.test.ts:6:10 - error TS2305: Module '"../utils/vm-test-utils"' has no exported member 'vm'.

    6 import { vm, initializeInterpreter } from '../utils/vm-test-utils';
               ~~
    src/test/lang/compiler-coverage.test.ts:6:14 - error TS2305: Module '"../utils/vm-test-utils"' has no exported member 'initializeInterpreter'.

    6 import { vm, initializeInterpreter } from '../utils/vm-test-utils';
                   ~~~~~~~~~~~~~~~~~~~~~

 FAIL  src/test/lang/case-immediate.test.ts
  ● Test suite failed to run

    src/test/lang/case-immediate.test.ts:4:10 - error TS2305: Module '"../utils/vm-test-utils"' has no exported member 'vm'.

    4 import { vm } from '../utils/vm-test-utils';
               ~~
    src/test/lang/case-immediate.test.ts:17:10 - error TS2305: Module '"../utils/vm-test-utils"' has no exported member 'resetVM'.

    17 import { resetVM } from '../utils/vm-test-utils';
                ~~~~~~~

 FAIL  src/test/lang/case-corruption-branch.test.ts
  ● Test suite failed to run

    src/test/lang/case-corruption-branch.test.ts:1:10 - error TS2305: Module '"../utils/vm-test-utils"' has no exported member 'vm'.

    1 import { vm } from '../utils/vm-test-utils';
               ~~
    src/test/lang/case-corruption-branch.test.ts:2:10 - error TS2305: Module '"../utils/vm-test-utils"' has no exported member 'resetVM'.

    2 import { resetVM } from '../utils/vm-test-utils';
               ~~~~~~~

 FAIL  src/test/strings/dictionary-payloads.test.ts
  ● Test suite failed to run

    src/test/strings/dictionary-payloads.test.ts:2:10 - error TS2305: Module '"../utils/vm-test-utils"' has no exported member 'resetVM'.

    2 import { resetVM } from '../utils/vm-test-utils';
               ~~~~~~~
    src/test/strings/dictionary-payloads.test.ts:3:10 - error TS2305: Module '"../utils/vm-test-utils"' has no exported member 'vm'.

    3 import { vm } from '../utils/vm-test-utils';
               ~~

 FAIL  src/test/strings/dictionary-builtins.test.ts
  ● Test suite failed to run

    src/test/strings/dictionary-builtins.test.ts:2:10 - error TS2305: Module '"../utils/vm-test-utils"' has no exported member 'resetVM'.

    2 import { resetVM } from '../utils/vm-test-utils';
               ~~~~~~~
    src/test/strings/dictionary-builtins.test.ts:3:10 - error TS2305: Module '"../utils/vm-test-utils"' has no exported member 'vm'.

    3 import { vm } from '../utils/vm-test-utils';
               ~~

 FAIL  src/test/core/vm-stack-operations.test.ts
  ● Test suite failed to run

    src/test/core/vm-stack-operations.test.ts:9:10 - error TS2305: Module '"../utils/vm-test-utils"' has no exported member 'initializeInterpreter'.

    9 import { initializeInterpreter, vm } from '../utils/vm-test-utils';
               ~~~~~~~~~~~~~~~~~~~~~
    src/test/core/vm-stack-operations.test.ts:9:33 - error TS2305: Module '"../utils/vm-test-utils"' has no exported member 'vm'.

    9 import { initializeInterpreter, vm } from '../utils/vm-test-utils';
                                      ~~

 FAIL  src/test/core/vm-unified-dispatch.test.ts
  ● Test suite failed to run

    src/test/core/vm-unified-dispatch.test.ts:9:10 - error TS2305: Module '"../utils/vm-test-utils"' has no exported member 'vm'.

    9 import { vm } from '../utils/vm-test-utils';
               ~~
    src/test/core/vm-unified-dispatch.test.ts:11:10 - error TS2305: Module '"../utils/vm-test-utils"' has no exported member 'resetVM'.

    11 import { resetVM } from '../utils/vm-test-utils';
                ~~~~~~~

 FAIL  src/test/core/vm-symbol-resolution.test.ts
  ● Test suite failed to run

    src/test/core/vm-symbol-resolution.test.ts:9:10 - error TS2305: Module '"../utils/vm-test-utils"' has no exported member 'vm'.

    9 import { vm } from '../utils/vm-test-utils';
               ~~
    src/test/core/vm-symbol-resolution.test.ts:11:10 - error TS2305: Module '"../utils/vm-test-utils"' has no exported member 'resetVM'.

    11 import { resetVM } from '../utils/vm-test-utils';
                ~~~~~~~

 FAIL  src/test/core/vm-push-symbol-ref.test.ts
  ● Test suite failed to run

    src/test/core/vm-push-symbol-ref.test.ts:8:10 - error TS2305: Module '"../utils/vm-test-utils"' has no exported member 'resetVM'.

    8 import { resetVM } from '../utils/vm-test-utils';
               ~~~~~~~
    src/test/core/vm-push-symbol-ref.test.ts:9:10 - error TS2305: Module '"../utils/vm-test-utils"' has no exported member 'vm'.

    9 import { vm } from '../utils/vm-test-utils';
               ~~

 FAIL  src/test/core/vm-ip-operations.test.ts
  ● Test suite failed to run

    src/test/core/vm-ip-operations.test.ts:4:10 - error TS2305: Module '"../utils/vm-test-utils"' has no exported member 'initializeInterpreter'.

    4 import { initializeInterpreter, vm } from '../utils/vm-test-utils';
               ~~~~~~~~~~~~~~~~~~~~~
    src/test/core/vm-ip-operations.test.ts:4:33 - error TS2305: Module '"../utils/vm-test-utils"' has no exported member 'vm'.

    4 import { initializeInterpreter, vm } from '../utils/vm-test-utils';
                                      ~~

 FAIL  src/test/core/vm-comprehensive-testing.test.ts
  ● Test suite failed to run

    src/test/core/vm-comprehensive-testing.test.ts:18:10 - error TS2305: Module '"../utils/vm-test-utils"' has no exported member 'resetVM'.

    18 import { resetVM } from '../utils/vm-test-utils';
                ~~~~~~~
    src/test/core/vm-comprehensive-testing.test.ts:19:10 - error TS2305: Module '"../utils/vm-test-utils"' has no exported member 'vm'.

    19 import { vm } from '../utils/vm-test-utils';
                ~~

 FAIL  src/test/core/vm-abs-registers.test.ts
  ● Test suite failed to run

    src/test/core/vm-abs-registers.test.ts:3:10 - error TS2305: Module '"../utils/vm-test-utils"' has no exported member 'vm'.

    3 import { vm } from '../utils/vm-test-utils';
               ~~
    src/test/core/vm-abs-registers.test.ts:4:10 - error TS2305: Module '"../utils/vm-test-utils"' has no exported member 'resetVM'.

    4 import { resetVM } from '../utils/vm-test-utils';
               ~~~~~~~

 FAIL  src/test/core/unified-data-ref.test.ts
  ● Test suite failed to run

    src/test/core/unified-data-ref.test.ts:21:10 - error TS2305: Module '"../utils/vm-test-utils"' has no exported member 'initializeInterpreter'.

    21 import { initializeInterpreter, vm } from '../utils/vm-test-utils';
                ~~~~~~~~~~~~~~~~~~~~~
    src/test/core/unified-data-ref.test.ts:21:33 - error TS2305: Module '"../utils/vm-test-utils"' has no exported member 'vm'.

    21 import { initializeInterpreter, vm } from '../utils/vm-test-utils';
                                       ~~

 FAIL  src/test/core/tagged-value-roundtrip.test.ts
  ● Test suite failed to run

    src/test/core/tagged-value-roundtrip.test.ts:4:10 - error TS2305: Module '"../utils/vm-test-utils"' has no exported member 'resetVM'.

    4 import { resetVM } from '../utils/vm-test-utils';
               ~~~~~~~
    src/test/core/tagged-value-roundtrip.test.ts:5:10 - error TS2305: Module '"../utils/vm-test-utils"' has no exported member 'vm'.

    5 import { vm } from '../utils/vm-test-utils';
               ~~

 FAIL  src/test/core/reference-formatting.test.ts
  ● Test suite failed to run

    src/test/core/reference-formatting.test.ts:20:9 - error TS2554: Expected 2 arguments, but got 3.

    20         `
               ~
    21         : test-local-ref (1 2 3) var x x . ;
       ~~~~~~~~~~~~~~~~~~~~~~~~~~~~~~~~~~~~~~~~~~~~
    22         test-local-ref
       ~~~~~~~~~~~~~~~~~~~~~~
    23       `,
       ~~~~~~~
    src/test/core/reference-formatting.test.ts:57:9 - error TS2554: Expected 2 arguments, but got 3.

    57         `
               ~
    58         : test-simple-ref 42 var x x . ;
       ~~~~~~~~~~~~~~~~~~~~~~~~~~~~~~~~~~~~~~~~
    59         test-simple-ref
       ~~~~~~~~~~~~~~~~~~~~~~~
    60       `,
       ~~~~~~~

 FAIL  src/test/core/memory-segdata.test.ts
  ● Test suite failed to run

    src/test/core/memory-segdata.test.ts:2:10 - error TS2305: Module '"../utils/vm-test-utils"' has no exported member 'vm'.

    2 import { vm } from '../utils/vm-test-utils';
               ~~
    src/test/core/memory-segdata.test.ts:3:10 - error TS2305: Module '"../utils/vm-test-utils"' has no exported member 'resetVM'.

    3 import { resetVM } from '../utils/vm-test-utils';
               ~~~~~~~

 FAIL  src/test/core/list.coverage.test.ts
  ● Test suite failed to run

    src/test/core/list.coverage.test.ts:1:10 - error TS2305: Module '"../utils/vm-test-utils"' has no exported member 'initializeInterpreter'.

    1 import { initializeInterpreter, vm } from '../utils/vm-test-utils';
               ~~~~~~~~~~~~~~~~~~~~~
    src/test/core/list.coverage.test.ts:1:33 - error TS2305: Module '"../utils/vm-test-utils"' has no exported member 'vm'.

    1 import { initializeInterpreter, vm } from '../utils/vm-test-utils';
                                      ~~

 FAIL  src/test/core/list-memory.test.ts
  ● Test suite failed to run

    src/lang/meta/definitions.ts:3:10 - error TS2459: Module '"../runtime"' declares 'vm' locally, but it is not exported.

    3 import { vm } from '../runtime';
               ~~

      src/lang/runtime.ts:15:5
        15 let vm: VM;
               ~~
        'vm' is declared here.

 FAIL  src/test/core/format-utils.test.ts
  ● Test suite failed to run

    src/test/core/format-utils.test.ts:2:10 - error TS2305: Module '"../utils/vm-test-utils"' has no exported member 'initializeInterpreter'.

    2 import { initializeInterpreter, vm } from '../utils/vm-test-utils';
               ~~~~~~~~~~~~~~~~~~~~~
    src/test/core/format-utils.test.ts:2:33 - error TS2305: Module '"../utils/vm-test-utils"' has no exported member 'vm'.

    2 import { initializeInterpreter, vm } from '../utils/vm-test-utils';
                                      ~~

 FAIL  src/test/core/format-utils.coverage.test.ts
  ● Test suite failed to run

    src/test/core/format-utils.coverage.test.ts:1:10 - error TS2305: Module '"../utils/vm-test-utils"' has no exported member 'initializeInterpreter'.

    1 import { initializeInterpreter, vm } from '../utils/vm-test-utils';
               ~~~~~~~~~~~~~~~~~~~~~
    src/test/core/format-utils.coverage.test.ts:1:33 - error TS2305: Module '"../utils/vm-test-utils"' has no exported member 'vm'.

    1 import { initializeInterpreter, vm } from '../utils/vm-test-utils';
                                      ~~

 FAIL  src/test/integration/symbol-table-integration.test.ts
  ● Test suite failed to run

    src/test/integration/symbol-table-integration.test.ts:17:10 - error TS2305: Module '"../utils/vm-test-utils"' has no exported member 'vm'.

    17 import { vm } from '../utils/vm-test-utils';
                ~~
    src/test/integration/symbol-table-integration.test.ts:19:10 - error TS2305: Module '"../utils/vm-test-utils"' has no exported member 'resetVM'.

    19 import { resetVM } from '../utils/vm-test-utils';
                ~~~~~~~

Summary of all failing tests
 FAIL  src/test/lang/immediate-words.test.ts
  ● Test suite failed to run

    src/test/lang/immediate-words.test.ts:10:24 - error TS2459: Module '"../../lang/runtime"' declares 'vm' locally, but it is not exported.

    10 import { setupRuntime, vm as runtimeVM } from '../../lang/runtime';
                              ~~

      src/lang/runtime.ts:15:5
        15 let vm: VM;
               ~~
        'vm' is declared here.
    src/test/lang/immediate-words.test.ts:28:5 - error TS2554: Expected 2 arguments, but got 1.

    28     parse(new Tokenizer('immdup'));
           ~~~~~

      src/lang/parser.ts:42:31
        42 export function parse(vm: VM, tokenizer: Tokenizer): void {
                                         ~~~~~~~~~~~~~~~~~~~~
        An argument for 'tokenizer' was not provided.
    src/test/lang/immediate-words.test.ts:40:5 - error TS2554: Expected 2 arguments, but got 1.

    40     parse(new Tokenizer(': inc1 1 add ;'));
           ~~~~~

      src/lang/parser.ts:42:31
        42 export function parse(vm: VM, tokenizer: Tokenizer): void {
                                         ~~~~~~~~~~~~~~~~~~~~
        An argument for 'tokenizer' was not provided.
    src/test/lang/immediate-words.test.ts:51:5 - error TS2554: Expected 2 arguments, but got 1.

    51     parse(new Tokenizer('inc1!'));
           ~~~~~

      src/lang/parser.ts:42:31
        42 export function parse(vm: VM, tokenizer: Tokenizer): void {
                                         ~~~~~~~~~~~~~~~~~~~~
        An argument for 'tokenizer' was not provided.
    src/test/lang/immediate-words.test.ts:84:18 - error TS2554: Expected 2 arguments, but got 1.

    84     expect(() => parse(new Tokenizer(': stray else ;'))).toThrow('ELSE without IF');
                        ~~~~~

      src/lang/parser.ts:42:31
        42 export function parse(vm: VM, tokenizer: Tokenizer): void {
                                         ~~~~~~~~~~~~~~~~~~~~
        An argument for 'tokenizer' was not provided.

 FAIL  src/test/lang/interpreter.test.ts
  ● Test suite failed to run

    src/test/lang/interpreter.test.ts:75:9 - error TS2554: Expected 2 arguments, but got 1.

    75         execute(vm.compiler.BCP);
               ~~~~~~~

      src/lang/interpreter.ts:43:33
        43 export function execute(vm: VM, start: number): void {
                                           ~~~~~~~~~~~~~
        An argument for 'start' was not provided.

 FAIL  src/test/ops/lists/query/length-size.test.ts
  ● Test suite failed to run

    src/lang/meta/definitions.ts:3:10 - error TS2459: Module '"../runtime"' declares 'vm' locally, but it is not exported.

    3 import { vm } from '../runtime';
               ~~

      src/lang/runtime.ts:15:5
        15 let vm: VM;
               ~~
        'vm' is declared here.

 FAIL  src/test/integration/advanced-operations.test.ts
  ● Test suite failed to run

    src/lang/meta/definitions.ts:3:10 - error TS2459: Module '"../runtime"' declares 'vm' locally, but it is not exported.

    3 import { vm } from '../runtime';
               ~~

      src/lang/runtime.ts:15:5
        15 let vm: VM;
               ~~
        'vm' is declared here.

 FAIL  src/test/ops/access/select-op.test.ts
  ● Test suite failed to run

    src/lang/meta/definitions.ts:3:10 - error TS2459: Module '"../runtime"' declares 'vm' locally, but it is not exported.

    3 import { vm } from '../runtime';
               ~~

      src/lang/runtime.ts:15:5
        15 let vm: VM;
               ~~
        'vm' is declared here.

 FAIL  src/test/lang/parser-symbol.test.ts
  ● Test suite failed to run

    src/lang/meta/definitions.ts:3:10 - error TS2459: Module '"../runtime"' declares 'vm' locally, but it is not exported.

    3 import { vm } from '../runtime';
               ~~

      src/lang/runtime.ts:15:5
        15 let vm: VM;
               ~~
        'vm' is declared here.

 FAIL  src/test/ops/stack/stack-utils.test.ts
  ● Test suite failed to run

    src/lang/meta/definitions.ts:3:10 - error TS2459: Module '"../runtime"' declares 'vm' locally, but it is not exported.

    3 import { vm } from '../runtime';
               ~~

      src/lang/runtime.ts:15:5
        15 let vm: VM;
               ~~
        'vm' is declared here.

 FAIL  src/test/ops/lists/integration/stack-interactions.test.ts
  ● Test suite failed to run

    src/lang/meta/definitions.ts:3:10 - error TS2459: Module '"../runtime"' declares 'vm' locally, but it is not exported.

    3 import { vm } from '../runtime';
               ~~

      src/lang/runtime.ts:15:5
        15 let vm: VM;
               ~~
        'vm' is declared here.

 FAIL  src/test/lang/end-to-end-local-vars.test.ts
  ● Test suite failed to run

    src/lang/meta/definitions.ts:3:10 - error TS2459: Module '"../runtime"' declares 'vm' locally, but it is not exported.

    3 import { vm } from '../runtime';
               ~~

      src/lang/runtime.ts:15:5
        15 let vm: VM;
               ~~
        'vm' is declared here.

 FAIL  src/test/lang/local-vars-error-handling.test.ts
  ● Test suite failed to run

    src/lang/meta/definitions.ts:3:10 - error TS2459: Module '"../runtime"' declares 'vm' locally, but it is not exported.

    3 import { vm } from '../runtime';
               ~~

      src/lang/runtime.ts:15:5
        15 let vm: VM;
               ~~
        'vm' is declared here.

 FAIL  src/test/core/code-ref.test.ts
  ● Test suite failed to run

    src/lang/meta/definitions.ts:3:10 - error TS2459: Module '"../runtime"' declares 'vm' locally, but it is not exported.

    3 import { vm } from '../runtime';
               ~~

      src/lang/runtime.ts:15:5
        15 let vm: VM;
               ~~
        'vm' is declared here.

 FAIL  src/test/ops/print/print-operations.test.ts
  ● Test suite failed to run

    src/lang/meta/definitions.ts:3:10 - error TS2459: Module '"../runtime"' declares 'vm' locally, but it is not exported.

    3 import { vm } from '../runtime';
               ~~

      src/lang/runtime.ts:15:5
        15 let vm: VM;
               ~~
        'vm' is declared here.

 FAIL  src/test/ops/lists/integration/language-integration.test.ts
  ● Test suite failed to run

    src/lang/meta/definitions.ts:3:10 - error TS2459: Module '"../runtime"' declares 'vm' locally, but it is not exported.

    3 import { vm } from '../runtime';
               ~~

      src/lang/runtime.ts:15:5
        15 let vm: VM;
               ~~
        'vm' is declared here.

 FAIL  src/test/tacit-test-utils.test.ts
  ● Test suite failed to run

    src/lang/meta/definitions.ts:3:10 - error TS2459: Module '"../runtime"' declares 'vm' locally, but it is not exported.

    3 import { vm } from '../runtime';
               ~~

      src/lang/runtime.ts:15:5
        15 let vm: VM;
               ~~
        'vm' is declared here.

 FAIL  src/test/integration/basic-operations.test.ts
  ● Test suite failed to run

    src/lang/meta/definitions.ts:3:10 - error TS2459: Module '"../runtime"' declares 'vm' locally, but it is not exported.

    3 import { vm } from '../runtime';
               ~~

      src/lang/runtime.ts:15:5
        15 let vm: VM;
               ~~
        'vm' is declared here.

 FAIL  src/test/ops/lists/structure/concat-basic.test.ts
  ● Test suite failed to run

    src/lang/meta/definitions.ts:3:10 - error TS2459: Module '"../runtime"' declares 'vm' locally, but it is not exported.

    3 import { vm } from '../runtime';
               ~~

      src/lang/runtime.ts:15:5
        15 let vm: VM;
               ~~
        'vm' is declared here.

 FAIL  src/test/lang/local-vars-integration.test.ts
  ● Test suite failed to run

    src/lang/meta/definitions.ts:3:10 - error TS2459: Module '"../runtime"' declares 'vm' locally, but it is not exported.

    3 import { vm } from '../runtime';
               ~~

      src/lang/runtime.ts:15:5
        15 let vm: VM;
               ~~
        'vm' is declared here.

 FAIL  src/test/ops/broadcast/broadcast-helpers.test.ts
  ● Test suite failed to run

    src/lang/meta/definitions.ts:3:10 - error TS2459: Module '"../runtime"' declares 'vm' locally, but it is not exported.

    3 import { vm } from '../runtime';
               ~~

      src/lang/runtime.ts:15:5
        15 let vm: VM;
               ~~
        'vm' is declared here.

 FAIL  src/test/lang/parser-variables.test.ts
  ● Test suite failed to run

    src/lang/meta/definitions.ts:3:10 - error TS2459: Module '"../runtime"' declares 'vm' locally, but it is not exported.

    3 import { vm } from '../runtime';
               ~~

      src/lang/runtime.ts:15:5
        15 let vm: VM;
               ~~
        'vm' is declared here.

 FAIL  src/test/core/vm-pointer-validation.test.ts
  ● Test suite failed to run

    src/lang/meta/definitions.ts:3:10 - error TS2459: Module '"../runtime"' declares 'vm' locally, but it is not exported.

    3 import { vm } from '../runtime';
               ~~

      src/lang/runtime.ts:15:5
        15 let vm: VM;
               ~~
        'vm' is declared here.

 FAIL  src/test/core/list.test.ts
  ● Test suite failed to run

    src/lang/meta/definitions.ts:3:10 - error TS2459: Module '"../runtime"' declares 'vm' locally, but it is not exported.

    3 import { vm } from '../runtime';
               ~~

      src/lang/runtime.ts:15:5
        15 let vm: VM;
               ~~
        'vm' is declared here.

 FAIL  src/test/lang/case-control-flow.test.ts
  ● Test suite failed to run

    src/test/lang/case-control-flow.test.ts:97:18 - error TS2554: Expected 2 arguments, but got 1.

    97     expect(() => parse(new Tokenizer('1 of 2 ;'))).toThrow("'of' without open case");
                        ~~~~~

      src/lang/parser.ts:42:31
        42 export function parse(vm: VM, tokenizer: Tokenizer): void {
                                         ~~~~~~~~~~~~~~~~~~~~
        An argument for 'tokenizer' was not provided.
    src/test/lang/case-control-flow.test.ts:102:7 - error TS2554: Expected 2 arguments, but got 1.

    102       parse(new Tokenizer('1 case 1 of 2 ;'));
              ~~~~~

      src/lang/parser.ts:42:31
        42 export function parse(vm: VM, tokenizer: Tokenizer): void {
                                         ~~~~~~~~~~~~~~~~~~~~
        An argument for 'tokenizer' was not provided.

 FAIL  src/test/ops/comparison/comparison.test.ts
  ● Test suite failed to run

    src/lang/meta/definitions.ts:3:10 - error TS2459: Module '"../runtime"' declares 'vm' locally, but it is not exported.

    3 import { vm } from '../runtime';
               ~~

      src/lang/runtime.ts:15:5
        15 let vm: VM;
               ~~
        'vm' is declared here.

 FAIL  src/test/lang/ref-sigil.test.ts
  ● Test suite failed to run

    src/lang/meta/definitions.ts:3:10 - error TS2459: Module '"../runtime"' declares 'vm' locally, but it is not exported.

    3 import { vm } from '../runtime';
               ~~

      src/lang/runtime.ts:15:5
        15 let vm: VM;
               ~~
        'vm' is declared here.

 FAIL  src/test/ops/lists/build/pack-unpack.unified.test.ts
  ● Test suite failed to run

    src/lang/meta/definitions.ts:3:10 - error TS2459: Module '"../runtime"' declares 'vm' locally, but it is not exported.

    3 import { vm } from '../runtime';
               ~~

      src/lang/runtime.ts:15:5
        15 let vm: VM;
               ~~
        'vm' is declared here.

 FAIL  src/test/ops/lists/build/list-creation.test.ts
  ● Test suite failed to run

    src/lang/meta/definitions.ts:3:10 - error TS2459: Module '"../runtime"' declares 'vm' locally, but it is not exported.

    3 import { vm } from '../runtime';
               ~~

      src/lang/runtime.ts:15:5
        15 let vm: VM;
               ~~
        'vm' is declared here.

 FAIL  src/test/ops/broadcast/negate-broadcast.test.ts
  ● Test suite failed to run

    src/lang/meta/definitions.ts:3:10 - error TS2459: Module '"../runtime"' declares 'vm' locally, but it is not exported.

    3 import { vm } from '../runtime';
               ~~

      src/lang/runtime.ts:15:5
        15 let vm: VM;
               ~~
        'vm' is declared here.

 FAIL  src/test/lang/when-do-control-flow.test.ts
  ● Test suite failed to run

    src/test/lang/when-do-control-flow.test.ts:79:18 - error TS2554: Expected 2 arguments, but got 1.

    79     expect(() => parse(new Tokenizer('do ;'))).toThrow('do without when');
                        ~~~~~

      src/lang/parser.ts:42:31
        42 export function parse(vm: VM, tokenizer: Tokenizer): void {
                                         ~~~~~~~~~~~~~~~~~~~~
        An argument for 'tokenizer' was not provided.
    src/test/lang/when-do-control-flow.test.ts:84:7 - error TS2554: Expected 2 arguments, but got 1.

    84       parse(new Tokenizer('when dup 0 eq do drop 1 ;'));
             ~~~~~

      src/lang/parser.ts:42:31
        42 export function parse(vm: VM, tokenizer: Tokenizer): void {
                                         ~~~~~~~~~~~~~~~~~~~~
        An argument for 'tokenizer' was not provided.

 FAIL  src/test/core/vm.test.ts
  ● Test suite failed to run

    src/lang/meta/definitions.ts:3:10 - error TS2459: Module '"../runtime"' declares 'vm' locally, but it is not exported.

    3 import { vm } from '../runtime';
               ~~

      src/lang/runtime.ts:15:5
        15 let vm: VM;
               ~~
        'vm' is declared here.

 FAIL  src/test/cli/cli.test.ts
  ● Test suite failed to run

    src/lang/meta/definitions.ts:3:10 - error TS2459: Module '"../runtime"' declares 'vm' locally, but it is not exported.

    3 import { vm } from '../runtime';
               ~~

      src/lang/runtime.ts:15:5
        15 let vm: VM;
               ~~
        'vm' is declared here.

 FAIL  src/test/stack/find.test.ts
  ● Test suite failed to run

    src/lang/meta/definitions.ts:3:10 - error TS2459: Module '"../runtime"' declares 'vm' locally, but it is not exported.

    3 import { vm } from '../runtime';
               ~~

      src/lang/runtime.ts:15:5
        15 let vm: VM;
               ~~
        'vm' is declared here.

 FAIL  src/test/ops/lists/query/find-maplist-basic.test.ts
  ● Test suite failed to run

    src/lang/meta/definitions.ts:3:10 - error TS2459: Module '"../runtime"' declares 'vm' locally, but it is not exported.

    3 import { vm } from '../runtime';
               ~~

      src/lang/runtime.ts:15:5
        15 let vm: VM;
               ~~
        'vm' is declared here.

 FAIL  src/test/lang/tokenizer.test.ts
  ● Test suite failed to run

    src/lang/meta/definitions.ts:3:10 - error TS2459: Module '"../runtime"' declares 'vm' locally, but it is not exported.

    3 import { vm } from '../runtime';
               ~~

      src/lang/runtime.ts:15:5
        15 let vm: VM;
               ~~
        'vm' is declared here.

 FAIL  src/test/lang/state.test.ts
  ● parser state helpers › setParserState controls getParserState





  ● parser state helpers › requireParserState returns active state





  ● parser state helpers › requireParserState throws when state missing





 FAIL  src/test/ops/access/select-helper-functions.test.ts
  ● Test suite failed to run

    src/lang/meta/definitions.ts:3:10 - error TS2459: Module '"../runtime"' declares 'vm' locally, but it is not exported.

    3 import { vm } from '../runtime';
               ~~

      src/lang/runtime.ts:15:5
        15 let vm: VM;
               ~~
        'vm' is declared here.

 FAIL  src/test/lang/compiler-functions.test.ts
  ● Test suite failed to run

    src/lang/meta/definitions.ts:3:10 - error TS2459: Module '"../runtime"' declares 'vm' locally, but it is not exported.

    3 import { vm } from '../runtime';
               ~~

      src/lang/runtime.ts:15:5
        15 let vm: VM;
               ~~
        'vm' is declared here.

 FAIL  src/test/ops/lists/query/fetch-store.test.ts
  ● Test suite failed to run

    src/lang/meta/definitions.ts:3:10 - error TS2459: Module '"../runtime"' declares 'vm' locally, but it is not exported.

    3 import { vm } from '../runtime';
               ~~

      src/lang/runtime.ts:15:5
        15 let vm: VM;
               ~~
        'vm' is declared here.

 FAIL  src/test/ops/lists/query/addressing-slot-elem.test.ts
  ● Test suite failed to run

    src/lang/meta/definitions.ts:3:10 - error TS2459: Module '"../runtime"' declares 'vm' locally, but it is not exported.

    3 import { vm } from '../runtime';
               ~~

      src/lang/runtime.ts:15:5
        15 let vm: VM;
               ~~
        'vm' is declared here.

 FAIL  src/test/ops/broadcast/binary-recursive.test.ts
  ● Test suite failed to run

    src/lang/meta/definitions.ts:3:10 - error TS2459: Module '"../runtime"' declares 'vm' locally, but it is not exported.

    3 import { vm } from '../runtime';
               ~~

      src/lang/runtime.ts:15:5
        15 let vm: VM;
               ~~
        'vm' is declared here.

 FAIL  src/test/stack/slots.test.ts
  ● Test suite failed to run

    src/lang/meta/definitions.ts:3:10 - error TS2459: Module '"../runtime"' declares 'vm' locally, but it is not exported.

    3 import { vm } from '../runtime';
               ~~

      src/lang/runtime.ts:15:5
        15 let vm: VM;
               ~~
        'vm' is declared here.

 FAIL  src/test/ops/lists/query/walk.test.ts
  ● Test suite failed to run

    src/lang/meta/definitions.ts:3:10 - error TS2459: Module '"../runtime"' declares 'vm' locally, but it is not exported.

    3 import { vm } from '../runtime';
               ~~

      src/lang/runtime.ts:15:5
        15 let vm: VM;
               ~~
        'vm' is declared here.

 FAIL  src/test/ops/lists/build/pack-unpack.test.ts
  ● Test suite failed to run

    src/lang/meta/definitions.ts:3:10 - error TS2459: Module '"../runtime"' declares 'vm' locally, but it is not exported.

    3 import { vm } from '../runtime';
               ~~

      src/lang/runtime.ts:15:5
        15 let vm: VM;
               ~~
        'vm' is declared here.

 FAIL  src/test/ops/broadcast/add-broadcast-flat.test.ts
  ● Test suite failed to run

    src/lang/meta/definitions.ts:3:10 - error TS2459: Module '"../runtime"' declares 'vm' locally, but it is not exported.

    3 import { vm } from '../runtime';
               ~~

      src/lang/runtime.ts:15:5
        15 let vm: VM;
               ~~
        'vm' is declared here.

 FAIL  src/test/core/vm-constructor.test.ts
  ● Test suite failed to run

    src/lang/meta/definitions.ts:3:10 - error TS2459: Module '"../runtime"' declares 'vm' locally, but it is not exported.

    3 import { vm } from '../runtime';
               ~~

      src/lang/runtime.ts:15:5
        15 let vm: VM;
               ~~
        'vm' is declared here.

 FAIL  src/test/repl/list-repl.test.ts
  ● Test suite failed to run

    src/lang/meta/definitions.ts:3:10 - error TS2459: Module '"../runtime"' declares 'vm' locally, but it is not exported.

    3 import { vm } from '../runtime';
               ~~

      src/lang/runtime.ts:15:5
        15 let vm: VM;
               ~~
        'vm' is declared here.

 FAIL  src/test/core/printer.test.ts
  ● Test suite failed to run

    src/lang/meta/definitions.ts:3:10 - error TS2459: Module '"../runtime"' declares 'vm' locally, but it is not exported.

    3 import { vm } from '../runtime';
               ~~

      src/lang/runtime.ts:15:5
        15 let vm: VM;
               ~~
        'vm' is declared here.

 FAIL  src/test/core/memory.test.ts
  ● Test suite failed to run

    src/lang/meta/definitions.ts:3:10 - error TS2459: Module '"../runtime"' declares 'vm' locally, but it is not exported.

    3 import { vm } from '../runtime';
               ~~

      src/lang/runtime.ts:15:5
        15 let vm: VM;
               ~~
        'vm' is declared here.

 FAIL  src/test/lang/clean-exit-test.test.ts
  ● Test suite failed to run

    src/lang/meta/definitions.ts:3:10 - error TS2459: Module '"../runtime"' declares 'vm' locally, but it is not exported.

    3 import { vm } from '../runtime';
               ~~

      src/lang/runtime.ts:15:5
        15 let vm: VM;
               ~~
        'vm' is declared here.

 FAIL  src/test/ops/lists/build/open-close-parser-integration.test.ts
  ● Test suite failed to run

    src/lang/meta/definitions.ts:3:10 - error TS2459: Module '"../runtime"' declares 'vm' locally, but it is not exported.

    3 import { vm } from '../runtime';
               ~~

      src/lang/runtime.ts:15:5
        15 let vm: VM;
               ~~
        'vm' is declared here.

 FAIL  src/test/core/tagged-local.test.ts
  ● Test suite failed to run

    src/lang/meta/definitions.ts:3:10 - error TS2459: Module '"../runtime"' declares 'vm' locally, but it is not exported.

    3 import { vm } from '../runtime';
               ~~

      src/lang/runtime.ts:15:5
        15 let vm: VM;
               ~~
        'vm' is declared here.

 FAIL  src/test/lang/executor.test.ts
  ● Test suite failed to run

    src/lang/parser.ts:94:7 - error TS2304: Cannot find name 'vm'.

    94   if (vm.listDepth !== 0) {
             ~~
    src/lang/parser.ts:95:65 - error TS2304: Cannot find name 'vm'.

    95     throw new SyntaxError('Unclosed list or LIST', getStackData(vm));
                                                                       ~~
    src/lang/parser.ts:176:23 - error TS2304: Cannot find name 'vm'.

    176   const tval = lookup(vm, value);
                              ~~
    src/lang/parser.ts:178:54 - error TS2304: Cannot find name 'vm'.

    178     throw new UndefinedWordError(value, getStackData(vm));
                                                             ~~
    src/lang/parser.ts:193:5 - error TS2304: Cannot find name 'vm'.

    193     vm.compiler.compileUserWordCall(tagValue);
            ~~
    src/lang/parser.ts:198:5 - error TS2304: Cannot find name 'vm'.

    198     vm.compiler.compileOpcode(tagValue);
            ~~
    src/lang/parser.ts:203:5 - error TS2304: Cannot find name 'vm'.

    203     vm.compiler.compileOpcode(Op.VarRef);
            ~~
    src/lang/parser.ts:204:5 - error TS2304: Cannot find name 'vm'.

    204     vm.compiler.compile16(tagValue);
            ~~
    src/lang/parser.ts:205:5 - error TS2304: Cannot find name 'vm'.

    205     vm.compiler.compileOpcode(Op.Load);
            ~~
    src/lang/parser.ts:210:7 - error TS2304: Cannot find name 'vm'.

    210       vm.compiler.compileOpcode(Op.Select);
              ~~
    src/lang/parser.ts:211:7 - error TS2304: Cannot find name 'vm'.

    211       vm.compiler.compileOpcode(Op.Load);
              ~~
    src/lang/parser.ts:212:7 - error TS2304: Cannot find name 'vm'.

    212       vm.compiler.compileOpcode(Op.Nip);
              ~~
    src/lang/parser.ts:221:56 - error TS2304: Cannot find name 'vm'.

    221       throw new UndefinedWordError(value, getStackData(vm));
                                                               ~~
    src/lang/parser.ts:224:5 - error TS2304: Cannot find name 'vm'.

    224     vm.compiler.compileOpcode(Op.LiteralNumber);
            ~~
    src/lang/parser.ts:225:5 - error TS2304: Cannot find name 'vm'.

    225     vm.compiler.compileFloat32(entryValue);
            ~~
    src/lang/parser.ts:230:7 - error TS2304: Cannot find name 'vm'.

    230       vm.compiler.compileOpcode(Op.Select);
              ~~
    src/lang/parser.ts:231:7 - error TS2304: Cannot find name 'vm'.

    231       vm.compiler.compileOpcode(Op.Load);
              ~~
    src/lang/parser.ts:232:7 - error TS2304: Cannot find name 'vm'.

    232       vm.compiler.compileOpcode(Op.Nip);
              ~~
    src/lang/parser.ts:235:7 - error TS2304: Cannot find name 'vm'.

    235       vm.compiler.compileOpcode(Op.Load);
              ~~
    src/lang/parser.ts:237:7 - error TS2304: Cannot find name 'vm'.

    237       vm.compiler.compileOpcode(Op.Load);
              ~~
    src/lang/parser.ts:242:52 - error TS2304: Cannot find name 'vm'.

    242   throw new UndefinedWordError(value, getStackData(vm));
                                                           ~~
    src/lang/parser.ts:260:3 - error TS2304: Cannot find name 'vm'.

    260   vm.compiler.compileOpcode(Op.LiteralString);
          ~~
    src/lang/parser.ts:261:25 - error TS2304: Cannot find name 'vm'.

    261   const stringAddress = vm.digest.add(symbolName);
                                ~~
    src/lang/parser.ts:262:3 - error TS2304: Cannot find name 'vm'.

    262   vm.compiler.compile16(stringAddress);
          ~~
    src/lang/parser.ts:264:3 - error TS2304: Cannot find name 'vm'.

    264   vm.compiler.compileOpcode(Op.PushSymbolRef);
          ~~
    src/lang/parser.ts:278:23 - error TS2304: Cannot find name 'vm'.

    278   const tval = lookup(vm, varName);
                              ~~
    src/lang/parser.ts:280:56 - error TS2304: Cannot find name 'vm'.

    280     throw new UndefinedWordError(varName, getStackData(vm));
                                                               ~~
    src/lang/parser.ts:288:7 - error TS2304: Cannot find name 'vm'.

    288       vm.compiler.compileOpcode(Op.VarRef);
              ~~
    src/lang/parser.ts:289:7 - error TS2304: Cannot find name 'vm'.

    289       vm.compiler.compile16(slotNumber);
              ~~
    src/lang/parser.ts:290:7 - error TS2304: Cannot find name 'vm'.

    290       vm.compiler.compileOpcode(Op.Fetch);
              ~~
    src/lang/parser.ts:297:7 - error TS2304: Cannot find name 'vm'.

    297       vm.compiler.compileOpcode(Op.LiteralNumber);
              ~~
    src/lang/parser.ts:298:7 - error TS2304: Cannot find name 'vm'.

    298       vm.compiler.compileFloat32(tval);
              ~~
    src/lang/parser.ts:299:7 - error TS2304: Cannot find name 'vm'.

    299       vm.compiler.compileOpcode(Op.Fetch);
              ~~
    src/lang/parser.ts:307:5 - error TS2304: Cannot find name 'vm'.

    307     vm.compiler.compileOpcode(Op.LiteralNumber);
            ~~
    src/lang/parser.ts:308:5 - error TS2304: Cannot find name 'vm'.

    308     vm.compiler.compileFloat32(tval);
            ~~
    src/lang/parser.ts:327:20 - error TS2304: Cannot find name 'vm'.

    327       getStackData(vm),
                           ~~
    src/lang/parser.ts:333:76 - error TS2304: Cannot find name 'vm'.

    333     throw new SyntaxError('Expected variable name after var', getStackData(vm));
                                                                                   ~~
    src/lang/parser.ts:344:76 - error TS2304: Cannot find name 'vm'.

    344     throw new SyntaxError('Expected variable name after var', getStackData(vm));
                                                                                   ~~
    src/lang/parser.ts:347:3 - error TS2304: Cannot find name 'vm'.

    347   vm.compiler.emitReserveIfNeeded();
          ~~
    src/lang/parser.ts:349:15 - error TS2304: Cannot find name 'vm'.

    349   defineLocal(vm, varName);
                      ~~
    src/lang/parser.ts:350:22 - error TS2304: Cannot find name 'vm'.

    350   const slotNumber = vm.localCount - 1;
                             ~~
    src/lang/parser.ts:352:3 - error TS2304: Cannot find name 'vm'.

    352   vm.compiler.compileOpcode(Op.InitVar);
          ~~
    src/lang/parser.ts:353:3 - error TS2304: Cannot find name 'vm'.

    353   vm.compiler.compile16(slotNumber);
          ~~
    src/lang/parser.ts:377:75 - error TS2304: Cannot find name 'vm'.

    377     throw new SyntaxError('Expected variable name after ->', getStackData(vm));
                                                                                  ~~
    src/lang/parser.ts:388:75 - error TS2304: Cannot find name 'vm'.

    388     throw new SyntaxError('Expected variable name after ->', getStackData(vm));
                                                                                  ~~
    src/lang/parser.ts:391:23 - error TS2304: Cannot find name 'vm'.

    391   const tval = lookup(vm, varName);
                              ~~
    src/lang/parser.ts:402:7 - error TS2304: Cannot find name 'vm'.

    402       vm.compiler.compileOpcode(Op.VarRef);
              ~~
    src/lang/parser.ts:403:7 - error TS2304: Cannot find name 'vm'.

    403       vm.compiler.compile16(slotNumber);
              ~~
    src/lang/parser.ts:404:7 - error TS2304: Cannot find name 'vm'.

    404       vm.compiler.compileOpcode(Op.Fetch);
              ~~
    src/lang/parser.ts:407:7 - error TS2304: Cannot find name 'vm'.

    407       vm.compiler.compileOpcode(Op.Select);
              ~~
    src/lang/parser.ts:408:7 - error TS2304: Cannot find name 'vm'.

    408       vm.compiler.compileOpcode(Op.Nip);
              ~~
    src/lang/parser.ts:409:7 - error TS2304: Cannot find name 'vm'.

    409       vm.compiler.compileOpcode(Op.Store);
              ~~
    src/lang/parser.ts:416:5 - error TS2304: Cannot find name 'vm'.

    416     vm.compiler.compileOpcode(Op.VarRef);
            ~~
    src/lang/parser.ts:417:5 - error TS2304: Cannot find name 'vm'.

    417     vm.compiler.compile16(slotNumber);
            ~~
    src/lang/parser.ts:418:5 - error TS2304: Cannot find name 'vm'.

    418     vm.compiler.compileOpcode(Op.Store);
            ~~
    src/lang/parser.ts:425:22 - error TS2304: Cannot find name 'vm'.

    425         getStackData(vm),
                             ~~
    src/lang/parser.ts:430:7 - error TS2304: Cannot find name 'vm'.

    430       vm.compiler.compileOpcode(Op.LiteralNumber);
              ~~
    src/lang/parser.ts:431:7 - error TS2304: Cannot find name 'vm'.

    431       vm.compiler.compileFloat32(tval);
              ~~
    src/lang/parser.ts:432:7 - error TS2304: Cannot find name 'vm'.

    432       vm.compiler.compileOpcode(Op.Fetch);
              ~~
    src/lang/parser.ts:434:7 - error TS2304: Cannot find name 'vm'.

    434       vm.compiler.compileOpcode(Op.Select);
              ~~
    src/lang/parser.ts:435:7 - error TS2304: Cannot find name 'vm'.

    435       vm.compiler.compileOpcode(Op.Nip);
              ~~
    src/lang/parser.ts:436:7 - error TS2304: Cannot find name 'vm'.

    436       vm.compiler.compileOpcode(Op.Store);
              ~~
    src/lang/parser.ts:441:5 - error TS2304: Cannot find name 'vm'.

    441     vm.compiler.compileOpcode(Op.LiteralNumber);
            ~~
    src/lang/parser.ts:442:5 - error TS2304: Cannot find name 'vm'.

    442     vm.compiler.compileFloat32(tval);
            ~~
    src/lang/parser.ts:443:5 - error TS2304: Cannot find name 'vm'.

    443     vm.compiler.compileOpcode(Op.Store);
            ~~
    src/lang/parser.ts:449:18 - error TS2304: Cannot find name 'vm'.

    449     getStackData(vm),
                         ~~
    src/lang/parser.ts:470:20 - error TS2304: Cannot find name 'vm'.

    470       getStackData(vm),
                           ~~
    src/lang/parser.ts:476:75 - error TS2304: Cannot find name 'vm'.

    476     throw new SyntaxError('Expected variable name after +>', getStackData(vm));
                                                                                  ~~
    src/lang/parser.ts:481:23 - error TS2304: Cannot find name 'vm'.

    481   const tval = lookup(vm, varName);
                              ~~
    src/lang/parser.ts:495:5 - error TS2304: Cannot find name 'vm'.

    495     vm.compiler.compileOpcode(Op.VarRef);
            ~~
    src/lang/parser.ts:496:5 - error TS2304: Cannot find name 'vm'.

    496     vm.compiler.compile16(slotNumber);
            ~~
    src/lang/parser.ts:497:5 - error TS2304: Cannot find name 'vm'.

    497     vm.compiler.compileOpcode(Op.Fetch);
            ~~
    src/lang/parser.ts:499:5 - error TS2304: Cannot find name 'vm'.

    499     vm.compiler.compileOpcode(Op.Select);
            ~~
    src/lang/parser.ts:500:5 - error TS2304: Cannot find name 'vm'.

    500     vm.compiler.compileOpcode(Op.Nip);
            ~~
    src/lang/parser.ts:503:5 - error TS2304: Cannot find name 'vm'.

    503     vm.compiler.compileOpcode(Op.Swap);
            ~~
    src/lang/parser.ts:504:5 - error TS2304: Cannot find name 'vm'.

    504     vm.compiler.compileOpcode(Op.Over);
            ~~
    src/lang/parser.ts:505:5 - error TS2304: Cannot find name 'vm'.

    505     vm.compiler.compileOpcode(Op.Fetch);
            ~~
    src/lang/parser.ts:506:5 - error TS2304: Cannot find name 'vm'.

    506     vm.compiler.compileOpcode(Op.Add);
            ~~
    src/lang/parser.ts:507:5 - error TS2304: Cannot find name 'vm'.

    507     vm.compiler.compileOpcode(Op.Swap);
            ~~
    src/lang/parser.ts:508:5 - error TS2304: Cannot find name 'vm'.

    508     vm.compiler.compileOpcode(Op.Store);
            ~~
    src/lang/parser.ts:517:3 - error TS2304: Cannot find name 'vm'.

    517   vm.compiler.compileOpcode(Op.VarRef);
          ~~
    src/lang/parser.ts:518:3 - error TS2304: Cannot find name 'vm'.

    518   vm.compiler.compile16(slotNumber); // [..., inc, addr]
          ~~
    src/lang/parser.ts:519:3 - error TS2304: Cannot find name 'vm'.

    519   vm.compiler.compileOpcode(Op.Swap); // [..., addr, inc]
          ~~
    src/lang/parser.ts:520:3 - error TS2304: Cannot find name 'vm'.

    520   vm.compiler.compileOpcode(Op.Over); // [..., addr, inc, addr]
          ~~
    src/lang/parser.ts:521:3 - error TS2304: Cannot find name 'vm'.

    521   vm.compiler.compileOpcode(Op.Fetch); // [..., addr, inc, value]
          ~~
    src/lang/parser.ts:522:3 - error TS2304: Cannot find name 'vm'.

    522   vm.compiler.compileOpcode(Op.Add); // [..., addr, sum]
          ~~
    src/lang/parser.ts:523:3 - error TS2304: Cannot find name 'vm'.

    523   vm.compiler.compileOpcode(Op.Swap); // [..., sum, addr]
          ~~
    src/lang/parser.ts:524:3 - error TS2304: Cannot find name 'vm'.

    524   vm.compiler.compileOpcode(Op.Store); // []
          ~~
    src/lang/parser.ts:533:3 - error TS2304: Cannot find name 'vm'.

    533   vm.compiler.compileOpcode(Op.OpenList);
          ~~
    src/lang/parser.ts:549:20 - error TS2304: Cannot find name 'vm'.

    549       getStackData(vm),
                           ~~
    src/lang/parser.ts:552:3 - error TS2304: Cannot find name 'vm'.

    552   vm.compiler.compileOpcode(Op.CloseList);
          ~~
    src/lang/parser.ts:579:5 - error TS2304: Cannot find name 'vm'.

    579     vm.compiler.compileOpcode(Op.Select);
            ~~
    src/lang/parser.ts:580:5 - error TS2304: Cannot find name 'vm'.

    580     vm.compiler.compileOpcode(Op.Load);
            ~~
    src/lang/parser.ts:581:5 - error TS2304: Cannot find name 'vm'.

    581     vm.compiler.compileOpcode(Op.Nip);
            ~~
    src/lang/parser.ts:618:3 - error TS2304: Cannot find name 'vm'.

    618   vm.listDepth++;
          ~~
    src/lang/parser.ts:619:3 - error TS2304: Cannot find name 'vm'.

    619   vm.compiler.compileOpcode(Op.OpenList);
          ~~
    src/lang/parser.ts:627:7 - error TS2304: Cannot find name 'vm'.

    627   if (vm.listDepth <= 0) {
              ~~
    src/lang/parser.ts:628:74 - error TS2304: Cannot find name 'vm'.

    628     throw new SyntaxError('Unexpected closing parenthesis', getStackData(vm));
                                                                                 ~~
    src/lang/parser.ts:631:3 - error TS2304: Cannot find name 'vm'.

    631   vm.compiler.compileOpcode(Op.CloseList);
          ~~
    src/lang/parser.ts:632:3 - error TS2304: Cannot find name 'vm'.

    632   vm.listDepth--;
          ~~

 FAIL  src/test/core/tagged-meta.test.ts
  ● Test suite failed to run

    src/lang/meta/definitions.ts:3:10 - error TS2459: Module '"../runtime"' declares 'vm' locally, but it is not exported.

    3 import { vm } from '../runtime';
               ~~

      src/lang/runtime.ts:15:5
        15 let vm: VM;
               ~~
        'vm' is declared here.

 FAIL  src/test/core/refs.absolute-helpers.test.ts
  ● Test suite failed to run

    src/lang/meta/definitions.ts:3:10 - error TS2459: Module '"../runtime"' declares 'vm' locally, but it is not exported.

    3 import { vm } from '../runtime';
               ~~

      src/lang/runtime.ts:15:5
        15 let vm: VM;
               ~~
        'vm' is declared here.

 FAIL  src/test/core/units.test.ts
  ● Test suite failed to run

    src/lang/meta/definitions.ts:3:10 - error TS2459: Module '"../runtime"' declares 'vm' locally, but it is not exported.

    3 import { vm } from '../runtime';
               ~~

      src/lang/runtime.ts:15:5
        15 let vm: VM;
               ~~
        'vm' is declared here.

 FAIL  src/test/core/utils.test.ts
  ● Test suite failed to run

    src/lang/meta/definitions.ts:3:10 - error TS2459: Module '"../runtime"' declares 'vm' locally, but it is not exported.

    3 import { vm } from '../runtime';
               ~~

      src/lang/runtime.ts:15:5
        15 let vm: VM;
               ~~
        'vm' is declared here.

 FAIL  src/test/core/tagged.test.ts
  ● Test suite failed to run

    src/lang/meta/definitions.ts:3:10 - error TS2459: Module '"../runtime"' declares 'vm' locally, but it is not exported.

    3 import { vm } from '../runtime';
               ~~

      src/lang/runtime.ts:15:5
        15 let vm: VM;
               ~~
        'vm' is declared here.

 FAIL  src/test/lang/tokenizer-symbol.test.ts
  ● Test suite failed to run

    src/lang/meta/definitions.ts:3:10 - error TS2459: Module '"../runtime"' declares 'vm' locally, but it is not exported.

    3 import { vm } from '../runtime';
               ~~

      src/lang/runtime.ts:15:5
        15 let vm: VM;
               ~~
        'vm' is declared here.

 FAIL  src/test/lang/repl.test.ts
  ● Test suite failed to run

    src/lang/meta/definitions.ts:3:10 - error TS2459: Module '"../runtime"' declares 'vm' locally, but it is not exported.

    3 import { vm } from '../runtime';
               ~~

      src/lang/runtime.ts:15:5
        15 let vm: VM;
               ~~
        'vm' is declared here.

 FAIL  src/test/lang/file-processor.test.ts
  ● Test suite failed to run

    src/lang/meta/definitions.ts:3:10 - error TS2459: Module '"../runtime"' declares 'vm' locally, but it is not exported.

    3 import { vm } from '../runtime';
               ~~

      src/lang/runtime.ts:15:5
        15 let vm: VM;
               ~~
        'vm' is declared here.

 FAIL  src/test/ops/lists/query/keys-values.coverage.test.ts
  ● Test suite failed to run

    src/lang/meta/definitions.ts:3:10 - error TS2459: Module '"../runtime"' declares 'vm' locally, but it is not exported.

    3 import { vm } from '../runtime';
               ~~

      src/lang/runtime.ts:15:5
        15 let vm: VM;
               ~~
        'vm' is declared here.

 FAIL  src/test/core/builtin-tag.test.ts
  ● Test suite failed to run

    src/lang/meta/definitions.ts:3:10 - error TS2459: Module '"../runtime"' declares 'vm' locally, but it is not exported.

    3 import { vm } from '../runtime';
               ~~

      src/lang/runtime.ts:15:5
        15 let vm: VM;
               ~~
        'vm' is declared here.

 FAIL  src/test/lang/literals.test.ts
  ● literal emission helpers › emitNumber compiles numeric literal opcodes





  ● literal emission helpers › emitString interns the string and compiles address





 FAIL  src/test/ops/lists/query/ref-op.coverage.test.ts
  ● Test suite failed to run

    src/lang/meta/definitions.ts:3:10 - error TS2459: Module '"../runtime"' declares 'vm' locally, but it is not exported.

    3 import { vm } from '../runtime';
               ~~

      src/lang/runtime.ts:15:5
        15 let vm: VM;
               ~~
        'vm' is declared here.

 FAIL  src/test/ops/lists/query/find-default.coverage.test.ts
  ● Test suite failed to run

    src/lang/meta/definitions.ts:3:10 - error TS2459: Module '"../runtime"' declares 'vm' locally, but it is not exported.

    3 import { vm } from '../runtime';
               ~~

      src/lang/runtime.ts:15:5
        15 let vm: VM;
               ~~
        'vm' is declared here.

 FAIL  src/test/lang/repl.coverage.test.ts
  ● Test suite failed to run

    src/lang/meta/definitions.ts:3:10 - error TS2459: Module '"../runtime"' declares 'vm' locally, but it is not exported.

    3 import { vm } from '../runtime';
               ~~

      src/lang/runtime.ts:15:5
        15 let vm: VM;
               ~~
        'vm' is declared here.

 FAIL  src/test/ops/lists/structure/reverse.test.ts
  ● Test suite failed to run

    src/lang/meta/definitions.ts:3:10 - error TS2459: Module '"../runtime"' declares 'vm' locally, but it is not exported.

    3 import { vm } from '../runtime';
               ~~

      src/lang/runtime.ts:15:5
        15 let vm: VM;
               ~~
        'vm' is declared here.

 FAIL  src/test/ops/lists/structure/head-tail-uncons.test.ts
  ● Test suite failed to run

    src/lang/meta/definitions.ts:3:10 - error TS2459: Module '"../runtime"' declares 'vm' locally, but it is not exported.

    3 import { vm } from '../runtime';
               ~~

      src/lang/runtime.ts:15:5
        15 let vm: VM;
               ~~
        'vm' is declared here.

 FAIL  src/test/ops/lists/structure/concat-polymorphic.test.ts
  ● Test suite failed to run

    src/lang/meta/definitions.ts:3:10 - error TS2459: Module '"../runtime"' declares 'vm' locally, but it is not exported.

    3 import { vm } from '../runtime';
               ~~

      src/lang/runtime.ts:15:5
        15 let vm: VM;
               ~~
        'vm' is declared here.

 FAIL  src/test/lang/capsules/capsule-registration.test.ts
  ● Test suite failed to run

    src/test/lang/capsules/capsule-registration.test.ts:3:10 - error TS2305: Module '"../../utils/vm-test-utils"' has no exported member 'vm'.

    3 import { vm, initializeInterpreter } from '../../utils/vm-test-utils';
               ~~
    src/test/lang/capsules/capsule-registration.test.ts:3:14 - error TS2305: Module '"../../utils/vm-test-utils"' has no exported member 'initializeInterpreter'.

    3 import { vm, initializeInterpreter } from '../../utils/vm-test-utils';
                   ~~~~~~~~~~~~~~~~~~~~~
    src/test/lang/capsules/capsule-registration.test.ts:4:10 - error TS2305: Module '"../../utils/vm-test-utils"' has no exported member 'resetVM'.

    4 import { resetVM } from '../../utils/vm-test-utils';
               ~~~~~~~

 FAIL  src/test/lang/capsules/capsule-nested.dispatch.test.ts
  ● Test suite failed to run

    src/test/lang/capsules/capsule-nested.dispatch.test.ts:6:7 - error TS2451: Cannot redeclare block-scoped variable 'vm'.

    6   let vm: VM;
            ~~
    src/test/lang/capsules/capsule-nested.dispatch.test.ts:8:7 - error TS2451: Cannot redeclare block-scoped variable 'vm'.

    8   let vm: VM;
            ~~

 FAIL  src/test/lang/capsules/capsule-integration.counter.test.ts
  ● Test suite failed to run

    src/test/lang/capsules/capsule-integration.counter.test.ts:6:7 - error TS2451: Cannot redeclare block-scoped variable 'vm'.

    6   let vm: VM;
            ~~
    src/test/lang/capsules/capsule-integration.counter.test.ts:8:7 - error TS2451: Cannot redeclare block-scoped variable 'vm'.

    8   let vm: VM;
            ~~

 FAIL  src/test/lang/capsules/capsule-integration.frame-extend.test.ts
  ● Test suite failed to run

    src/test/lang/capsules/capsule-integration.frame-extend.test.ts:6:7 - error TS2451: Cannot redeclare block-scoped variable 'vm'.

    6   let vm: VM;
            ~~
    src/test/lang/capsules/capsule-integration.frame-extend.test.ts:8:7 - error TS2451: Cannot redeclare block-scoped variable 'vm'.

    8   let vm: VM;
            ~~

 FAIL  src/test/lang/capsules/capsule-dispatch.stack-ref.test.ts
  ● Test suite failed to run

    src/test/lang/capsules/capsule-dispatch.stack-ref.test.ts:6:7 - error TS2451: Cannot redeclare block-scoped variable 'vm'.

    6   let vm: VM;
            ~~
    src/test/lang/capsules/capsule-dispatch.stack-ref.test.ts:8:7 - error TS2451: Cannot redeclare block-scoped variable 'vm'.

    8   let vm: VM;
            ~~

 FAIL  src/test/lang/capsules/capsule-dispatch.global-ref.test.ts
  ● Test suite failed to run

    src/test/lang/capsules/capsule-dispatch.global-ref.test.ts:6:7 - error TS2451: Cannot redeclare block-scoped variable 'vm'.

    6   let vm: VM;
            ~~
    src/test/lang/capsules/capsule-dispatch.global-ref.test.ts:8:7 - error TS2451: Cannot redeclare block-scoped variable 'vm'.

    8   let vm: VM;
            ~~

 FAIL  src/test/lang/capsules/capsule-dispatch.degenerate.test.ts
  ● Test suite failed to run

    src/test/lang/capsules/capsule-dispatch.degenerate.test.ts:6:7 - error TS2451: Cannot redeclare block-scoped variable 'vm'.

    6   let vm: VM;
            ~~
    src/test/lang/capsules/capsule-dispatch.degenerate.test.ts:8:7 - error TS2451: Cannot redeclare block-scoped variable 'vm'.

    8   let vm: VM;
            ~~

 FAIL  src/test/lang/capsules/capsule-constructor.basic.test.ts
  ● Test suite failed to run

    src/test/lang/capsules/capsule-constructor.basic.test.ts:1:10 - error TS2305: Module '"../../utils/vm-test-utils"' has no exported member 'vm'.

    1 import { vm } from '../../utils/vm-test-utils';
               ~~
    src/test/lang/capsules/capsule-constructor.basic.test.ts:2:10 - error TS2305: Module '"../../utils/vm-test-utils"' has no exported member 'resetVM'.

    2 import { resetVM, executeTacitWithState } from '../../utils/vm-test-utils';
               ~~~~~~~
    src/test/lang/capsules/capsule-constructor.basic.test.ts:24:19 - error TS2554: Expected 2 arguments, but got 1.

    24     const state = executeTacitWithState(code);
                         ~~~~~~~~~~~~~~~~~~~~~

      src/test/utils/vm-test-utils.ts:62:47
        62 export function executeTacitWithState(vm: VM, code: string): VMStateSnapshot {
                                                         ~~~~~~~~~~~~
        An argument for 'code' was not provided.
    src/test/lang/capsules/capsule-constructor.basic.test.ts:48:19 - error TS2554: Expected 2 arguments, but got 1.

    48     const state = executeTacitWithState(code);
                         ~~~~~~~~~~~~~~~~~~~~~

      src/test/utils/vm-test-utils.ts:62:47
        62 export function executeTacitWithState(vm: VM, code: string): VMStateSnapshot {
                                                         ~~~~~~~~~~~~
        An argument for 'code' was not provided.

 FAIL  src/test/ops/stack/tuck.test.ts
  ● Test suite failed to run

    src/test/ops/stack/tuck.test.ts:9:10 - error TS2305: Module '"../../utils/vm-test-utils"' has no exported member 'vm'.

    9 import { vm } from '../../utils/vm-test-utils';
               ~~
    src/test/ops/stack/tuck.test.ts:13:28 - error TS2305: Module '"../../utils/vm-test-utils"' has no exported member 'resetVM'.

    13 import { executeTacitCode, resetVM } from '../../utils/vm-test-utils';
                                  ~~~~~~~

 FAIL  src/test/ops/stack/swap.test.ts
  ● Test suite failed to run

    src/lang/meta/definitions.ts:3:10 - error TS2459: Module '"../runtime"' declares 'vm' locally, but it is not exported.

    3 import { vm } from '../runtime';
               ~~

      src/lang/runtime.ts:15:5
        15 let vm: VM;
               ~~
        'vm' is declared here.

 FAIL  src/test/ops/stack/rot.test.ts
  ● Test suite failed to run

    src/test/ops/stack/rot.test.ts:2:10 - error TS2305: Module '"../../utils/vm-test-utils"' has no exported member 'vm'.

    2 import { vm } from '../../utils/vm-test-utils';
               ~~
    src/test/ops/stack/rot.test.ts:4:10 - error TS2305: Module '"../../utils/vm-test-utils"' has no exported member 'resetVM'.

    4 import { resetVM } from '../../utils/vm-test-utils';
               ~~~~~~~

 FAIL  src/test/ops/stack/revrot.test.ts
  ● Test suite failed to run

    src/test/ops/stack/revrot.test.ts:2:10 - error TS2305: Module '"../../utils/vm-test-utils"' has no exported member 'vm'.

    2 import { vm } from '../../utils/vm-test-utils';
               ~~
    src/test/ops/stack/revrot.test.ts:4:10 - error TS2305: Module '"../../utils/vm-test-utils"' has no exported member 'resetVM'.

    4 import { resetVM } from '../../utils/vm-test-utils';
               ~~~~~~~

 FAIL  src/test/ops/stack/pick.test.ts
  ● Test suite failed to run

    src/test/ops/stack/pick.test.ts:2:10 - error TS2305: Module '"../../utils/vm-test-utils"' has no exported member 'vm'.

    2 import { vm } from '../../utils/vm-test-utils';
               ~~
    src/test/ops/stack/pick.test.ts:4:10 - error TS2305: Module '"../../utils/vm-test-utils"' has no exported member 'resetVM'.

    4 import { resetVM } from '../../utils/vm-test-utils';
               ~~~~~~~

 FAIL  src/test/ops/stack/over.test.ts
  ● Test suite failed to run

    src/test/ops/stack/over.test.ts:2:10 - error TS2305: Module '"../../utils/vm-test-utils"' has no exported member 'vm'.

    2 import { vm } from '../../utils/vm-test-utils';
               ~~
    src/test/ops/stack/over.test.ts:4:10 - error TS2305: Module '"../../utils/vm-test-utils"' has no exported member 'resetVM'.

    4 import { resetVM } from '../../utils/vm-test-utils';
               ~~~~~~~

 FAIL  src/test/ops/stack/nip.test.ts
  ● Test suite failed to run

    src/test/ops/stack/nip.test.ts:10:28 - error TS2305: Module '"../../utils/vm-test-utils"' has no exported member 'resetVM'.

    10 import { executeTacitCode, resetVM, getVM } from '../../utils/vm-test-utils';
                                  ~~~~~~~
    src/test/ops/stack/nip.test.ts:10:37 - error TS2305: Module '"../../utils/vm-test-utils"' has no exported member 'getVM'.

    10 import { executeTacitCode, resetVM, getVM } from '../../utils/vm-test-utils';
                                           ~~~~~

 FAIL  src/test/ops/stack/dup.test.ts
  ● Test suite failed to run

    src/lang/meta/definitions.ts:3:10 - error TS2459: Module '"../runtime"' declares 'vm' locally, but it is not exported.

    3 import { vm } from '../runtime';
               ~~

      src/lang/runtime.ts:15:5
        15 let vm: VM;
               ~~
        'vm' is declared here.

 FAIL  src/test/ops/stack/drop.test.ts
  ● Test suite failed to run

    src/lang/meta/definitions.ts:3:10 - error TS2459: Module '"../runtime"' declares 'vm' locally, but it is not exported.

    3 import { vm } from '../runtime';
               ~~

      src/lang/runtime.ts:15:5
        15 let vm: VM;
               ~~
        'vm' is declared here.

 FAIL  src/test/ops/local-vars/tolerant-fetch.test.ts
  ● Test suite failed to run

    src/test/ops/local-vars/tolerant-fetch.test.ts:2:10 - error TS2305: Module '"../../utils/vm-test-utils"' has no exported member 'initializeInterpreter'.

    2 import { initializeInterpreter, vm } from '../../utils/vm-test-utils';
               ~~~~~~~~~~~~~~~~~~~~~
    src/test/ops/local-vars/tolerant-fetch.test.ts:2:33 - error TS2305: Module '"../../utils/vm-test-utils"' has no exported member 'vm'.

    2 import { initializeInterpreter, vm } from '../../utils/vm-test-utils';
                                      ~~
    src/test/ops/local-vars/tolerant-fetch.test.ts:18:5 - error TS2554: Expected 2 arguments, but got 1.

    18     executeProgram(': a 100 var x &x load ; a');
           ~~~~~~~~~~~~~~

      src/lang/interpreter.ts:94:40
        94 export function executeProgram(vm: VM, code: string): void {
                                                  ~~~~~~~~~~~~
        An argument for 'code' was not provided.
    src/test/ops/local-vars/tolerant-fetch.test.ts:22:5 - error TS2554: Expected 2 arguments, but got 1.

    22     executeProgram(': b 100 var x x ; b');
           ~~~~~~~~~~~~~~

      src/lang/interpreter.ts:94:40
        94 export function executeProgram(vm: VM, code: string): void {
                                                  ~~~~~~~~~~~~
        An argument for 'code' was not provided.
    src/test/ops/local-vars/tolerant-fetch.test.ts:31:5 - error TS2554: Expected 2 arguments, but got 1.

    31     executeProgram(': a ( 1 2 3 ) var xs &xs fetch load ; a');
           ~~~~~~~~~~~~~~

      src/lang/interpreter.ts:94:40
        94 export function executeProgram(vm: VM, code: string): void {
                                                  ~~~~~~~~~~~~
        An argument for 'code' was not provided.
    src/test/ops/local-vars/tolerant-fetch.test.ts:36:5 - error TS2554: Expected 2 arguments, but got 1.

    36     executeProgram(': b ( 1 2 3 ) var xs xs ; b');
           ~~~~~~~~~~~~~~

      src/lang/interpreter.ts:94:40
        94 export function executeProgram(vm: VM, code: string): void {
                                                  ~~~~~~~~~~~~
        An argument for 'code' was not provided.
    src/test/ops/local-vars/tolerant-fetch.test.ts:45:5 - error TS2554: Expected 2 arguments, but got 1.

    45     executeProgram(': a ( 10 20 ) var xs &xs 0 elem load ; a');
           ~~~~~~~~~~~~~~

      src/lang/interpreter.ts:94:40
        94 export function executeProgram(vm: VM, code: string): void {
                                                  ~~~~~~~~~~~~
        An argument for 'code' was not provided.
    src/test/ops/local-vars/tolerant-fetch.test.ts:52:5 - error TS2554: Expected 2 arguments, but got 1.

    52     executeProgram(': a ( 10 20 ) var xs &xs 0 slot load ; a');
           ~~~~~~~~~~~~~~

      src/lang/interpreter.ts:94:40
        94 export function executeProgram(vm: VM, code: string): void {
                                                  ~~~~~~~~~~~~
        An argument for 'code' was not provided.
    src/test/ops/local-vars/tolerant-fetch.test.ts:60:5 - error TS2554: Expected 2 arguments, but got 1.

    60     executeProgram(': a ( 1 10 2 20 ) var m &m 2 find load ; a');
           ~~~~~~~~~~~~~~

      src/lang/interpreter.ts:94:40
        94 export function executeProgram(vm: VM, code: string): void {
                                                  ~~~~~~~~~~~~
        An argument for 'code' was not provided.

 FAIL  src/test/ops/local-vars/reserve.test.ts
  ● Test suite failed to run

    src/test/ops/local-vars/reserve.test.ts:7:10 - error TS2305: Module '"../../utils/vm-test-utils"' has no exported member 'initializeInterpreter'.

    7 import { initializeInterpreter, vm } from '../../utils/vm-test-utils';
               ~~~~~~~~~~~~~~~~~~~~~
    src/test/ops/local-vars/reserve.test.ts:7:33 - error TS2305: Module '"../../utils/vm-test-utils"' has no exported member 'vm'.

    7 import { initializeInterpreter, vm } from '../../utils/vm-test-utils';
                                      ~~

 FAIL  src/test/ops/local-vars/ref-assign-fast-path.test.ts
  ● Test suite failed to run

    src/lang/meta/definitions.ts:3:10 - error TS2459: Module '"../runtime"' declares 'vm' locally, but it is not exported.

    3 import { vm } from '../runtime';
               ~~

      src/lang/runtime.ts:15:5
        15 let vm: VM;
               ~~
        'vm' is declared here.

 FAIL  src/test/ops/local-vars/ref-assign-cross-segment.test.ts
  ● Test suite failed to run

    src/test/ops/local-vars/ref-assign-cross-segment.test.ts:6:28 - error TS2305: Module '"../../utils/vm-test-utils"' has no exported member 'resetVM'.

    6 import { executeTacitCode, resetVM, extractListFromStack } from '../../utils/vm-test-utils';
                                 ~~~~~~~
    src/test/ops/local-vars/ref-assign-cross-segment.test.ts:40:36 - error TS2304: Cannot find name 'vm'.

    40     const stack = executeTacitCode(vm, code);
                                          ~~
    src/test/ops/local-vars/ref-assign-cross-segment.test.ts:55:36 - error TS2304: Cannot find name 'vm'.

    55     const stack = executeTacitCode(vm, code);
                                          ~~

 FAIL  src/test/ops/local-vars/local-variables.test.ts
  ● Test suite failed to run

    src/test/ops/local-vars/local-variables.test.ts:6:10 - error TS2305: Module '"../../utils/vm-test-utils"' has no exported member 'vm'.

    6 import { vm, initializeInterpreter } from '../../utils/vm-test-utils';
               ~~
    src/test/ops/local-vars/local-variables.test.ts:6:14 - error TS2305: Module '"../../utils/vm-test-utils"' has no exported member 'initializeInterpreter'.

    6 import { vm, initializeInterpreter } from '../../utils/vm-test-utils';
                   ~~~~~~~~~~~~~~~~~~~~~

 FAIL  src/test/ops/local-vars/initvar.test.ts
  ● Test suite failed to run

    src/test/ops/local-vars/initvar.test.ts:5:10 - error TS2305: Module '"../../utils/vm-test-utils"' has no exported member 'vm'.

    5 import { vm, initializeInterpreter } from '../../utils/vm-test-utils';
               ~~
    src/test/ops/local-vars/initvar.test.ts:5:14 - error TS2305: Module '"../../utils/vm-test-utils"' has no exported member 'initializeInterpreter'.

    5 import { vm, initializeInterpreter } from '../../utils/vm-test-utils';
                   ~~~~~~~~~~~~~~~~~~~~~

 FAIL  src/test/ops/local-vars/increment-operator.test.ts
  ● Test suite failed to run

    src/test/ops/local-vars/increment-operator.test.ts:8:9 - error TS2304: Cannot find name 'vm'.

    8         vm,
              ~~
    src/test/ops/local-vars/increment-operator.test.ts:23:9 - error TS2304: Cannot find name 'vm'.

    23         vm,
               ~~
    src/test/ops/local-vars/increment-operator.test.ts:39:9 - error TS2304: Cannot find name 'vm'.

    39         vm,
               ~~
    src/test/ops/local-vars/increment-operator.test.ts:54:9 - error TS2304: Cannot find name 'vm'.

    54         vm,
               ~~
    src/test/ops/local-vars/increment-operator.test.ts:72:11 - error TS2304: Cannot find name 'vm'.

    72           vm,
                 ~~
    src/test/ops/local-vars/increment-operator.test.ts:83:11 - error TS2304: Cannot find name 'vm'.

    83           vm,
                 ~~
    src/test/ops/local-vars/increment-operator.test.ts:100:9 - error TS2304: Cannot find name 'vm'.

    100         vm,
                ~~
    src/test/ops/local-vars/increment-operator.test.ts:112:9 - error TS2304: Cannot find name 'vm'.

    112         vm,
                ~~
    src/test/ops/local-vars/increment-operator.test.ts:130:9 - error TS2304: Cannot find name 'vm'.

    130         vm,
                ~~
    src/test/ops/local-vars/increment-operator.test.ts:142:9 - error TS2304: Cannot find name 'vm'.

    142         vm,
                ~~

 FAIL  src/test/ops/local-vars/in-place-mutation.test.ts
  ● Test suite failed to run

    src/test/ops/local-vars/in-place-mutation.test.ts:5:10 - error TS2305: Module '"../../utils/vm-test-utils"' has no exported member 'vm'.

    5 import { vm } from '../../utils/vm-test-utils';
               ~~
    src/test/ops/local-vars/in-place-mutation.test.ts:6:10 - error TS2305: Module '"../../utils/vm-test-utils"' has no exported member 'resetVM'.

    6 import { resetVM, executeTacitCode } from '../../utils/vm-test-utils';
               ~~~~~~~

 FAIL  src/test/ops/local-vars/compound-var.test.ts
  ● Test suite failed to run

    src/test/ops/local-vars/compound-var.test.ts:5:10 - error TS2305: Module '"../../utils/vm-test-utils"' has no exported member 'vm'.

    5 import { vm } from '../../utils/vm-test-utils';
               ~~
    src/test/ops/local-vars/compound-var.test.ts:6:28 - error TS2305: Module '"../../utils/vm-test-utils"' has no exported member 'resetVM'.

    6 import { executeTacitCode, resetVM } from '../../utils/vm-test-utils';
                                 ~~~~~~~

 FAIL  src/test/ops/local-vars/compound-mutation.test.ts
  ● Test suite failed to run

    src/test/ops/local-vars/compound-mutation.test.ts:6:10 - error TS2305: Module '"../../utils/vm-test-utils"' has no exported member 'vm'.

    6 import { vm } from '../../utils/vm-test-utils';
               ~~
    src/test/ops/local-vars/compound-mutation.test.ts:7:28 - error TS2305: Module '"../../utils/vm-test-utils"' has no exported member 'resetVM'.

    7 import { executeTacitCode, resetVM } from '../../utils/vm-test-utils';
                                 ~~~~~~~

 FAIL  src/test/ops/local-vars/compatibility.test.ts
  ● Test suite failed to run

    src/test/ops/local-vars/compatibility.test.ts:5:10 - error TS2305: Module '"../../utils/vm-test-utils"' has no exported member 'vm'.

    5 import { vm } from '../../utils/vm-test-utils';
               ~~
    src/test/ops/local-vars/compatibility.test.ts:6:10 - error TS2305: Module '"../../utils/vm-test-utils"' has no exported member 'resetVM'.

    6 import { resetVM, executeTacitCode } from '../../utils/vm-test-utils';
               ~~~~~~~

 FAIL  src/test/ops/lists/list-spec-compliance.test.ts
  ● Test suite failed to run

    src/test/ops/lists/list-spec-compliance.test.ts:37:7 - error TS2304: Cannot find name 'resetVM'.

    37       resetVM();
             ~~~~~~~

 FAIL  src/test/ops/lists/list-ops-coverage.test.ts
  ● Test suite failed to run

    src/test/ops/lists/list-ops-coverage.test.ts:7:10 - error TS2305: Module '"../../utils/vm-test-utils"' has no exported member 'vm'.

    7 import { vm, initializeInterpreter } from '../../utils/vm-test-utils';
               ~~
    src/test/ops/lists/list-ops-coverage.test.ts:7:14 - error TS2305: Module '"../../utils/vm-test-utils"' has no exported member 'initializeInterpreter'.

    7 import { vm, initializeInterpreter } from '../../utils/vm-test-utils';
                   ~~~~~~~~~~~~~~~~~~~~~

 FAIL  src/test/ops/dict/find-add-after-reset.test.ts
  ● Test suite failed to run

    src/test/ops/dict/find-add-after-reset.test.ts:2:10 - error TS2305: Module '"../../utils/vm-test-utils"' has no exported member 'resetVM'.

    2 import { resetVM } from '../../utils/vm-test-utils';
               ~~~~~~~
    src/test/ops/dict/find-add-after-reset.test.ts:3:10 - error TS2305: Module '"../../utils/vm-test-utils"' has no exported member 'vm'.

    3 import { vm } from '../../utils/vm-test-utils';
               ~~

 FAIL  src/test/ops/dict/define-and-lookup-builtin.test.ts
  ● Test suite failed to run

    src/test/ops/dict/define-and-lookup-builtin.test.ts:2:10 - error TS2305: Module '"../../utils/vm-test-utils"' has no exported member 'resetVM'.

    2 import { resetVM } from '../../utils/vm-test-utils';
               ~~~~~~~
    src/test/ops/dict/define-and-lookup-builtin.test.ts:3:10 - error TS2305: Module '"../../utils/vm-test-utils"' has no exported member 'vm'.

    3 import { vm } from '../../utils/vm-test-utils';
               ~~

 FAIL  src/test/ops/dict/dict-ops.test.ts
  ● Test suite failed to run

    src/lang/meta/definitions.ts:3:10 - error TS2459: Module '"../runtime"' declares 'vm' locally, but it is not exported.

    3 import { vm } from '../runtime';
               ~~

      src/lang/runtime.ts:15:5
        15 let vm: VM;
               ~~
        'vm' is declared here.

 FAIL  src/test/ops/error-handling/invalid-slot-access.test.ts
  ● Test suite failed to run

    src/test/ops/error-handling/invalid-slot-access.test.ts:2:10 - error TS2305: Module '"../../utils/vm-test-utils"' has no exported member 'vm'.

    2 import { vm, initializeInterpreter } from '../../utils/vm-test-utils';
               ~~
    src/test/ops/error-handling/invalid-slot-access.test.ts:2:14 - error TS2305: Module '"../../utils/vm-test-utils"' has no exported member 'initializeInterpreter'.

    2 import { vm, initializeInterpreter } from '../../utils/vm-test-utils';
                   ~~~~~~~~~~~~~~~~~~~~~

 FAIL  src/test/ops/heap/global-heap.test.ts
  ● Test suite failed to run

    src/test/ops/heap/global-heap.test.ts:2:10 - error TS2305: Module '"../../utils/vm-test-utils"' has no exported member 'initializeInterpreter'.

    2 import { initializeInterpreter, vm } from '../../utils/vm-test-utils';
               ~~~~~~~~~~~~~~~~~~~~~
    src/test/ops/heap/global-heap.test.ts:2:33 - error TS2305: Module '"../../utils/vm-test-utils"' has no exported member 'vm'.

    2 import { initializeInterpreter, vm } from '../../utils/vm-test-utils';
                                      ~~
    src/test/ops/heap/global-heap.test.ts:3:10 - error TS2305: Module '"../../utils/vm-test-utils"' has no exported member 'resetVM'.

    3 import { resetVM } from '../../utils/vm-test-utils';
               ~~~~~~~

 FAIL  src/test/ops/core/core-ops-coverage.test.ts
  ● Test suite failed to run

    src/lang/meta/definitions.ts:3:10 - error TS2459: Module '"../runtime"' declares 'vm' locally, but it is not exported.

    3 import { vm } from '../runtime';
               ~~

      src/lang/runtime.ts:15:5
        15 let vm: VM;
               ~~
        'vm' is declared here.

 FAIL  src/test/ops/interpreter/interpreter-operations.test.ts
  ● Test suite failed to run

    src/test/ops/interpreter/interpreter-operations.test.ts:3:10 - error TS2305: Module '"../../utils/vm-test-utils"' has no exported member 'initializeInterpreter'.

    3 import { initializeInterpreter, vm } from '../../utils/vm-test-utils';
               ~~~~~~~~~~~~~~~~~~~~~
    src/test/ops/interpreter/interpreter-operations.test.ts:3:33 - error TS2305: Module '"../../utils/vm-test-utils"' has no exported member 'vm'.

    3 import { initializeInterpreter, vm } from '../../utils/vm-test-utils';
                                      ~~

 FAIL  src/test/ops/core/branch-coverage-extra.test.ts
  ● Test suite failed to run

    src/test/ops/core/branch-coverage-extra.test.ts:1:10 - error TS2305: Module '"../../utils/vm-test-utils"' has no exported member 'vm'.

    1 import { vm } from '../../utils/vm-test-utils';
               ~~
    src/test/ops/core/branch-coverage-extra.test.ts:2:10 - error TS2305: Module '"../../utils/vm-test-utils"' has no exported member 'resetVM'.

    2 import { resetVM } from '../../utils/vm-test-utils';
               ~~~~~~~

 FAIL  src/test/ops/control/control-ops.test.ts
  ● Test suite failed to run

    src/test/ops/control/control-ops.test.ts:5:10 - error TS2305: Module '"../../utils/vm-test-utils"' has no exported member 'vm'.

    5 import { vm, initializeInterpreter } from '../../utils/vm-test-utils';
               ~~
    src/test/ops/control/control-ops.test.ts:5:14 - error TS2305: Module '"../../utils/vm-test-utils"' has no exported member 'initializeInterpreter'.

    5 import { vm, initializeInterpreter } from '../../utils/vm-test-utils';
                   ~~~~~~~~~~~~~~~~~~~~~

 FAIL  src/test/ops/capsules/stubs.test.ts
  ● Test suite failed to run

    src/test/ops/capsules/stubs.test.ts:1:10 - error TS2305: Module '"../../utils/vm-test-utils"' has no exported member 'vm'.

    1 import { vm } from '../../utils/vm-test-utils';
               ~~
    src/test/ops/capsules/stubs.test.ts:9:10 - error TS2305: Module '"../../utils/vm-test-utils"' has no exported member 'resetVM'.

    9 import { resetVM } from '../../utils/vm-test-utils';
               ~~~~~~~

 FAIL  src/test/ops/capsules/layout.test.ts
  ● Test suite failed to run

    src/test/ops/capsules/layout.test.ts:1:10 - error TS2305: Module '"../../utils/vm-test-utils"' has no exported member 'vm'.

    1 import { vm } from '../../utils/vm-test-utils';
               ~~
    src/test/ops/capsules/layout.test.ts:2:10 - error TS2305: Module '"../../utils/vm-test-utils"' has no exported member 'resetVM'.

    2 import { resetVM } from '../../utils/vm-test-utils';
               ~~~~~~~

 FAIL  src/test/ops/capsules/dispatch.test.ts
  ● Test suite failed to run

    src/test/ops/capsules/dispatch.test.ts:1:10 - error TS2305: Module '"../../utils/vm-test-utils"' has no exported member 'vm'.

    1 import { vm } from '../../utils/vm-test-utils';
               ~~
    src/test/ops/capsules/dispatch.test.ts:2:10 - error TS2305: Module '"../../utils/vm-test-utils"' has no exported member 'resetVM'.

    2 import { resetVM } from '../../utils/vm-test-utils';
               ~~~~~~~

 FAIL  src/test/ops/capsules/assertions.test.ts
  ● Test suite failed to run

    src/test/ops/capsules/assertions.test.ts:2:10 - error TS2305: Module '"../../utils/vm-test-utils"' has no exported member 'vm'.

    2 import { vm } from '../../utils/vm-test-utils';
               ~~
    src/test/ops/capsules/assertions.test.ts:4:10 - error TS2305: Module '"../../utils/vm-test-utils"' has no exported member 'resetVM'.

    4 import { resetVM, pushTestList } from '../../utils/vm-test-utils';
               ~~~~~~~

 FAIL  src/test/ops/conditional/conditionals.test.ts
  ● Test suite failed to run

    src/test/ops/conditional/conditionals.test.ts:6:10 - error TS2305: Module '"../../utils/vm-test-utils"' has no exported member 'vm'.

    6 import { vm, initializeInterpreter } from '../../utils/vm-test-utils';
               ~~
    src/test/ops/conditional/conditionals.test.ts:6:14 - error TS2305: Module '"../../utils/vm-test-utils"' has no exported member 'initializeInterpreter'.

    6 import { vm, initializeInterpreter } from '../../utils/vm-test-utils';
                   ~~~~~~~~~~~~~~~~~~~~~
    src/test/ops/conditional/conditionals.test.ts:18:7 - error TS2554: Expected 2 arguments, but got 1.

    18       executeProgram('1 if 2 3 add ;');
             ~~~~~~~~~~~~~~

      src/lang/interpreter.ts:94:40
        94 export function executeProgram(vm: VM, code: string): void {
                                                  ~~~~~~~~~~~~
        An argument for 'code' was not provided.
    src/test/ops/conditional/conditionals.test.ts:23:7 - error TS2554: Expected 2 arguments, but got 1.

    23       executeProgram('0 if 2 3 add ;');
             ~~~~~~~~~~~~~~

      src/lang/interpreter.ts:94:40
        94 export function executeProgram(vm: VM, code: string): void {
                                                  ~~~~~~~~~~~~
        An argument for 'code' was not provided.
    src/test/ops/conditional/conditionals.test.ts:28:7 - error TS2554: Expected 2 arguments, but got 1.

    28       executeProgram('1 if ;');
             ~~~~~~~~~~~~~~

      src/lang/interpreter.ts:94:40
        94 export function executeProgram(vm: VM, code: string): void {
                                                  ~~~~~~~~~~~~
        An argument for 'code' was not provided.
    src/test/ops/conditional/conditionals.test.ts:33:7 - error TS2554: Expected 2 arguments, but got 1.

    33       executeProgram('1 if 10 else 20 ;');
             ~~~~~~~~~~~~~~

      src/lang/interpreter.ts:94:40
        94 export function executeProgram(vm: VM, code: string): void {
                                                  ~~~~~~~~~~~~
        An argument for 'code' was not provided.
    src/test/ops/conditional/conditionals.test.ts:38:7 - error TS2554: Expected 2 arguments, but got 1.

    38       executeProgram('0 if 10 else 20 ;');
             ~~~~~~~~~~~~~~

      src/lang/interpreter.ts:94:40
        94 export function executeProgram(vm: VM, code: string): void {
                                                  ~~~~~~~~~~~~
        An argument for 'code' was not provided.
    src/test/ops/conditional/conditionals.test.ts:43:7 - error TS2554: Expected 2 arguments, but got 1.

    43       executeProgram('0 if 10 else ;');
             ~~~~~~~~~~~~~~

      src/lang/interpreter.ts:94:40
        94 export function executeProgram(vm: VM, code: string): void {
                                                  ~~~~~~~~~~~~
        An argument for 'code' was not provided.
    src/test/ops/conditional/conditionals.test.ts:48:7 - error TS2554: Expected 2 arguments, but got 1.

    48       executeProgram('5 10 lt if 100 else 200 ;');
             ~~~~~~~~~~~~~~

      src/lang/interpreter.ts:94:40
        94 export function executeProgram(vm: VM, code: string): void {
                                                  ~~~~~~~~~~~~
        An argument for 'code' was not provided.
    src/test/ops/conditional/conditionals.test.ts:59:7 - error TS2554: Expected 2 arguments, but got 1.

    59       executeProgram('1 if 2 0 if 3 ; ;');
             ~~~~~~~~~~~~~~

      src/lang/interpreter.ts:94:40
        94 export function executeProgram(vm: VM, code: string): void {
                                                  ~~~~~~~~~~~~
        An argument for 'code' was not provided.
    src/test/ops/conditional/conditionals.test.ts:64:7 - error TS2554: Expected 2 arguments, but got 1.

    64       executeProgram('5 3 gt if 2 3 mul else 2 3 add ;');
             ~~~~~~~~~~~~~~

      src/lang/interpreter.ts:94:40
        94 export function executeProgram(vm: VM, code: string): void {
                                                  ~~~~~~~~~~~~
        An argument for 'code' was not provided.
    src/test/ops/conditional/conditionals.test.ts:69:7 - error TS2554: Expected 2 arguments, but got 1.

    69       executeProgram(`
             ~~~~~~~~~~~~~~

      src/lang/interpreter.ts:94:40
        94 export function executeProgram(vm: VM, code: string): void {
                                                  ~~~~~~~~~~~~
        An argument for 'code' was not provided.
    src/test/ops/conditional/conditionals.test.ts:82:7 - error TS2554: Expected 2 arguments, but got 1.

    82       executeProgram('3 3 eq if 7 7 eq if 42 else 24 ; else 0 ;');
             ~~~~~~~~~~~~~~

      src/lang/interpreter.ts:94:40
        94 export function executeProgram(vm: VM, code: string): void {
                                                  ~~~~~~~~~~~~
        An argument for 'code' was not provided.

 FAIL  src/test/ops/arithmetic/unary-operations.test.ts
  ● Test suite failed to run

    src/test/ops/arithmetic/unary-operations.test.ts:6:10 - error TS2305: Module '"../../utils/vm-test-utils"' has no exported member 'vm'.

    6 import { vm, initializeInterpreter } from '../../utils/vm-test-utils';
               ~~
    src/test/ops/arithmetic/unary-operations.test.ts:6:14 - error TS2305: Module '"../../utils/vm-test-utils"' has no exported member 'initializeInterpreter'.

    6 import { vm, initializeInterpreter } from '../../utils/vm-test-utils';
                   ~~~~~~~~~~~~~~~~~~~~~

 FAIL  src/test/ops/arithmetic/arithmetic.test.ts
  ● Test suite failed to run

    src/lang/meta/definitions.ts:3:10 - error TS2459: Module '"../runtime"' declares 'vm' locally, but it is not exported.

    3 import { vm } from '../runtime';
               ~~

      src/lang/runtime.ts:15:5
        15 let vm: VM;
               ~~
        'vm' is declared here.

 FAIL  src/test/lang/parser.comprehensive.test.ts
  ● Test suite failed to run

    src/test/lang/parser.comprehensive.test.ts:2:10 - error TS2305: Module '"../utils/vm-test-utils"' has no exported member 'initializeInterpreter'.

    2 import { initializeInterpreter, vm } from '../utils/vm-test-utils';
               ~~~~~~~~~~~~~~~~~~~~~
    src/test/lang/parser.comprehensive.test.ts:2:33 - error TS2305: Module '"../utils/vm-test-utils"' has no exported member 'vm'.

    2 import { initializeInterpreter, vm } from '../utils/vm-test-utils';
                                      ~~
    src/test/lang/parser.comprehensive.test.ts:14:20 - error TS2554: Expected 2 arguments, but got 1.

    14       expect(() => parse(new Tokenizer(': test'))).toThrow('Unclosed definition for test');
                          ~~~~~

      src/lang/parser.ts:42:31
        42 export function parse(vm: VM, tokenizer: Tokenizer): void {
                                         ~~~~~~~~~~~~~~~~~~~~
        An argument for 'tokenizer' was not provided.
    src/test/lang/parser.comprehensive.test.ts:17:20 - error TS2554: Expected 2 arguments, but got 1.

    17       expect(() => parse(new Tokenizer(': test : nested ;'))).toThrow(
                          ~~~~~

      src/lang/parser.ts:42:31
        42 export function parse(vm: VM, tokenizer: Tokenizer): void {
                                         ~~~~~~~~~~~~~~~~~~~~
        An argument for 'tokenizer' was not provided.
    src/test/lang/parser.comprehensive.test.ts:22:20 - error TS2554: Expected 2 arguments, but got 1.

    22       expect(() => parse(new Tokenizer(': ;'))).toThrow('Expected word name after :');
                          ~~~~~

      src/lang/parser.ts:42:31
        42 export function parse(vm: VM, tokenizer: Tokenizer): void {
                                         ~~~~~~~~~~~~~~~~~~~~
        An argument for 'tokenizer' was not provided.
    src/test/lang/parser.comprehensive.test.ts:25:20 - error TS2554: Expected 2 arguments, but got 1.

    25       expect(() => parse(new Tokenizer(')'))).toThrow('Unexpected closing parenthesis');
                          ~~~~~

      src/lang/parser.ts:42:31
        42 export function parse(vm: VM, tokenizer: Tokenizer): void {
                                         ~~~~~~~~~~~~~~~~~~~~
        An argument for 'tokenizer' was not provided.
    src/test/lang/parser.comprehensive.test.ts:30:7 - error TS2554: Expected 2 arguments, but got 1.

    30       parse(new Tokenizer(': empty ;'));
             ~~~~~

      src/lang/parser.ts:42:31
        42 export function parse(vm: VM, tokenizer: Tokenizer): void {
                                         ~~~~~~~~~~~~~~~~~~~~
        An argument for 'tokenizer' was not provided.
    src/test/lang/parser.comprehensive.test.ts:39:7 - error TS2554: Expected 2 arguments, but got 1.

    39       parse(new Tokenizer(': test-word! add sub ;'));
             ~~~~~

      src/lang/parser.ts:42:31
        42 export function parse(vm: VM, tokenizer: Tokenizer): void {
                                         ~~~~~~~~~~~~~~~~~~~~
        An argument for 'tokenizer' was not provided.
    src/test/lang/parser.comprehensive.test.ts:44:7 - error TS2554: Expected 2 arguments, but got 1.

    44       executeProgram(': 2x 2 mul ; 5 2x');
             ~~~~~~~~~~~~~~

      src/lang/interpreter.ts:94:40
        94 export function executeProgram(vm: VM, code: string): void {
                                                  ~~~~~~~~~~~~
        An argument for 'code' was not provided.
    src/test/lang/parser.comprehensive.test.ts:50:7 - error TS2554: Expected 2 arguments, but got 1.

    50       parse(new Tokenizer('( )'));
             ~~~~~

      src/lang/parser.ts:42:31
        42 export function parse(vm: VM, tokenizer: Tokenizer): void {
                                         ~~~~~~~~~~~~~~~~~~~~
        An argument for 'tokenizer' was not provided.
    src/test/lang/parser.comprehensive.test.ts:56:7 - error TS2554: Expected 2 arguments, but got 1.

    56       parse(new Tokenizer('( 1 2 )'));
             ~~~~~

      src/lang/parser.ts:42:31
        42 export function parse(vm: VM, tokenizer: Tokenizer): void {
                                         ~~~~~~~~~~~~~~~~~~~~
        An argument for 'tokenizer' was not provided.
    src/test/lang/parser.comprehensive.test.ts:68:7 - error TS2554: Expected 2 arguments, but got 1.

    68       parse(new Tokenizer('1 if 2 else 3 ;'));
             ~~~~~

      src/lang/parser.ts:42:31
        42 export function parse(vm: VM, tokenizer: Tokenizer): void {
                                         ~~~~~~~~~~~~~~~~~~~~
        An argument for 'tokenizer' was not provided.
    src/test/lang/parser.comprehensive.test.ts:85:7 - error TS2554: Expected 2 arguments, but got 1.

    85       parse(new Tokenizer('""'));
             ~~~~~

      src/lang/parser.ts:42:31
        42 export function parse(vm: VM, tokenizer: Tokenizer): void {
                                         ~~~~~~~~~~~~~~~~~~~~
        An argument for 'tokenizer' was not provided.
    src/test/lang/parser.comprehensive.test.ts:94:7 - error TS2554: Expected 2 arguments, but got 1.

    94       parse(new Tokenizer('"hello world"'));
             ~~~~~

      src/lang/parser.ts:42:31
        42 export function parse(vm: VM, tokenizer: Tokenizer): void {
                                         ~~~~~~~~~~~~~~~~~~~~
        An argument for 'tokenizer' was not provided.
    src/test/lang/parser.comprehensive.test.ts:105:7 - error TS2554: Expected 2 arguments, but got 1.

    105       parse(new Tokenizer("'test-symbol"));
              ~~~~~

      src/lang/parser.ts:42:31
        42 export function parse(vm: VM, tokenizer: Tokenizer): void {
                                         ~~~~~~~~~~~~~~~~~~~~
        An argument for 'tokenizer' was not provided.

 FAIL  src/test/lang/path-brackets.comprehensive.test.ts
  ● Test suite failed to run

    src/test/lang/path-brackets.comprehensive.test.ts:2:10 - error TS2305: Module '"../utils/vm-test-utils"' has no exported member 'initializeInterpreter'.

    2 import { initializeInterpreter, vm } from '../utils/vm-test-utils';
               ~~~~~~~~~~~~~~~~~~~~~
    src/test/lang/path-brackets.comprehensive.test.ts:2:33 - error TS2305: Module '"../utils/vm-test-utils"' has no exported member 'vm'.

    2 import { initializeInterpreter, vm } from '../utils/vm-test-utils';
                                      ~~
    src/test/lang/path-brackets.comprehensive.test.ts:13:5 - error TS2554: Expected 2 arguments, but got 1.

    13     executeProgram(': f ((1 2)(3 4)) var x x[0 1] ; f');
           ~~~~~~~~~~~~~~

      src/lang/interpreter.ts:94:40
        94 export function executeProgram(vm: VM, code: string): void {
                                                  ~~~~~~~~~~~~
        An argument for 'code' was not provided.
    src/test/lang/path-brackets.comprehensive.test.ts:19:5 - error TS2554: Expected 2 arguments, but got 1.

    19     executeProgram(': f (( (9 8) ) 7) var x x[0 0] length ; f');
           ~~~~~~~~~~~~~~

      src/lang/interpreter.ts:94:40
        94 export function executeProgram(vm: VM, code: string): void {
                                                  ~~~~~~~~~~~~
        An argument for 'code' was not provided.
    src/test/lang/path-brackets.comprehensive.test.ts:25:5 - error TS2554: Expected 2 arguments, but got 1.

    25     executeProgram('(1 2 3) [0]');
           ~~~~~~~~~~~~~~

      src/lang/interpreter.ts:94:40
        94 export function executeProgram(vm: VM, code: string): void {
                                                  ~~~~~~~~~~~~
        An argument for 'code' was not provided.
    src/test/lang/path-brackets.comprehensive.test.ts:34:5 - error TS2554: Expected 2 arguments, but got 1.

    34     executeProgram(code);
           ~~~~~~~~~~~~~~

      src/lang/interpreter.ts:94:40
        94 export function executeProgram(vm: VM, code: string): void {
                                                  ~~~~~~~~~~~~
        An argument for 'code' was not provided.
    src/test/lang/path-brackets.comprehensive.test.ts:48:5 - error TS2554: Expected 2 arguments, but got 1.

    48     executeProgram(code);
           ~~~~~~~~~~~~~~

      src/lang/interpreter.ts:94:40
        94 export function executeProgram(vm: VM, code: string): void {
                                                  ~~~~~~~~~~~~
        An argument for 'code' was not provided.
    src/test/lang/path-brackets.comprehensive.test.ts:54:5 - error TS2554: Expected 2 arguments, but got 1.

    54     executeProgram(': f ((1 2)(3 4)) var x 5 -> x[1 1] x[1 1] ; f');
           ~~~~~~~~~~~~~~

      src/lang/interpreter.ts:94:40
        94 export function executeProgram(vm: VM, code: string): void {
                                                  ~~~~~~~~~~~~
        An argument for 'code' was not provided.
    src/test/lang/path-brackets.comprehensive.test.ts:60:5 - error TS2554: Expected 2 arguments, but got 1.

    60     executeProgram(': f ( ( (9 9 9) 8 ) ) var x (1 2 3) -> x[0 0] x[0 0] length ; f');
           ~~~~~~~~~~~~~~

      src/lang/interpreter.ts:94:40
        94 export function executeProgram(vm: VM, code: string): void {
                                                  ~~~~~~~~~~~~
        An argument for 'code' was not provided.
    src/test/lang/path-brackets.comprehensive.test.ts:67:18 - error TS2554: Expected 2 arguments, but got 1.

    67     expect(() => executeProgram(code)).toThrow(/Incompatible compound assignment/);
                        ~~~~~~~~~~~~~~

      src/lang/interpreter.ts:94:40
        94 export function executeProgram(vm: VM, code: string): void {
                                                  ~~~~~~~~~~~~
        An argument for 'code' was not provided.
    src/test/lang/path-brackets.comprehensive.test.ts:72:18 - error TS2554: Expected 2 arguments, but got 1.

    72     expect(() => executeProgram(code)).toThrow(/store expects DATA_REF address/);
                        ~~~~~~~~~~~~~~

      src/lang/interpreter.ts:94:40
        94 export function executeProgram(vm: VM, code: string): void {
                                                  ~~~~~~~~~~~~
        An argument for 'code' was not provided.
    src/test/lang/path-brackets.comprehensive.test.ts:86:5 - error TS2554: Expected 2 arguments, but got 1.

    86     executeProgram(code);
           ~~~~~~~~~~~~~~

      src/lang/interpreter.ts:94:40
        94 export function executeProgram(vm: VM, code: string): void {
                                                  ~~~~~~~~~~~~
        An argument for 'code' was not provided.
    src/test/lang/path-brackets.comprehensive.test.ts:92:5 - error TS2554: Expected 2 arguments, but got 1.

    92     executeProgram(': f (1 2) var x x[] ; f');
           ~~~~~~~~~~~~~~

      src/lang/interpreter.ts:94:40
        94 export function executeProgram(vm: VM, code: string): void {
                                                  ~~~~~~~~~~~~
        An argument for 'code' was not provided.
    src/test/lang/path-brackets.comprehensive.test.ts:99:18 - error TS2554: Expected 2 arguments, but got 1.

    99     expect(() => executeProgram(code)).toThrow(/store expects DATA_REF address/i);
                        ~~~~~~~~~~~~~~

      src/lang/interpreter.ts:94:40
        94 export function executeProgram(vm: VM, code: string): void {
                                                  ~~~~~~~~~~~~
        An argument for 'code' was not provided.
    src/test/lang/path-brackets.comprehensive.test.ts:103:5 - error TS2554: Expected 2 arguments, but got 1.

    103     executeProgram(': f ((1 2)(3 4)) var x x[ 0   1 ] ; f');
            ~~~~~~~~~~~~~~

      src/lang/interpreter.ts:94:40
        94 export function executeProgram(vm: VM, code: string): void {
                                                  ~~~~~~~~~~~~
        An argument for 'code' was not provided.
    src/test/lang/path-brackets.comprehensive.test.ts:109:18 - error TS2554: Expected 2 arguments, but got 1.

    109     expect(() => executeProgram(': f (1 2) var x x[foo] ; f')).toThrow(
                         ~~~~~~~~~~~~~~

      src/lang/interpreter.ts:94:40
        94 export function executeProgram(vm: VM, code: string): void {
                                                  ~~~~~~~~~~~~
        An argument for 'code' was not provided.
    src/test/lang/path-brackets.comprehensive.test.ts:115:5 - error TS2554: Expected 2 arguments, but got 1.

    115     executeProgram(': f (10 20) var x x[-1] ; f');
            ~~~~~~~~~~~~~~

      src/lang/interpreter.ts:94:40
        94 export function executeProgram(vm: VM, code: string): void {
                                                  ~~~~~~~~~~~~
        An argument for 'code' was not provided.
    src/test/lang/path-brackets.comprehensive.test.ts:122:18 - error TS2554: Expected 2 arguments, but got 1.

    122     expect(() => executeProgram(code)).toThrow(/store expects DATA_REF address/i);
                         ~~~~~~~~~~~~~~

      src/lang/interpreter.ts:94:40
        94 export function executeProgram(vm: VM, code: string): void {
                                                  ~~~~~~~~~~~~
        An argument for 'code' was not provided.
    src/test/lang/path-brackets.comprehensive.test.ts:135:5 - error TS2554: Expected 2 arguments, but got 1.

    135     executeProgram(code);
            ~~~~~~~~~~~~~~

      src/lang/interpreter.ts:94:40
        94 export function executeProgram(vm: VM, code: string): void {
                                                  ~~~~~~~~~~~~
        An argument for 'code' was not provided.

 FAIL  src/test/lang/parser.test.ts
  ● Test suite failed to run

    src/test/lang/parser.test.ts:3:10 - error TS2305: Module '"../utils/vm-test-utils"' has no exported member 'initializeInterpreter'.

    3 import { initializeInterpreter, vm } from '../utils/vm-test-utils';
               ~~~~~~~~~~~~~~~~~~~~~
    src/test/lang/parser.test.ts:3:33 - error TS2305: Module '"../utils/vm-test-utils"' has no exported member 'vm'.

    3 import { initializeInterpreter, vm } from '../utils/vm-test-utils';
                                      ~~
    src/test/lang/parser.test.ts:20:7 - error TS2554: Expected 2 arguments, but got 1.

    20       parse(new Tokenizer('42 -3.14 +5'));
             ~~~~~

      src/lang/parser.ts:42:31
        42 export function parse(vm: VM, tokenizer: Tokenizer): void {
                                         ~~~~~~~~~~~~~~~~~~~~
        An argument for 'tokenizer' was not provided.
    src/test/lang/parser.test.ts:31:7 - error TS2554: Expected 2 arguments, but got 1.

    31       parse(new Tokenizer('dup drop swap add sub'));
             ~~~~~

      src/lang/parser.ts:42:31
        42 export function parse(vm: VM, tokenizer: Tokenizer): void {
                                         ~~~~~~~~~~~~~~~~~~~~
        An argument for 'tokenizer' was not provided.
    src/test/lang/parser.test.ts:41:7 - error TS2554: Expected 2 arguments, but got 1.

    41       parse(new Tokenizer('10 dup mul 5 add'));
             ~~~~~

      src/lang/parser.ts:42:31
        42 export function parse(vm: VM, tokenizer: Tokenizer): void {
                                         ~~~~~~~~~~~~~~~~~~~~
        An argument for 'tokenizer' was not provided.
    src/test/lang/parser.test.ts:53:7 - error TS2554: Expected 2 arguments, but got 1.

    53       parse(new Tokenizer(''));
             ~~~~~

      src/lang/parser.ts:42:31
        42 export function parse(vm: VM, tokenizer: Tokenizer): void {
                                         ~~~~~~~~~~~~~~~~~~~~
        An argument for 'tokenizer' was not provided.
    src/test/lang/parser.test.ts:61:7 - error TS2554: Expected 2 arguments, but got 1.

    61       parse(new Tokenizer(': double dup add ;'));
             ~~~~~

      src/lang/parser.ts:42:31
        42 export function parse(vm: VM, tokenizer: Tokenizer): void {
                                         ~~~~~~~~~~~~~~~~~~~~
        An argument for 'tokenizer' was not provided.
    src/test/lang/parser.test.ts:73:7 - error TS2554: Expected 2 arguments, but got 1.

    73       parse(new Tokenizer(': plus2 2 add ;'));
             ~~~~~

      src/lang/parser.ts:42:31
        42 export function parse(vm: VM, tokenizer: Tokenizer): void {
                                         ~~~~~~~~~~~~~~~~~~~~
        An argument for 'tokenizer' was not provided.
    src/test/lang/parser.test.ts:77:7 - error TS2554: Expected 2 arguments, but got 1.

    77       parse(new Tokenizer(': 123 dup mul ;'));
             ~~~~~

      src/lang/parser.ts:42:31
        42 export function parse(vm: VM, tokenizer: Tokenizer): void {
                                         ~~~~~~~~~~~~~~~~~~~~
        An argument for 'tokenizer' was not provided.
    src/test/lang/parser.test.ts:81:7 - error TS2554: Expected 2 arguments, but got 1.

    81       parse(new Tokenizer(': empty ;'));
             ~~~~~

      src/lang/parser.ts:42:31
        42 export function parse(vm: VM, tokenizer: Tokenizer): void {
                                         ~~~~~~~~~~~~~~~~~~~~
        An argument for 'tokenizer' was not provided.
    src/test/lang/parser.test.ts:91:20 - error TS2554: Expected 2 arguments, but got 1.

    91       expect(() => parse(new Tokenizer(': square dup mul'))).toThrow(
                          ~~~~~

      src/lang/parser.ts:42:31
        42 export function parse(vm: VM, tokenizer: Tokenizer): void {
                                         ~~~~~~~~~~~~~~~~~~~~
        An argument for 'tokenizer' was not provided.
    src/test/lang/parser.test.ts:96:20 - error TS2554: Expected 2 arguments, but got 1.

    96       expect(() => parse(new Tokenizer('10 ;'))).toThrow('Unexpected semicolon');
                          ~~~~~

      src/lang/parser.ts:42:31
        42 export function parse(vm: VM, tokenizer: Tokenizer): void {
                                         ~~~~~~~~~~~~~~~~~~~~
        An argument for 'tokenizer' was not provided.
    src/test/lang/parser.test.ts:99:20 - error TS2554: Expected 2 arguments, but got 1.

    99       expect(() => parse(new Tokenizer(': outer : inner ; ;'))).toThrow(
                          ~~~~~

      src/lang/parser.ts:42:31
        42 export function parse(vm: VM, tokenizer: Tokenizer): void {
                                         ~~~~~~~~~~~~~~~~~~~~
        An argument for 'tokenizer' was not provided.
    src/test/lang/parser.test.ts:107:7 - error TS2554: Expected 2 arguments, but got 1.

    107       parse(new Tokenizer(': double dup add ; : triple dup dup add add ;'));
              ~~~~~

      src/lang/parser.ts:42:31
        42 export function parse(vm: VM, tokenizer: Tokenizer): void {
                                         ~~~~~~~~~~~~~~~~~~~~
        An argument for 'tokenizer' was not provided.
    src/test/lang/parser.test.ts:112:7 - error TS2554: Expected 2 arguments, but got 1.

    112       parse(new Tokenizer(': double dup add ; : quadruple double double ;'));
              ~~~~~

      src/lang/parser.ts:42:31
        42 export function parse(vm: VM, tokenizer: Tokenizer): void {
                                         ~~~~~~~~~~~~~~~~~~~~
        An argument for 'tokenizer' was not provided.
    src/test/lang/parser.test.ts:120:20 - error TS2554: Expected 2 arguments, but got 1.

    120       expect(() => parse(new Tokenizer(': test 1 add'))).toThrow('Unclosed definition for test');
                           ~~~~~

      src/lang/parser.ts:42:31
        42 export function parse(vm: VM, tokenizer: Tokenizer): void {
                                         ~~~~~~~~~~~~~~~~~~~~
        An argument for 'tokenizer' was not provided.
    src/test/lang/parser.test.ts:121:20 - error TS2554: Expected 2 arguments, but got 1.

    121       expect(() => parse(new Tokenizer(':'))).toThrow('Expected word name after :');
                           ~~~~~

      src/lang/parser.ts:42:31
        42 export function parse(vm: VM, tokenizer: Tokenizer): void {
                                         ~~~~~~~~~~~~~~~~~~~~
        An argument for 'tokenizer' was not provided.
    src/test/lang/parser.test.ts:124:20 - error TS2554: Expected 2 arguments, but got 1.

    124       expect(() => parse(new Tokenizer('"unterminated string'))).toThrow('Unterminated string');
                           ~~~~~

      src/lang/parser.ts:42:31
        42 export function parse(vm: VM, tokenizer: Tokenizer): void {
                                         ~~~~~~~~~~~~~~~~~~~~
        An argument for 'tokenizer' was not provided.
    src/test/lang/parser.test.ts:127:20 - error TS2554: Expected 2 arguments, but got 1.

    127       expect(() => parse(new Tokenizer('unknown_word'))).toThrow('Undefined word: unknown_word');
                           ~~~~~

      src/lang/parser.ts:42:31
        42 export function parse(vm: VM, tokenizer: Tokenizer): void {
                                         ~~~~~~~~~~~~~~~~~~~~
        An argument for 'tokenizer' was not provided.
    src/test/lang/parser.test.ts:136:7 - error TS2554: Expected 2 arguments, but got 1.

    136       parse(new Tokenizer(': double dup add ;'));
              ~~~~~

      src/lang/parser.ts:42:31
        42 export function parse(vm: VM, tokenizer: Tokenizer): void {
                                         ~~~~~~~~~~~~~~~~~~~~
        An argument for 'tokenizer' was not provided.
    src/test/lang/parser.test.ts:140:7 - error TS2554: Expected 2 arguments, but got 1.

    140       parse(new Tokenizer(': double dup add ; : square dup mul ;'));
              ~~~~~

      src/lang/parser.ts:42:31
        42 export function parse(vm: VM, tokenizer: Tokenizer): void {
                                         ~~~~~~~~~~~~~~~~~~~~
        An argument for 'tokenizer' was not provided.
    src/test/lang/parser.test.ts:145:7 - error TS2554: Expected 2 arguments, but got 1.

    145       parse(new Tokenizer(': x2 2 mul ;'));
              ~~~~~

      src/lang/parser.ts:42:31
        42 export function parse(vm: VM, tokenizer: Tokenizer): void {
                                         ~~~~~~~~~~~~~~~~~~~~
        An argument for 'tokenizer' was not provided.
    src/test/lang/parser.test.ts:148:9 - error TS2554: Expected 2 arguments, but got 1.

    148         parse(new Tokenizer(': 2times 2 mul ;'));
                ~~~~~

      src/lang/parser.ts:42:31
        42 export function parse(vm: VM, tokenizer: Tokenizer): void {
                                         ~~~~~~~~~~~~~~~~~~~~
        An argument for 'tokenizer' was not provided.
    src/test/lang/parser.test.ts:155:7 - error TS2554: Expected 2 arguments, but got 1.

    155       parse(new Tokenizer(': double? dup 0 gt ;'));
              ~~~~~

      src/lang/parser.ts:42:31
        42 export function parse(vm: VM, tokenizer: Tokenizer): void {
                                         ~~~~~~~~~~~~~~~~~~~~
        An argument for 'tokenizer' was not provided.
    src/test/lang/parser.test.ts:165:7 - error TS2554: Expected 2 arguments, but got 1.

    165       parse(new Tokenizer('123'));
              ~~~~~

      src/lang/parser.ts:42:31
        42 export function parse(vm: VM, tokenizer: Tokenizer): void {
                                         ~~~~~~~~~~~~~~~~~~~~
        An argument for 'tokenizer' was not provided.
    src/test/lang/parser.test.ts:170:7 - error TS2554: Expected 2 arguments, but got 1.

    170       parse(new Tokenizer('-42'));
              ~~~~~

      src/lang/parser.ts:42:31
        42 export function parse(vm: VM, tokenizer: Tokenizer): void {
                                         ~~~~~~~~~~~~~~~~~~~~
        An argument for 'tokenizer' was not provided.
    src/test/lang/parser.test.ts:175:7 - error TS2554: Expected 2 arguments, but got 1.

    175       parse(new Tokenizer('3.14159'));
              ~~~~~

      src/lang/parser.ts:42:31
        42 export function parse(vm: VM, tokenizer: Tokenizer): void {
                                         ~~~~~~~~~~~~~~~~~~~~
        An argument for 'tokenizer' was not provided.
    src/test/lang/parser.test.ts:180:7 - error TS2554: Expected 2 arguments, but got 1.

    180       parse(new Tokenizer('1 2 3'));
              ~~~~~

      src/lang/parser.ts:42:31
        42 export function parse(vm: VM, tokenizer: Tokenizer): void {
                                         ~~~~~~~~~~~~~~~~~~~~
        An argument for 'tokenizer' was not provided.
    src/test/lang/parser.test.ts:191:7 - error TS2554: Expected 2 arguments, but got 1.

    191       parse(new Tokenizer('1 2 \\ This is a comment\n3'));
              ~~~~~

      src/lang/parser.ts:42:31
        42 export function parse(vm: VM, tokenizer: Tokenizer): void {
                                         ~~~~~~~~~~~~~~~~~~~~
        An argument for 'tokenizer' was not provided.
    src/test/lang/parser.test.ts:195:7 - error TS2554: Expected 2 arguments, but got 1.

    195       parse(new Tokenizer('1 2 \\ comment\n3 4 \\ another comment'));
              ~~~~~

      src/lang/parser.ts:42:31
        42 export function parse(vm: VM, tokenizer: Tokenizer): void {
                                         ~~~~~~~~~~~~~~~~~~~~
        An argument for 'tokenizer' was not provided.
    src/test/lang/parser.test.ts:199:7 - error TS2554: Expected 2 arguments, but got 1.

    199       parse(new Tokenizer('1\n\n2\n\n3'));
              ~~~~~

      src/lang/parser.ts:42:31
        42 export function parse(vm: VM, tokenizer: Tokenizer): void {
                                         ~~~~~~~~~~~~~~~~~~~~
        An argument for 'tokenizer' was not provided.
    src/test/lang/parser.test.ts:203:7 - error TS2554: Expected 2 arguments, but got 1.

    203       parse(new Tokenizer('   1   2   3   '));
              ~~~~~

      src/lang/parser.ts:42:31
        42 export function parse(vm: VM, tokenizer: Tokenizer): void {
                                         ~~~~~~~~~~~~~~~~~~~~
        An argument for 'tokenizer' was not provided.
    src/test/lang/parser.test.ts:213:20 - error TS2554: Expected 2 arguments, but got 1.

    213       expect(() => parse(new Tokenizer('"hello"'))).not.toThrow();
                           ~~~~~

      src/lang/parser.ts:42:31
        42 export function parse(vm: VM, tokenizer: Tokenizer): void {
                                         ~~~~~~~~~~~~~~~~~~~~
        An argument for 'tokenizer' was not provided.
    src/test/lang/parser.test.ts:216:20 - error TS2554: Expected 2 arguments, but got 1.

    216       expect(() => parse(new Tokenizer('""'))).not.toThrow();
                           ~~~~~

      src/lang/parser.ts:42:31
        42 export function parse(vm: VM, tokenizer: Tokenizer): void {
                                         ~~~~~~~~~~~~~~~~~~~~
        An argument for 'tokenizer' was not provided.
    src/test/lang/parser.test.ts:219:20 - error TS2554: Expected 2 arguments, but got 1.

    219       expect(() => parse(new Tokenizer('"hello\\nworld"'))).not.toThrow();
                           ~~~~~

      src/lang/parser.ts:42:31
        42 export function parse(vm: VM, tokenizer: Tokenizer): void {
                                         ~~~~~~~~~~~~~~~~~~~~
        An argument for 'tokenizer' was not provided.
    src/test/lang/parser.test.ts:222:20 - error TS2554: Expected 2 arguments, but got 1.

    222       expect(() => parse(new Tokenizer('"special-chars"'))).not.toThrow();
                           ~~~~~

      src/lang/parser.ts:42:31
        42 export function parse(vm: VM, tokenizer: Tokenizer): void {
                                         ~~~~~~~~~~~~~~~~~~~~
        An argument for 'tokenizer' was not provided.

 FAIL  src/test/lang/parser-redefinition.test.ts
  ● Test suite failed to run

    src/test/lang/parser-redefinition.test.ts:2:10 - error TS2305: Module '"../utils/vm-test-utils"' has no exported member 'resetVM'.

    2 import { resetVM } from '../utils/vm-test-utils';
               ~~~~~~~
    src/test/lang/parser-redefinition.test.ts:24:37 - error TS2554: Expected 2 arguments, but got 1.

    24     const out = captureOutput(() => executeProgram(': x 123 . ; x : x x x ; x'));
                                           ~~~~~~~~~~~~~~

      src/lang/interpreter.ts:94:40
        94 export function executeProgram(vm: VM, code: string): void {
                                                  ~~~~~~~~~~~~
        An argument for 'code' was not provided.

 FAIL  src/test/lang/parser-list.test.ts
  ● Test suite failed to run

    src/test/lang/parser-list.test.ts:2:10 - error TS2305: Module '"../utils/vm-test-utils"' has no exported member 'initializeInterpreter'.

    2 import { initializeInterpreter, vm } from '../utils/vm-test-utils';
               ~~~~~~~~~~~~~~~~~~~~~
    src/test/lang/parser-list.test.ts:2:33 - error TS2305: Module '"../utils/vm-test-utils"' has no exported member 'vm'.

    2 import { initializeInterpreter, vm } from '../utils/vm-test-utils';
                                      ~~
    src/test/lang/parser-list.test.ts:19:5 - error TS2554: Expected 2 arguments, but got 1.

    19     executeProgram('( 1 2 3 )');
           ~~~~~~~~~~~~~~

      src/lang/interpreter.ts:94:40
        94 export function executeProgram(vm: VM, code: string): void {
                                                  ~~~~~~~~~~~~
        An argument for 'code' was not provided.
    src/test/lang/parser-list.test.ts:28:5 - error TS2554: Expected 2 arguments, but got 1.

    28     executeProgram('( 1 ( 2 3 ) 4 )');
           ~~~~~~~~~~~~~~

      src/lang/interpreter.ts:94:40
        94 export function executeProgram(vm: VM, code: string): void {
                                                  ~~~~~~~~~~~~
        An argument for 'code' was not provided.
    src/test/lang/parser-list.test.ts:36:18 - error TS2554: Expected 2 arguments, but got 1.

    36     expect(() => parse(new Tokenizer(')'))).toThrow();
                        ~~~~~

      src/lang/parser.ts:42:31
        42 export function parse(vm: VM, tokenizer: Tokenizer): void {
                                         ~~~~~~~~~~~~~~~~~~~~
        An argument for 'tokenizer' was not provided.
    src/test/lang/parser-list.test.ts:40:18 - error TS2554: Expected 2 arguments, but got 1.

    40     expect(() => parse(new Tokenizer('( 1 2 3'))).toThrow();
                        ~~~~~

      src/lang/parser.ts:42:31
        42 export function parse(vm: VM, tokenizer: Tokenizer): void {
                                         ~~~~~~~~~~~~~~~~~~~~
        An argument for 'tokenizer' was not provided.

 FAIL  src/test/lang/interpreter-coverage.test.ts
  ● Test suite failed to run

    src/test/lang/interpreter-coverage.test.ts:6:10 - error TS2305: Module '"../utils/vm-test-utils"' has no exported member 'vm'.

    6 import { vm, initializeInterpreter } from '../utils/vm-test-utils';
               ~~
    src/test/lang/interpreter-coverage.test.ts:6:14 - error TS2305: Module '"../utils/vm-test-utils"' has no exported member 'initializeInterpreter'.

    6 import { vm, initializeInterpreter } from '../utils/vm-test-utils';
                   ~~~~~~~~~~~~~~~~~~~~~
    src/test/lang/interpreter-coverage.test.ts:22:7 - error TS2554: Expected 2 arguments, but got 1.

    22       executeProgram('5 3 add');
             ~~~~~~~~~~~~~~

      src/lang/interpreter.ts:94:40
        94 export function executeProgram(vm: VM, code: string): void {
                                                  ~~~~~~~~~~~~
        An argument for 'code' was not provided.
    src/test/lang/interpreter-coverage.test.ts:35:9 - error TS2554: Expected 2 arguments, but got 1.

    35         executeProgram('drop');
               ~~~~~~~~~~~~~~

      src/lang/interpreter.ts:94:40
        94 export function executeProgram(vm: VM, code: string): void {
                                                  ~~~~~~~~~~~~
        An argument for 'code' was not provided.
    src/test/lang/interpreter-coverage.test.ts:53:9 - error TS2554: Expected 2 arguments, but got 1.

    53         execute(codeAddr);
               ~~~~~~~

      src/lang/interpreter.ts:43:33
        43 export function execute(vm: VM, start: number): void {
                                           ~~~~~~~~~~~~~
        An argument for 'start' was not provided.
    src/test/lang/interpreter-coverage.test.ts:64:9 - error TS2554: Expected 2 arguments, but got 1.

    64         executeProgram('drop');
               ~~~~~~~~~~~~~~

      src/lang/interpreter.ts:94:40
        94 export function executeProgram(vm: VM, code: string): void {
                                                  ~~~~~~~~~~~~
        An argument for 'code' was not provided.
    src/test/lang/interpreter-coverage.test.ts:79:20 - error TS2554: Expected 2 arguments, but got 1.

    79       expect(() => executeProgram('')).not.toThrow();
                          ~~~~~~~~~~~~~~

      src/lang/interpreter.ts:94:40
        94 export function executeProgram(vm: VM, code: string): void {
                                                  ~~~~~~~~~~~~
        An argument for 'code' was not provided.
    src/test/lang/interpreter-coverage.test.ts:83:20 - error TS2554: Expected 2 arguments, but got 1.

    83       expect(() => executeProgram('   \n\t  ')).not.toThrow();
                          ~~~~~~~~~~~~~~

      src/lang/interpreter.ts:94:40
        94 export function executeProgram(vm: VM, code: string): void {
                                                  ~~~~~~~~~~~~
        An argument for 'code' was not provided.

 FAIL  src/test/lang/list-compilation.test.ts
  ● Test suite failed to run

    src/test/lang/list-compilation.test.ts:3:10 - error TS2305: Module '"../utils/vm-test-utils"' has no exported member 'initializeInterpreter'.

    3 import { initializeInterpreter, vm } from '../utils/vm-test-utils';
               ~~~~~~~~~~~~~~~~~~~~~
    src/test/lang/list-compilation.test.ts:3:33 - error TS2305: Module '"../utils/vm-test-utils"' has no exported member 'vm'.

    3 import { initializeInterpreter, vm } from '../utils/vm-test-utils';
                                      ~~
    src/test/lang/list-compilation.test.ts:24:5 - error TS2554: Expected 2 arguments, but got 1.

    24     parse(new Tokenizer('( 1 2 3 )'));
           ~~~~~

      src/lang/parser.ts:42:31
        42 export function parse(vm: VM, tokenizer: Tokenizer): void {
                                         ~~~~~~~~~~~~~~~~~~~~
        An argument for 'tokenizer' was not provided.
    src/test/lang/list-compilation.test.ts:48:5 - error TS2554: Expected 2 arguments, but got 1.

    48     parse(new Tokenizer('( 1 ( 2 3 ) 4 )'));
           ~~~~~

      src/lang/parser.ts:42:31
        42 export function parse(vm: VM, tokenizer: Tokenizer): void {
                                         ~~~~~~~~~~~~~~~~~~~~
        An argument for 'tokenizer' was not provided.

 FAIL  src/test/lang/conditionals-immediate.test.ts
  ● Test suite failed to run

    src/test/lang/conditionals-immediate.test.ts:4:10 - error TS2305: Module '"../utils/vm-test-utils"' has no exported member 'vm'.

    4 import { vm } from '../utils/vm-test-utils';
               ~~
    src/test/lang/conditionals-immediate.test.ts:10:10 - error TS2305: Module '"../utils/vm-test-utils"' has no exported member 'resetVM'.

    10 import { resetVM, verifyTaggedValue } from '../utils/vm-test-utils';
                ~~~~~~~

m FAIL  src/test/lang/compiler.test.ts
  ● Test suite failed to run

    src/test/lang/compiler.test.ts:2:10 - error TS2305: Module '"../utils/vm-test-utils"' has no exported member 'initializeInterpreter'.

    2 import { initializeInterpreter, vm } from '../utils/vm-test-utils';
               ~~~~~~~~~~~~~~~~~~~~~
    src/test/lang/compiler.test.ts:2:33 - error TS2305: Module '"../utils/vm-test-utils"' has no exported member 'vm'.

    2 import { initializeInterpreter, vm } from '../utils/vm-test-utils';
                                      ~~

 FAIL  src/test/lang/compiler-coverage.test.ts
  ● Test suite failed to run

    src/test/lang/compiler-coverage.test.ts:6:10 - error TS2305: Module '"../utils/vm-test-utils"' has no exported member 'vm'.

    6 import { vm, initializeInterpreter } from '../utils/vm-test-utils';
               ~~
    src/test/lang/compiler-coverage.test.ts:6:14 - error TS2305: Module '"../utils/vm-test-utils"' has no exported member 'initializeInterpreter'.

    6 import { vm, initializeInterpreter } from '../utils/vm-test-utils';
                   ~~~~~~~~~~~~~~~~~~~~~

 FAIL  src/test/lang/case-immediate.test.ts
  ● Test suite failed to run

    src/test/lang/case-immediate.test.ts:4:10 - error TS2305: Module '"../utils/vm-test-utils"' has no exported member 'vm'.

    4 import { vm } from '../utils/vm-test-utils';
               ~~
    src/test/lang/case-immediate.test.ts:17:10 - error TS2305: Module '"../utils/vm-test-utils"' has no exported member 'resetVM'.

    17 import { resetVM } from '../utils/vm-test-utils';
                ~~~~~~~

 FAIL  src/test/lang/case-corruption-branch.test.ts
  ● Test suite failed to run

    src/test/lang/case-corruption-branch.test.ts:1:10 - error TS2305: Module '"../utils/vm-test-utils"' has no exported member 'vm'.

    1 import { vm } from '../utils/vm-test-utils';
               ~~
    src/test/lang/case-corruption-branch.test.ts:2:10 - error TS2305: Module '"../utils/vm-test-utils"' has no exported member 'resetVM'.

    2 import { resetVM } from '../utils/vm-test-utils';
               ~~~~~~~

 FAIL  src/test/strings/dictionary-payloads.test.ts
  ● Test suite failed to run

    src/test/strings/dictionary-payloads.test.ts:2:10 - error TS2305: Module '"../utils/vm-test-utils"' has no exported member 'resetVM'.

    2 import { resetVM } from '../utils/vm-test-utils';
               ~~~~~~~
    src/test/strings/dictionary-payloads.test.ts:3:10 - error TS2305: Module '"../utils/vm-test-utils"' has no exported member 'vm'.

    3 import { vm } from '../utils/vm-test-utils';
               ~~

 FAIL  src/test/strings/dictionary-builtins.test.ts
  ● Test suite failed to run

    src/test/strings/dictionary-builtins.test.ts:2:10 - error TS2305: Module '"../utils/vm-test-utils"' has no exported member 'resetVM'.

    2 import { resetVM } from '../utils/vm-test-utils';
               ~~~~~~~
    src/test/strings/dictionary-builtins.test.ts:3:10 - error TS2305: Module '"../utils/vm-test-utils"' has no exported member 'vm'.

    3 import { vm } from '../utils/vm-test-utils';
               ~~

 FAIL  src/test/core/vm-stack-operations.test.ts
  ● Test suite failed to run

    src/test/core/vm-stack-operations.test.ts:9:10 - error TS2305: Module '"../utils/vm-test-utils"' has no exported member 'initializeInterpreter'.

    9 import { initializeInterpreter, vm } from '../utils/vm-test-utils';
               ~~~~~~~~~~~~~~~~~~~~~
    src/test/core/vm-stack-operations.test.ts:9:33 - error TS2305: Module '"../utils/vm-test-utils"' has no exported member 'vm'.

    9 import { initializeInterpreter, vm } from '../utils/vm-test-utils';
                                      ~~

 FAIL  src/test/core/vm-unified-dispatch.test.ts
  ● Test suite failed to run

    src/test/core/vm-unified-dispatch.test.ts:9:10 - error TS2305: Module '"../utils/vm-test-utils"' has no exported member 'vm'.

    9 import { vm } from '../utils/vm-test-utils';
               ~~
    src/test/core/vm-unified-dispatch.test.ts:11:10 - error TS2305: Module '"../utils/vm-test-utils"' has no exported member 'resetVM'.

    11 import { resetVM } from '../utils/vm-test-utils';
                ~~~~~~~

 FAIL  src/test/core/vm-symbol-resolution.test.ts
  ● Test suite failed to run

    src/test/core/vm-symbol-resolution.test.ts:9:10 - error TS2305: Module '"../utils/vm-test-utils"' has no exported member 'vm'.

    9 import { vm } from '../utils/vm-test-utils';
               ~~
    src/test/core/vm-symbol-resolution.test.ts:11:10 - error TS2305: Module '"../utils/vm-test-utils"' has no exported member 'resetVM'.

    11 import { resetVM } from '../utils/vm-test-utils';
                ~~~~~~~

 FAIL  src/test/core/vm-push-symbol-ref.test.ts
  ● Test suite failed to run

    src/test/core/vm-push-symbol-ref.test.ts:8:10 - error TS2305: Module '"../utils/vm-test-utils"' has no exported member 'resetVM'.

    8 import { resetVM } from '../utils/vm-test-utils';
               ~~~~~~~
    src/test/core/vm-push-symbol-ref.test.ts:9:10 - error TS2305: Module '"../utils/vm-test-utils"' has no exported member 'vm'.

    9 import { vm } from '../utils/vm-test-utils';
               ~~

 FAIL  src/test/core/vm-ip-operations.test.ts
  ● Test suite failed to run

    src/test/core/vm-ip-operations.test.ts:4:10 - error TS2305: Module '"../utils/vm-test-utils"' has no exported member 'initializeInterpreter'.

    4 import { initializeInterpreter, vm } from '../utils/vm-test-utils';
               ~~~~~~~~~~~~~~~~~~~~~
    src/test/core/vm-ip-operations.test.ts:4:33 - error TS2305: Module '"../utils/vm-test-utils"' has no exported member 'vm'.

    4 import { initializeInterpreter, vm } from '../utils/vm-test-utils';
                                      ~~

 FAIL  src/test/core/vm-comprehensive-testing.test.ts
  ● Test suite failed to run

    src/test/core/vm-comprehensive-testing.test.ts:18:10 - error TS2305: Module '"../utils/vm-test-utils"' has no exported member 'resetVM'.

    18 import { resetVM } from '../utils/vm-test-utils';
                ~~~~~~~
    src/test/core/vm-comprehensive-testing.test.ts:19:10 - error TS2305: Module '"../utils/vm-test-utils"' has no exported member 'vm'.

    19 import { vm } from '../utils/vm-test-utils';
                ~~

 FAIL  src/test/core/vm-abs-registers.test.ts
  ● Test suite failed to run

    src/test/core/vm-abs-registers.test.ts:3:10 - error TS2305: Module '"../utils/vm-test-utils"' has no exported member 'vm'.

    3 import { vm } from '../utils/vm-test-utils';
               ~~
    src/test/core/vm-abs-registers.test.ts:4:10 - error TS2305: Module '"../utils/vm-test-utils"' has no exported member 'resetVM'.

    4 import { resetVM } from '../utils/vm-test-utils';
               ~~~~~~~

 FAIL  src/test/core/unified-data-ref.test.ts
  ● Test suite failed to run

    src/test/core/unified-data-ref.test.ts:21:10 - error TS2305: Module '"../utils/vm-test-utils"' has no exported member 'initializeInterpreter'.

    21 import { initializeInterpreter, vm } from '../utils/vm-test-utils';
                ~~~~~~~~~~~~~~~~~~~~~
    src/test/core/unified-data-ref.test.ts:21:33 - error TS2305: Module '"../utils/vm-test-utils"' has no exported member 'vm'.

    21 import { initializeInterpreter, vm } from '../utils/vm-test-utils';
                                       ~~

 FAIL  src/test/core/tagged-value-roundtrip.test.ts
  ● Test suite failed to run

    src/test/core/tagged-value-roundtrip.test.ts:4:10 - error TS2305: Module '"../utils/vm-test-utils"' has no exported member 'resetVM'.

    4 import { resetVM } from '../utils/vm-test-utils';
               ~~~~~~~
    src/test/core/tagged-value-roundtrip.test.ts:5:10 - error TS2305: Module '"../utils/vm-test-utils"' has no exported member 'vm'.

    5 import { vm } from '../utils/vm-test-utils';
               ~~

 FAIL  src/test/core/reference-formatting.test.ts
  ● Test suite failed to run

    src/test/core/reference-formatting.test.ts:20:9 - error TS2554: Expected 2 arguments, but got 3.

    20         `
               ~
    21         : test-local-ref (1 2 3) var x x . ;
       ~~~~~~~~~~~~~~~~~~~~~~~~~~~~~~~~~~~~~~~~~~~~
    22         test-local-ref
       ~~~~~~~~~~~~~~~~~~~~~~
    23       `,
       ~~~~~~~
    src/test/core/reference-formatting.test.ts:57:9 - error TS2554: Expected 2 arguments, but got 3.

    57         `
               ~
    58         : test-simple-ref 42 var x x . ;
       ~~~~~~~~~~~~~~~~~~~~~~~~~~~~~~~~~~~~~~~~
    59         test-simple-ref
       ~~~~~~~~~~~~~~~~~~~~~~~
    60       `,
       ~~~~~~~

 FAIL  src/test/core/memory-segdata.test.ts
  ● Test suite failed to run

    src/test/core/memory-segdata.test.ts:2:10 - error TS2305: Module '"../utils/vm-test-utils"' has no exported member 'vm'.

    2 import { vm } from '../utils/vm-test-utils';
               ~~
    src/test/core/memory-segdata.test.ts:3:10 - error TS2305: Module '"../utils/vm-test-utils"' has no exported member 'resetVM'.

    3 import { resetVM } from '../utils/vm-test-utils';
               ~~~~~~~

 FAIL  src/test/core/list.coverage.test.ts
  ● Test suite failed to run

    src/test/core/list.coverage.test.ts:1:10 - error TS2305: Module '"../utils/vm-test-utils"' has no exported member 'initializeInterpreter'.

    1 import { initializeInterpreter, vm } from '../utils/vm-test-utils';
               ~~~~~~~~~~~~~~~~~~~~~
    src/test/core/list.coverage.test.ts:1:33 - error TS2305: Module '"../utils/vm-test-utils"' has no exported member 'vm'.

    1 import { initializeInterpreter, vm } from '../utils/vm-test-utils';
                                      ~~

 FAIL  src/test/core/list-memory.test.ts
  ● Test suite failed to run

    src/lang/meta/definitions.ts:3:10 - error TS2459: Module '"../runtime"' declares 'vm' locally, but it is not exported.

    3 import { vm } from '../runtime';
               ~~

      src/lang/runtime.ts:15:5
        15 let vm: VM;
               ~~
        'vm' is declared here.

 FAIL  src/test/core/format-utils.test.ts
  ● Test suite failed to run

    src/test/core/format-utils.test.ts:2:10 - error TS2305: Module '"../utils/vm-test-utils"' has no exported member 'initializeInterpreter'.

    2 import { initializeInterpreter, vm } from '../utils/vm-test-utils';
               ~~~~~~~~~~~~~~~~~~~~~
    src/test/core/format-utils.test.ts:2:33 - error TS2305: Module '"../utils/vm-test-utils"' has no exported member 'vm'.

    2 import { initializeInterpreter, vm } from '../utils/vm-test-utils';
                                      ~~

 FAIL  src/test/core/format-utils.coverage.test.ts
  ● Test suite failed to run

    src/test/core/format-utils.coverage.test.ts:1:10 - error TS2305: Module '"../utils/vm-test-utils"' has no exported member 'initializeInterpreter'.

    1 import { initializeInterpreter, vm } from '../utils/vm-test-utils';
               ~~~~~~~~~~~~~~~~~~~~~
    src/test/core/format-utils.coverage.test.ts:1:33 - error TS2305: Module '"../utils/vm-test-utils"' has no exported member 'vm'.

    1 import { initializeInterpreter, vm } from '../utils/vm-test-utils';
                                      ~~

 FAIL  src/test/integration/symbol-table-integration.test.ts
  ● Test suite failed to run

    src/test/integration/symbol-table-integration.test.ts:17:10 - error TS2305: Module '"../utils/vm-test-utils"' has no exported member 'vm'.

    17 import { vm } from '../utils/vm-test-utils';
                ~~
    src/test/integration/symbol-table-integration.test.ts:19:10 - error TS2305: Module '"../utils/vm-test-utils"' has no exported member 'resetVM'.

    19 import { resetVM } from '../utils/vm-test-utils';
                ~~~~~~~


Test Suites: 144 failed, 3 passed, 147 total
Tests:       5 failed, 20 passed, 25 total
Snapshots:   0 total
Time:        32.397 s
Ran all test suites matching /\/Users\/johnhardy\/Documents\/projects\/ts-tacitus\/src\/test/i.
error Command failed with exit code 1.
info Visit https://yarnpkg.com/en/docs/cli/run for documentation about this command.
